error: 
    status - 500 
    message - Error: User validation failed
    at new MongooseError (D:\Book_Store_App\Book-Store\node_modules\mongoose\lib\error\mongooseError.js:7:1)
    at new ValidationError (D:\Book_Store_App\Book-Store\node_modules\mongoose\lib\error\validation.js:27:5)
    at model.Document.invalidate (D:\Book_Store_App\Book-Store\node_modules\mongoose\lib\document.js:2782:32)
    at model.$set (D:\Book_Store_App\Book-Store\node_modules\mongoose\lib\document.js:1349:12)
    at model.$set (D:\Book_Store_App\Book-Store\node_modules\mongoose\lib\document.js:1058:16)
    at model.Document (D:\Book_Store_App\Book-Store\node_modules\mongoose\lib\document.js:148:12)
    at model.Model (D:\Book_Store_App\Book-Store\node_modules\mongoose\lib\model.js:106:12)
    at new model (D:\Book_Store_App\Book-Store\node_modules\mongoose\lib\model.js:4911:15) 
    url - /api/v1/users/user_registration 
    method - POST 
    IP - ::1
   {"timestamp":"2022-01-24T11:16:18.806Z"}
error: 
      status - 11000
      message - E11000 duplicate key error collection: Book_Store.users index: Email_1 dup key: { Email: "vishgirase@gmail.com" } 
      url - /api/v1/users/user_registration 
      method - POST 
      IP - ::1
     {"timestamp":"2022-01-24T11:17:31.889Z"}
error: 
    status - 500 
    message - RangeError [ERR_HTTP_INVALID_STATUS_CODE]: Invalid status code: 11000
    at ServerResponse.writeHead (_http_server.js:259:11)
    at ServerResponse.writeHead (D:\Book_Store_App\Book-Store\node_modules\on-headers\index.js:44:26)
    at ServerResponse._implicitHeader (_http_server.js:250:8)
    at write_ (_http_outgoing.js:711:9)
    at ServerResponse.end (_http_outgoing.js:825:5)
    at ServerResponse.send (D:\Book_Store_App\Book-Store\node_modules\express\lib\response.js:221:10)
    at ServerResponse.json (D:\Book_Store_App\Book-Store\node_modules\express\lib\response.js:267:15)
    at appErrorHandler (D:\Book_Store_App\Book-Store\src\middlewares\/error.middleware.js:36:26)
    at Layer.handle_error (D:\Book_Store_App\Book-Store\node_modules\express\lib\router\layer.js:71:5)
    at trim_prefix (D:\Book_Store_App\Book-Store\node_modules\express\lib\router\index.js:321:13) 
    url - /api/v1/users/user_registration 
    method - POST 
    IP - ::1
   {"timestamp":"2022-01-24T11:17:31.898Z"}
error: 
      status - 11000
      message - E11000 duplicate key error collection: Book_Store.users index: Email_1 dup key: { Email: "vishgirase@gmail.com" } 
      url - /api/v1/users/user_registration 
      method - POST 
      IP - ::1
     {"timestamp":"2022-01-24T11:17:36.526Z"}
error: 
    status - 500 
    message - RangeError [ERR_HTTP_INVALID_STATUS_CODE]: Invalid status code: 11000
    at ServerResponse.writeHead (_http_server.js:259:11)
    at ServerResponse.writeHead (D:\Book_Store_App\Book-Store\node_modules\on-headers\index.js:44:26)
    at ServerResponse._implicitHeader (_http_server.js:250:8)
    at write_ (_http_outgoing.js:711:9)
    at ServerResponse.end (_http_outgoing.js:825:5)
    at ServerResponse.send (D:\Book_Store_App\Book-Store\node_modules\express\lib\response.js:221:10)
    at ServerResponse.json (D:\Book_Store_App\Book-Store\node_modules\express\lib\response.js:267:15)
    at appErrorHandler (D:\Book_Store_App\Book-Store\src\middlewares\/error.middleware.js:36:26)
    at Layer.handle_error (D:\Book_Store_App\Book-Store\node_modules\express\lib\router\layer.js:71:5)
    at trim_prefix (D:\Book_Store_App\Book-Store\node_modules\express\lib\router\index.js:321:13) 
    url - /api/v1/users/user_registration 
    method - POST 
    IP - ::1
   {"timestamp":"2022-01-24T11:17:36.527Z"}
error: 
    status - 500 
    message - Error: "FirstName" length must be at least 3 characters long
    at new exports.ValidationError (D:\Book_Store_App\Book-Store\node_modules\@hapi\joi\lib\errors.js:246:9)
    at Object.exports.process (D:\Book_Store_App\Book-Store\node_modules\@hapi\joi\lib\errors.js:189:29)
    at Object.internals.entry (D:\Book_Store_App\Book-Store\node_modules\@hapi\joi\lib\validator.js:140:26)
    at Object.exports.entry (D:\Book_Store_App\Book-Store\node_modules\@hapi\joi\lib\validator.js:26:30)
    at internals.Base.validate (D:\Book_Store_App\Book-Store\node_modules\@hapi\joi\lib\base.js:534:26)
    at newUserValidator (D:\Book_Store_App\Book-Store\src\validators\/user.validator.js:11:35)
    at Layer.handle [as handle_request] (D:\Book_Store_App\Book-Store\node_modules\express\lib\router\layer.js:95:5)
    at next (D:\Book_Store_App\Book-Store\node_modules\express\lib\router\route.js:137:13) 
    url - /api/v1/users/user_registration 
    method - POST 
    IP - ::1
   {"timestamp":"2022-01-24T11:22:19.330Z"}
error: 
    status - 500 
    message - Error: "Email" must be a valid email
    at new exports.ValidationError (D:\Book_Store_App\Book-Store\node_modules\@hapi\joi\lib\errors.js:246:9)
    at Object.exports.process (D:\Book_Store_App\Book-Store\node_modules\@hapi\joi\lib\errors.js:189:29)
    at Object.internals.entry (D:\Book_Store_App\Book-Store\node_modules\@hapi\joi\lib\validator.js:140:26)
    at Object.exports.entry (D:\Book_Store_App\Book-Store\node_modules\@hapi\joi\lib\validator.js:26:30)
    at internals.Base.validate (D:\Book_Store_App\Book-Store\node_modules\@hapi\joi\lib\base.js:534:26)
    at newUserValidator (D:\Book_Store_App\Book-Store\src\validators\/user.validator.js:11:35)
    at Layer.handle [as handle_request] (D:\Book_Store_App\Book-Store\node_modules\express\lib\router\layer.js:95:5)
    at next (D:\Book_Store_App\Book-Store\node_modules\express\lib\router\route.js:137:13) 
    url - /api/v1/users/user_registration 
    method - POST 
    IP - ::1
   {"timestamp":"2022-01-24T11:24:39.472Z"}
error: 
    status - 500 
    message - Error: "Role" is not allowed
    at new exports.ValidationError (D:\Book_Store_App\Book-Store\node_modules\@hapi\joi\lib\errors.js:246:9)
    at Object.exports.process (D:\Book_Store_App\Book-Store\node_modules\@hapi\joi\lib\errors.js:189:29)
    at Object.internals.entry (D:\Book_Store_App\Book-Store\node_modules\@hapi\joi\lib\validator.js:140:26)
    at Object.exports.entry (D:\Book_Store_App\Book-Store\node_modules\@hapi\joi\lib\validator.js:26:30)
    at internals.Base.validate (D:\Book_Store_App\Book-Store\node_modules\@hapi\joi\lib\base.js:534:26)
    at newUserValidator (D:\Book_Store_App\Book-Store\src\validators\/user.validator.js:11:35)
    at Layer.handle [as handle_request] (D:\Book_Store_App\Book-Store\node_modules\express\lib\router\layer.js:95:5)
    at next (D:\Book_Store_App\Book-Store\node_modules\express\lib\router\route.js:137:13) 
    url - /api/v1/users/user_registration 
    method - POST 
    IP - ::1
   {"timestamp":"2022-01-24T11:25:07.380Z"}
error: 
      status - 11000
      message - E11000 duplicate key error collection: Book_Store.users index: Email_1 dup key: { Email: "vishgirhhjjdggkkkjjs4@gmail.com" } 
      url - /api/v1/users/admin_registration 
      method - POST 
      IP - ::1
     {"timestamp":"2022-01-24T13:18:08.249Z"}
error: 
    status - 500 
    message - RangeError [ERR_HTTP_INVALID_STATUS_CODE]: Invalid status code: 11000
    at ServerResponse.writeHead (_http_server.js:259:11)
    at ServerResponse.writeHead (D:\Book_Store_App\Book-Store\node_modules\on-headers\index.js:44:26)
    at ServerResponse._implicitHeader (_http_server.js:250:8)
    at write_ (_http_outgoing.js:711:9)
    at ServerResponse.end (_http_outgoing.js:825:5)
    at ServerResponse.send (D:\Book_Store_App\Book-Store\node_modules\express\lib\response.js:221:10)
    at ServerResponse.json (D:\Book_Store_App\Book-Store\node_modules\express\lib\response.js:267:15)
    at appErrorHandler (D:\Book_Store_App\Book-Store\src\middlewares\/error.middleware.js:36:26)
    at Layer.handle_error (D:\Book_Store_App\Book-Store\node_modules\express\lib\router\layer.js:71:5)
    at trim_prefix (D:\Book_Store_App\Book-Store\node_modules\express\lib\router\index.js:321:13) 
    url - /api/v1/users/admin_registration 
    method - POST 
    IP - ::1
   {"timestamp":"2022-01-24T13:18:08.279Z"}
error: 
    status - 500 
    message - Error: User Already Exsist
    at _callee$ (D:\Book_Store_App\Book-Store\src\services\/user.service.js:9:9)
    at tryCatch (D:\Book_Store_App\Book-Store\node_modules\regenerator-runtime\runtime.js:63:40)
    at Generator.invoke [as _invoke] (D:\Book_Store_App\Book-Store\node_modules\regenerator-runtime\runtime.js:294:22)
    at Generator.next (D:\Book_Store_App\Book-Store\node_modules\regenerator-runtime\runtime.js:119:21)
    at asyncGeneratorStep (D:\Book_Store_App\Book-Store\node_modules\@babel\runtime\helpers\asyncToGenerator.js:3:24)
    at _next (D:\Book_Store_App\Book-Store\node_modules\@babel\runtime\helpers\asyncToGenerator.js:25:9)
    at processTicksAndRejections (internal/process/task_queues.js:95:5) 
    url - /api/v1/users/admin_registration 
    method - POST 
    IP - ::1
   {"timestamp":"2022-01-24T13:21:16.293Z"}
error: 
    status - 500 
    message - Error: User Already Exsist
    at _callee$ (D:\Book_Store_App\Book-Store\src\services\/user.service.js:9:9)
    at tryCatch (D:\Book_Store_App\Book-Store\node_modules\regenerator-runtime\runtime.js:63:40)
    at Generator.invoke [as _invoke] (D:\Book_Store_App\Book-Store\node_modules\regenerator-runtime\runtime.js:294:22)
    at Generator.next (D:\Book_Store_App\Book-Store\node_modules\regenerator-runtime\runtime.js:119:21)
    at asyncGeneratorStep (D:\Book_Store_App\Book-Store\node_modules\@babel\runtime\helpers\asyncToGenerator.js:3:24)
    at _next (D:\Book_Store_App\Book-Store\node_modules\@babel\runtime\helpers\asyncToGenerator.js:25:9)
    at processTicksAndRejections (internal/process/task_queues.js:95:5) 
    url - /api/v1/users/user_registration 
    method - POST 
    IP - ::1
   {"timestamp":"2022-01-24T13:21:36.385Z"}
error: 
    status - 500 
    message - Error: User Already Exsist
    at _callee$ (D:\Book_Store_App\Book-Store\src\services\/user.service.js:11:11)
    at tryCatch (D:\Book_Store_App\Book-Store\node_modules\regenerator-runtime\runtime.js:63:40)
    at Generator.invoke [as _invoke] (D:\Book_Store_App\Book-Store\node_modules\regenerator-runtime\runtime.js:294:22)
    at Generator.next (D:\Book_Store_App\Book-Store\node_modules\regenerator-runtime\runtime.js:119:21)
    at asyncGeneratorStep (D:\Book_Store_App\Book-Store\node_modules\@babel\runtime\helpers\asyncToGenerator.js:3:24)
    at _next (D:\Book_Store_App\Book-Store\node_modules\@babel\runtime\helpers\asyncToGenerator.js:25:9)
    at processTicksAndRejections (internal/process/task_queues.js:95:5) 
    url - /api/v1/users/admin_registration 
    method - POST 
    IP - ::1
   {"timestamp":"2022-01-24T13:35:51.426Z"}
error: 
    status - 500 
    message - Error: Mail ID Not Exist
    at _callee2$ (D:\Book_Store_App\Book-Store\src\services\/user.service.js:32:9)
    at tryCatch (D:\Book_Store_App\Book-Store\node_modules\regenerator-runtime\runtime.js:63:40)
    at Generator.invoke [as _invoke] (D:\Book_Store_App\Book-Store\node_modules\regenerator-runtime\runtime.js:294:22)
    at Generator.next (D:\Book_Store_App\Book-Store\node_modules\regenerator-runtime\runtime.js:119:21)
    at asyncGeneratorStep (D:\Book_Store_App\Book-Store\node_modules\@babel\runtime\helpers\asyncToGenerator.js:3:24)
    at _next (D:\Book_Store_App\Book-Store\node_modules\@babel\runtime\helpers\asyncToGenerator.js:25:9)
    at processTicksAndRejections (internal/process/task_queues.js:95:5) 
    url - /api/v1/users/login 
    method - POST 
    IP - ::1
   {"timestamp":"2022-01-24T15:41:42.191Z"}
error: 
    status - 500 
    message - Error: Please enter correct Mail Id
    at _callee2$ (D:\Book_Store_App\Book-Store\src\services\/user.service.js:36:9)
    at tryCatch (D:\Book_Store_App\Book-Store\node_modules\regenerator-runtime\runtime.js:63:40)
    at Generator.invoke [as _invoke] (D:\Book_Store_App\Book-Store\node_modules\regenerator-runtime\runtime.js:294:22)
    at Generator.next (D:\Book_Store_App\Book-Store\node_modules\regenerator-runtime\runtime.js:119:21)
    at asyncGeneratorStep (D:\Book_Store_App\Book-Store\node_modules\@babel\runtime\helpers\asyncToGenerator.js:3:24)
    at _next (D:\Book_Store_App\Book-Store\node_modules\@babel\runtime\helpers\asyncToGenerator.js:25:9)
    at processTicksAndRejections (internal/process/task_queues.js:95:5) 
    url - /api/v1/users/login 
    method - POST 
    IP - ::1
   {"timestamp":"2022-01-24T15:43:47.928Z"}
error: 
    status - 500 
    message - ReferenceError: Password is not defined
    at _callee2$ (D:\Book_Store_App\Book-Store\src\services\/user.service.js:33:32)
    at tryCatch (D:\Book_Store_App\Book-Store\node_modules\regenerator-runtime\runtime.js:63:40)
    at Generator.invoke [as _invoke] (D:\Book_Store_App\Book-Store\node_modules\regenerator-runtime\runtime.js:294:22)
    at Generator.next (D:\Book_Store_App\Book-Store\node_modules\regenerator-runtime\runtime.js:119:21)
    at asyncGeneratorStep (D:\Book_Store_App\Book-Store\node_modules\@babel\runtime\helpers\asyncToGenerator.js:3:24)
    at _next (D:\Book_Store_App\Book-Store\node_modules\@babel\runtime\helpers\asyncToGenerator.js:25:9)
    at processTicksAndRejections (internal/process/task_queues.js:95:5) 
    url - /api/v1/users/login 
    method - POST 
    IP - ::1
   {"timestamp":"2022-01-24T15:52:54.756Z"}
error: 
    status - 500 
    message - ReferenceError: Password is not defined
    at _callee2$ (D:\Book_Store_App\Book-Store\src\services\/user.service.js:33:32)
    at tryCatch (D:\Book_Store_App\Book-Store\node_modules\regenerator-runtime\runtime.js:63:40)
    at Generator.invoke [as _invoke] (D:\Book_Store_App\Book-Store\node_modules\regenerator-runtime\runtime.js:294:22)
    at Generator.next (D:\Book_Store_App\Book-Store\node_modules\regenerator-runtime\runtime.js:119:21)
    at asyncGeneratorStep (D:\Book_Store_App\Book-Store\node_modules\@babel\runtime\helpers\asyncToGenerator.js:3:24)
    at _next (D:\Book_Store_App\Book-Store\node_modules\@babel\runtime\helpers\asyncToGenerator.js:25:9)
    at processTicksAndRejections (internal/process/task_queues.js:95:5) 
    url - /api/v1/users/login 
    method - POST 
    IP - ::1
   {"timestamp":"2022-01-24T15:54:10.701Z"}
error: 
    status - 500 
    message - ReferenceError: Password is not defined
    at _callee2$ (D:\Book_Store_App\Book-Store\src\services\/user.service.js:33:32)
    at tryCatch (D:\Book_Store_App\Book-Store\node_modules\regenerator-runtime\runtime.js:63:40)
    at Generator.invoke [as _invoke] (D:\Book_Store_App\Book-Store\node_modules\regenerator-runtime\runtime.js:294:22)
    at Generator.next (D:\Book_Store_App\Book-Store\node_modules\regenerator-runtime\runtime.js:119:21)
    at asyncGeneratorStep (D:\Book_Store_App\Book-Store\node_modules\@babel\runtime\helpers\asyncToGenerator.js:3:24)
    at _next (D:\Book_Store_App\Book-Store\node_modules\@babel\runtime\helpers\asyncToGenerator.js:25:9)
    at processTicksAndRejections (internal/process/task_queues.js:95:5) 
    url - /api/v1/users/login 
    method - POST 
    IP - ::1
   {"timestamp":"2022-01-24T15:55:24.404Z"}
error: 
    status - 500 
    message - ReferenceError: Password is not defined
    at _callee2$ (D:\Book_Store_App\Book-Store\src\services\/user.service.js:34:32)
    at tryCatch (D:\Book_Store_App\Book-Store\node_modules\regenerator-runtime\runtime.js:63:40)
    at Generator.invoke [as _invoke] (D:\Book_Store_App\Book-Store\node_modules\regenerator-runtime\runtime.js:294:22)
    at Generator.next (D:\Book_Store_App\Book-Store\node_modules\regenerator-runtime\runtime.js:119:21)
    at asyncGeneratorStep (D:\Book_Store_App\Book-Store\node_modules\@babel\runtime\helpers\asyncToGenerator.js:3:24)
    at _next (D:\Book_Store_App\Book-Store\node_modules\@babel\runtime\helpers\asyncToGenerator.js:25:9)
    at processTicksAndRejections (internal/process/task_queues.js:95:5) 
    url - /api/v1/users/login 
    method - POST 
    IP - ::1
   {"timestamp":"2022-01-24T15:56:15.158Z"}
error: 
    status - 500 
    message - ReferenceError: Password is not defined
    at _callee2$ (D:\Book_Store_App\Book-Store\src\services\/user.service.js:34:32)
    at tryCatch (D:\Book_Store_App\Book-Store\node_modules\regenerator-runtime\runtime.js:63:40)
    at Generator.invoke [as _invoke] (D:\Book_Store_App\Book-Store\node_modules\regenerator-runtime\runtime.js:294:22)
    at Generator.next (D:\Book_Store_App\Book-Store\node_modules\regenerator-runtime\runtime.js:119:21)
    at asyncGeneratorStep (D:\Book_Store_App\Book-Store\node_modules\@babel\runtime\helpers\asyncToGenerator.js:3:24)
    at _next (D:\Book_Store_App\Book-Store\node_modules\@babel\runtime\helpers\asyncToGenerator.js:25:9)
    at processTicksAndRejections (internal/process/task_queues.js:95:5) 
    url - /api/v1/users/login 
    method - POST 
    IP - ::1
   {"timestamp":"2022-01-24T15:56:21.307Z"}
error: 
    status - 500 
    message - Error: Please enter correct Mail Id
    at _callee2$ (D:\Book_Store_App\Book-Store\src\services\/user.service.js:41:9)
    at tryCatch (D:\Book_Store_App\Book-Store\node_modules\regenerator-runtime\runtime.js:63:40)
    at Generator.invoke [as _invoke] (D:\Book_Store_App\Book-Store\node_modules\regenerator-runtime\runtime.js:294:22)
    at Generator.next (D:\Book_Store_App\Book-Store\node_modules\regenerator-runtime\runtime.js:119:21)
    at asyncGeneratorStep (D:\Book_Store_App\Book-Store\node_modules\@babel\runtime\helpers\asyncToGenerator.js:3:24)
    at _next (D:\Book_Store_App\Book-Store\node_modules\@babel\runtime\helpers\asyncToGenerator.js:25:9)
    at processTicksAndRejections (internal/process/task_queues.js:95:5) 
    url - /api/v1/users/login 
    method - POST 
    IP - ::1
   {"timestamp":"2022-01-24T16:03:08.283Z"}
error: 
    status - 500 
    message - Error: Please enter corret mail id or password
    at _callee2$ (D:\Book_Store_App\Book-Store\src\services\/user.service.js:37:10)
    at tryCatch (D:\Book_Store_App\Book-Store\node_modules\regenerator-runtime\runtime.js:63:40)
    at Generator.invoke [as _invoke] (D:\Book_Store_App\Book-Store\node_modules\regenerator-runtime\runtime.js:294:22)
    at Generator.next (D:\Book_Store_App\Book-Store\node_modules\regenerator-runtime\runtime.js:119:21)
    at asyncGeneratorStep (D:\Book_Store_App\Book-Store\node_modules\@babel\runtime\helpers\asyncToGenerator.js:3:24)
    at _next (D:\Book_Store_App\Book-Store\node_modules\@babel\runtime\helpers\asyncToGenerator.js:25:9) 
    url - /api/v1/users/login 
    method - POST 
    IP - ::1
   {"timestamp":"2022-01-24T16:03:27.043Z"}
error: 
    status - 500 
    message - Error: secretOrPrivateKey must have a value
    at Object.sign (D:\Book_Store_App\Book-Store\node_modules\jsonwebtoken\sign.js:107:20)
    at _callee2$ (D:\Book_Store_App\Book-Store\src\services\/user.service.js:39:19)
    at tryCatch (D:\Book_Store_App\Book-Store\node_modules\regenerator-runtime\runtime.js:63:40)
    at Generator.invoke [as _invoke] (D:\Book_Store_App\Book-Store\node_modules\regenerator-runtime\runtime.js:294:22)
    at Generator.next (D:\Book_Store_App\Book-Store\node_modules\regenerator-runtime\runtime.js:119:21)
    at asyncGeneratorStep (D:\Book_Store_App\Book-Store\node_modules\@babel\runtime\helpers\asyncToGenerator.js:3:24)
    at _next (D:\Book_Store_App\Book-Store\node_modules\@babel\runtime\helpers\asyncToGenerator.js:25:9) 
    url - /api/v1/users/login 
    method - POST 
    IP - ::1
   {"timestamp":"2022-01-24T16:25:27.268Z"}
error: 
    status - 500 
    message - Error: secretOrPrivateKey must have a value
    at Object.sign (D:\Book_Store_App\Book-Store\node_modules\jsonwebtoken\sign.js:107:20)
    at _callee2$ (D:\Book_Store_App\Book-Store\src\services\/user.service.js:39:19)
    at tryCatch (D:\Book_Store_App\Book-Store\node_modules\regenerator-runtime\runtime.js:63:40)
    at Generator.invoke [as _invoke] (D:\Book_Store_App\Book-Store\node_modules\regenerator-runtime\runtime.js:294:22)
    at Generator.next (D:\Book_Store_App\Book-Store\node_modules\regenerator-runtime\runtime.js:119:21)
    at asyncGeneratorStep (D:\Book_Store_App\Book-Store\node_modules\@babel\runtime\helpers\asyncToGenerator.js:3:24)
    at _next (D:\Book_Store_App\Book-Store\node_modules\@babel\runtime\helpers\asyncToGenerator.js:25:9) 
    url - /api/v1/users/login 
    method - POST 
    IP - ::1
   {"timestamp":"2022-01-24T16:25:28.352Z"}
error: 
    status - 500 
    message - Error: secretOrPrivateKey must have a value
    at Object.sign (D:\Book_Store_App\Book-Store\node_modules\jsonwebtoken\sign.js:107:20)
    at _callee2$ (D:\Book_Store_App\Book-Store\src\services\/user.service.js:40:19)
    at tryCatch (D:\Book_Store_App\Book-Store\node_modules\regenerator-runtime\runtime.js:63:40)
    at Generator.invoke [as _invoke] (D:\Book_Store_App\Book-Store\node_modules\regenerator-runtime\runtime.js:294:22)
    at Generator.next (D:\Book_Store_App\Book-Store\node_modules\regenerator-runtime\runtime.js:119:21)
    at asyncGeneratorStep (D:\Book_Store_App\Book-Store\node_modules\@babel\runtime\helpers\asyncToGenerator.js:3:24)
    at _next (D:\Book_Store_App\Book-Store\node_modules\@babel\runtime\helpers\asyncToGenerator.js:25:9) 
    url - /api/v1/users/login 
    method - POST 
    IP - ::1
   {"timestamp":"2022-01-24T16:26:42.646Z"}
error: 
    status - 500 
    message - Error: secretOrPrivateKey must have a value
    at Object.sign (D:\Book_Store_App\Book-Store\node_modules\jsonwebtoken\sign.js:107:20)
    at _callee2$ (D:\Book_Store_App\Book-Store\src\services\/user.service.js:40:19)
    at tryCatch (D:\Book_Store_App\Book-Store\node_modules\regenerator-runtime\runtime.js:63:40)
    at Generator.invoke [as _invoke] (D:\Book_Store_App\Book-Store\node_modules\regenerator-runtime\runtime.js:294:22)
    at Generator.next (D:\Book_Store_App\Book-Store\node_modules\regenerator-runtime\runtime.js:119:21)
    at asyncGeneratorStep (D:\Book_Store_App\Book-Store\node_modules\@babel\runtime\helpers\asyncToGenerator.js:3:24)
    at _next (D:\Book_Store_App\Book-Store\node_modules\@babel\runtime\helpers\asyncToGenerator.js:25:9) 
    url - /api/v1/users/login 
    method - POST 
    IP - ::1
   {"timestamp":"2022-01-24T16:26:58.715Z"}
error: 
    status - 500 
    message - TypeError: Cannot read property 'Email' of undefined
    at checkuser (D:\Book_Store_App\Book-Store\src\middlewares\/checkuser.middleware.js:5:46)
    at Layer.handle [as handle_request] (D:\Book_Store_App\Book-Store\node_modules\express\lib\router\layer.js:95:5)
    at next (D:\Book_Store_App\Book-Store\node_modules\express\lib\router\route.js:137:13)
    at Route.dispatch (D:\Book_Store_App\Book-Store\node_modules\express\lib\router\route.js:112:3)
    at Layer.handle [as handle_request] (D:\Book_Store_App\Book-Store\node_modules\express\lib\router\layer.js:95:5)
    at D:\Book_Store_App\Book-Store\node_modules\express\lib\router\index.js:281:22
    at Function.process_params (D:\Book_Store_App\Book-Store\node_modules\express\lib\router\index.js:341:12)
    at next (D:\Book_Store_App\Book-Store\node_modules\express\lib\router\index.js:275:10)
    at Function.handle (D:\Book_Store_App\Book-Store\node_modules\express\lib\router\index.js:174:3)
    at router (D:\Book_Store_App\Book-Store\node_modules\express\lib\router\index.js:47:12) 
    url - /api/v1/users/login 
    method - POST 
    IP - ::1
   {"timestamp":"2022-01-25T05:49:13.533Z"}
error: 
    status - 500 
    message - TypeError: Cannot read property 'Email' of undefined
    at checkuser (D:\Book_Store_App\Book-Store\src\middlewares\/checkuser.middleware.js:5:46)
    at Layer.handle [as handle_request] (D:\Book_Store_App\Book-Store\node_modules\express\lib\router\layer.js:95:5)
    at next (D:\Book_Store_App\Book-Store\node_modules\express\lib\router\route.js:137:13)
    at Route.dispatch (D:\Book_Store_App\Book-Store\node_modules\express\lib\router\route.js:112:3)
    at Layer.handle [as handle_request] (D:\Book_Store_App\Book-Store\node_modules\express\lib\router\layer.js:95:5)
    at D:\Book_Store_App\Book-Store\node_modules\express\lib\router\index.js:281:22
    at Function.process_params (D:\Book_Store_App\Book-Store\node_modules\express\lib\router\index.js:341:12)
    at next (D:\Book_Store_App\Book-Store\node_modules\express\lib\router\index.js:275:10)
    at Function.handle (D:\Book_Store_App\Book-Store\node_modules\express\lib\router\index.js:174:3)
    at router (D:\Book_Store_App\Book-Store\node_modules\express\lib\router\index.js:47:12) 
    url - /api/v1/users/login 
    method - POST 
    IP - ::1
   {"timestamp":"2022-01-25T05:49:33.030Z"}
error: 
    status - 500 
    message - TypeError: Cannot read property 'Email' of undefined
    at checkuser (D:\Book_Store_App\Book-Store\src\middlewares\/checkuser.middleware.js:5:46)
    at Layer.handle [as handle_request] (D:\Book_Store_App\Book-Store\node_modules\express\lib\router\layer.js:95:5)
    at next (D:\Book_Store_App\Book-Store\node_modules\express\lib\router\route.js:137:13)
    at Route.dispatch (D:\Book_Store_App\Book-Store\node_modules\express\lib\router\route.js:112:3)
    at Layer.handle [as handle_request] (D:\Book_Store_App\Book-Store\node_modules\express\lib\router\layer.js:95:5)
    at D:\Book_Store_App\Book-Store\node_modules\express\lib\router\index.js:281:22
    at Function.process_params (D:\Book_Store_App\Book-Store\node_modules\express\lib\router\index.js:341:12)
    at next (D:\Book_Store_App\Book-Store\node_modules\express\lib\router\index.js:275:10)
    at Function.handle (D:\Book_Store_App\Book-Store\node_modules\express\lib\router\index.js:174:3)
    at router (D:\Book_Store_App\Book-Store\node_modules\express\lib\router\index.js:47:12) 
    url - /api/v1/users/login 
    method - POST 
    IP - ::1
   {"timestamp":"2022-01-25T05:49:41.108Z"}
error: 
    status - 500 
    message - Error: data and hash arguments required
    at Object.compare (D:\Book_Store_App\Book-Store\node_modules\bcrypt\bcrypt.js:208:17)
    at D:\Book_Store_App\Book-Store\node_modules\bcrypt\promises.js:29:12
    at new Promise (<anonymous>)
    at Object.module.exports.promise (D:\Book_Store_App\Book-Store\node_modules\bcrypt\promises.js:20:12)
    at Object.compare (D:\Book_Store_App\Book-Store\node_modules\bcrypt\bcrypt.js:204:25)
    at _callee2$ (D:\Book_Store_App\Book-Store\src\services\/user.service.js:40:34)
    at tryCatch (D:\Book_Store_App\Book-Store\node_modules\regenerator-runtime\runtime.js:63:40)
    at Generator.invoke [as _invoke] (D:\Book_Store_App\Book-Store\node_modules\regenerator-runtime\runtime.js:294:22) 
    url - /api/v1/users/login 
    method - POST 
    IP - ::1
   {"timestamp":"2022-01-25T05:52:10.114Z"}
error: 
    status - 500 
    message - Error: Please enter corret mail id or password
    at _callee2$ (D:\Book_Store_App\Book-Store\src\services\/user.service.js:51:13)
    at tryCatch (D:\Book_Store_App\Book-Store\node_modules\regenerator-runtime\runtime.js:63:40)
    at Generator.invoke [as _invoke] (D:\Book_Store_App\Book-Store\node_modules\regenerator-runtime\runtime.js:294:22)
    at Generator.next (D:\Book_Store_App\Book-Store\node_modules\regenerator-runtime\runtime.js:119:21)
    at asyncGeneratorStep (D:\Book_Store_App\Book-Store\node_modules\@babel\runtime\helpers\asyncToGenerator.js:3:24)
    at _next (D:\Book_Store_App\Book-Store\node_modules\@babel\runtime\helpers\asyncToGenerator.js:25:9) 
    url - /api/v1/users/login 
    method - POST 
    IP - ::1
   {"timestamp":"2022-01-25T05:52:25.539Z"}
error: 
    status - 500 
    message - Error: "FirstName" is required
    at new exports.ValidationError (D:\Book_Store_App\Book-Store\node_modules\@hapi\joi\lib\errors.js:246:9)
    at Object.exports.process (D:\Book_Store_App\Book-Store\node_modules\@hapi\joi\lib\errors.js:189:29)
    at Object.internals.entry (D:\Book_Store_App\Book-Store\node_modules\@hapi\joi\lib\validator.js:140:26)
    at Object.exports.entry (D:\Book_Store_App\Book-Store\node_modules\@hapi\joi\lib\validator.js:26:30)
    at internals.Base.validate (D:\Book_Store_App\Book-Store\node_modules\@hapi\joi\lib\base.js:534:26)
    at newUserValidator (D:\Book_Store_App\Book-Store\src\validators\/user.validator.js:11:35)
    at Layer.handle [as handle_request] (D:\Book_Store_App\Book-Store\node_modules\express\lib\router\layer.js:95:5)
    at next (D:\Book_Store_App\Book-Store\node_modules\express\lib\router\route.js:137:13) 
    url - /api/v1/users/user_registration 
    method - POST 
    IP - ::1
   {"timestamp":"2022-01-25T05:52:47.244Z"}
error: 
    status - 500 
    message - Error: User Already Exsist
    at _callee$ (D:\Book_Store_App\Book-Store\src\services\/user.service.js:17:11)
    at tryCatch (D:\Book_Store_App\Book-Store\node_modules\regenerator-runtime\runtime.js:63:40)
    at Generator.invoke [as _invoke] (D:\Book_Store_App\Book-Store\node_modules\regenerator-runtime\runtime.js:294:22)
    at Generator.next (D:\Book_Store_App\Book-Store\node_modules\regenerator-runtime\runtime.js:119:21)
    at asyncGeneratorStep (D:\Book_Store_App\Book-Store\node_modules\@babel\runtime\helpers\asyncToGenerator.js:3:24)
    at _next (D:\Book_Store_App\Book-Store\node_modules\@babel\runtime\helpers\asyncToGenerator.js:25:9)
    at processTicksAndRejections (internal/process/task_queues.js:95:5) 
    url - /api/v1/users/user_registration 
    method - POST 
    IP - ::1
   {"timestamp":"2022-01-25T05:53:23.846Z"}
error: 
    status - 500 
    message - Error: Please enter corret mail id or password
    at _callee2$ (D:\Book_Store_App\Book-Store\src\services\/user.service.js:51:13)
    at tryCatch (D:\Book_Store_App\Book-Store\node_modules\regenerator-runtime\runtime.js:63:40)
    at Generator.invoke [as _invoke] (D:\Book_Store_App\Book-Store\node_modules\regenerator-runtime\runtime.js:294:22)
    at Generator.next (D:\Book_Store_App\Book-Store\node_modules\regenerator-runtime\runtime.js:119:21)
    at asyncGeneratorStep (D:\Book_Store_App\Book-Store\node_modules\@babel\runtime\helpers\asyncToGenerator.js:3:24)
    at _next (D:\Book_Store_App\Book-Store\node_modules\@babel\runtime\helpers\asyncToGenerator.js:25:9) 
    url - /api/v1/users/login_user 
    method - POST 
    IP - ::1
   {"timestamp":"2022-01-25T06:26:16.996Z"}
error: 
    status - 500 
    message - Error: Please enter corret mail id or password
    at _callee2$ (D:\Book_Store_App\Book-Store\src\services\/user.service.js:51:13)
    at tryCatch (D:\Book_Store_App\Book-Store\node_modules\regenerator-runtime\runtime.js:63:40)
    at Generator.invoke [as _invoke] (D:\Book_Store_App\Book-Store\node_modules\regenerator-runtime\runtime.js:294:22)
    at Generator.next (D:\Book_Store_App\Book-Store\node_modules\regenerator-runtime\runtime.js:119:21)
    at asyncGeneratorStep (D:\Book_Store_App\Book-Store\node_modules\@babel\runtime\helpers\asyncToGenerator.js:3:24)
    at _next (D:\Book_Store_App\Book-Store\node_modules\@babel\runtime\helpers\asyncToGenerator.js:25:9) 
    url - /api/v1/users/login_user 
    method - POST 
    IP - ::1
   {"timestamp":"2022-01-25T07:52:28.915Z"}
error: 
    status - 500 
    message - Error: Please enter corret mail id or password
    at _callee2$ (D:\Book_Store_App\Book-Store\src\services\/user.service.js:51:13)
    at tryCatch (D:\Book_Store_App\Book-Store\node_modules\regenerator-runtime\runtime.js:63:40)
    at Generator.invoke [as _invoke] (D:\Book_Store_App\Book-Store\node_modules\regenerator-runtime\runtime.js:294:22)
    at Generator.next (D:\Book_Store_App\Book-Store\node_modules\regenerator-runtime\runtime.js:119:21)
    at asyncGeneratorStep (D:\Book_Store_App\Book-Store\node_modules\@babel\runtime\helpers\asyncToGenerator.js:3:24)
    at _next (D:\Book_Store_App\Book-Store\node_modules\@babel\runtime\helpers\asyncToGenerator.js:25:9) 
    url - /api/v1/users/login_user 
    method - POST 
    IP - ::1
   {"timestamp":"2022-01-25T07:52:50.933Z"}
error: 
    status - 500 
    message - Error: Please enter corret mail id or password
    at _callee2$ (D:\Book_Store_App\Book-Store\src\services\/user.service.js:51:13)
    at tryCatch (D:\Book_Store_App\Book-Store\node_modules\regenerator-runtime\runtime.js:63:40)
    at Generator.invoke [as _invoke] (D:\Book_Store_App\Book-Store\node_modules\regenerator-runtime\runtime.js:294:22)
    at Generator.next (D:\Book_Store_App\Book-Store\node_modules\regenerator-runtime\runtime.js:119:21)
    at asyncGeneratorStep (D:\Book_Store_App\Book-Store\node_modules\@babel\runtime\helpers\asyncToGenerator.js:3:24)
    at _next (D:\Book_Store_App\Book-Store\node_modules\@babel\runtime\helpers\asyncToGenerator.js:25:9) 
    url - /api/v1/users/login_user 
    method - POST 
    IP - ::1
   {"timestamp":"2022-01-25T07:52:52.817Z"}
error: 
    status - 500 
    message - undefined 
    url - /api/v1/users/login_user 
    method - POST 
    IP - ::1
   {"timestamp":"2022-01-25T08:01:30.687Z"}
error: 
    status - 500 
    message - undefined 
    url - /api/v1/users/login_user 
    method - POST 
    IP - ::1
   {"timestamp":"2022-01-25T08:01:32.851Z"}
error: 
    status - 500 
    message - undefined 
    url - /api/v1/users/login_admin 
    method - POST 
    IP - ::1
   {"timestamp":"2022-01-25T08:08:52.671Z"}
error: 
    status - 500 
    message - undefined 
    url - /api/v1/users/login_admin 
    method - POST 
    IP - ::1
   {"timestamp":"2022-01-25T08:19:43.278Z"}
error: 
    status - 500 
    message - undefined 
    url - /api/v1/users/login_user 
    method - POST 
    IP - ::1
   {"timestamp":"2022-01-25T08:24:24.983Z"}
error: 
    status - 500 
    message - Error: Please enter correct details
    at _callee2$ (D:\Book_Store_App\Book-Store\src\middlewares\/checkuser.middleware.js:30:6)
    at tryCatch (D:\Book_Store_App\Book-Store\node_modules\regenerator-runtime\runtime.js:63:40)
    at Generator.invoke [as _invoke] (D:\Book_Store_App\Book-Store\node_modules\regenerator-runtime\runtime.js:294:22)
    at Generator.next (D:\Book_Store_App\Book-Store\node_modules\regenerator-runtime\runtime.js:119:21)
    at asyncGeneratorStep (D:\Book_Store_App\Book-Store\node_modules\@babel\runtime\helpers\asyncToGenerator.js:3:24)
    at _next (D:\Book_Store_App\Book-Store\node_modules\@babel\runtime\helpers\asyncToGenerator.js:25:9)
    at processTicksAndRejections (internal/process/task_queues.js:95:5) 
    url - /api/v1/users/login_admin 
    method - POST 
    IP - ::1
   {"timestamp":"2022-01-25T08:25:00.467Z"}
error: 
    status - 500 
    message - Error: Please enter correct details
    at _callee2$ (D:\Book_Store_App\Book-Store\src\middlewares\/checkuser.middleware.js:30:6)
    at tryCatch (D:\Book_Store_App\Book-Store\node_modules\regenerator-runtime\runtime.js:63:40)
    at Generator.invoke [as _invoke] (D:\Book_Store_App\Book-Store\node_modules\regenerator-runtime\runtime.js:294:22)
    at Generator.next (D:\Book_Store_App\Book-Store\node_modules\regenerator-runtime\runtime.js:119:21)
    at asyncGeneratorStep (D:\Book_Store_App\Book-Store\node_modules\@babel\runtime\helpers\asyncToGenerator.js:3:24)
    at _next (D:\Book_Store_App\Book-Store\node_modules\@babel\runtime\helpers\asyncToGenerator.js:25:9)
    at processTicksAndRejections (internal/process/task_queues.js:95:5) 
    url - /api/v1/users/login_admin 
    method - POST 
    IP - ::1
   {"timestamp":"2022-01-25T08:41:35.832Z"}
error: 
    status - 500 
    message - Error: Please enter correct details
    at _callee2$ (D:\Book_Store_App\Book-Store\src\middlewares\/checkuser.middleware.js:31:12)
    at tryCatch (D:\Book_Store_App\Book-Store\node_modules\regenerator-runtime\runtime.js:63:40)
    at Generator.invoke [as _invoke] (D:\Book_Store_App\Book-Store\node_modules\regenerator-runtime\runtime.js:294:22)
    at Generator.next (D:\Book_Store_App\Book-Store\node_modules\regenerator-runtime\runtime.js:119:21)
    at asyncGeneratorStep (D:\Book_Store_App\Book-Store\node_modules\@babel\runtime\helpers\asyncToGenerator.js:3:24)
    at _next (D:\Book_Store_App\Book-Store\node_modules\@babel\runtime\helpers\asyncToGenerator.js:25:9)
    at processTicksAndRejections (internal/process/task_queues.js:95:5) 
    url - /api/v1/users/login_admin 
    method - POST 
    IP - ::1
   {"timestamp":"2022-01-25T08:48:25.751Z"}
error: 
    status - 500 
    message - Error: Please enter correct details
    at _callee$ (D:\Book_Store_App\Book-Store\src\middlewares\/checkuser.middleware.js:16:10)
    at tryCatch (D:\Book_Store_App\Book-Store\node_modules\regenerator-runtime\runtime.js:63:40)
    at Generator.invoke [as _invoke] (D:\Book_Store_App\Book-Store\node_modules\regenerator-runtime\runtime.js:294:22)
    at Generator.next (D:\Book_Store_App\Book-Store\node_modules\regenerator-runtime\runtime.js:119:21)
    at asyncGeneratorStep (D:\Book_Store_App\Book-Store\node_modules\@babel\runtime\helpers\asyncToGenerator.js:3:24)
    at _next (D:\Book_Store_App\Book-Store\node_modules\@babel\runtime\helpers\asyncToGenerator.js:25:9)
    at processTicksAndRejections (internal/process/task_queues.js:95:5) 
    url - /api/v1/users/login_user 
    method - POST 
    IP - ::1
   {"timestamp":"2022-01-25T08:48:45.779Z"}
error: 
    status - 500 
    message - Error: Please enter correct details
    at _callee$ (D:\Book_Store_App\Book-Store\src\middlewares\/checkuser.middleware.js:16:10)
    at tryCatch (D:\Book_Store_App\Book-Store\node_modules\regenerator-runtime\runtime.js:63:40)
    at Generator.invoke [as _invoke] (D:\Book_Store_App\Book-Store\node_modules\regenerator-runtime\runtime.js:294:22)
    at Generator.next (D:\Book_Store_App\Book-Store\node_modules\regenerator-runtime\runtime.js:119:21)
    at asyncGeneratorStep (D:\Book_Store_App\Book-Store\node_modules\@babel\runtime\helpers\asyncToGenerator.js:3:24)
    at _next (D:\Book_Store_App\Book-Store\node_modules\@babel\runtime\helpers\asyncToGenerator.js:25:9)
    at processTicksAndRejections (internal/process/task_queues.js:95:5) 
    url - /api/v1/users/login_user 
    method - POST 
    IP - ::1
   {"timestamp":"2022-01-25T08:48:48.537Z"}
error: 
    status - 500 
    message - TypeError: UserService.logiforgetPasswordn is not a function
    at _callee3$ (D:\Book_Store_App\Book-Store\src\controllers\/user.controller.js:41:36)
    at tryCatch (D:\Book_Store_App\Book-Store\node_modules\regenerator-runtime\runtime.js:63:40)
    at Generator.invoke [as _invoke] (D:\Book_Store_App\Book-Store\node_modules\regenerator-runtime\runtime.js:294:22)
    at Generator.next (D:\Book_Store_App\Book-Store\node_modules\regenerator-runtime\runtime.js:119:21)
    at asyncGeneratorStep (D:\Book_Store_App\Book-Store\node_modules\@babel\runtime\helpers\asyncToGenerator.js:3:24)
    at _next (D:\Book_Store_App\Book-Store\node_modules\@babel\runtime\helpers\asyncToGenerator.js:25:9)
    at D:\Book_Store_App\Book-Store\node_modules\@babel\runtime\helpers\asyncToGenerator.js:32:7
    at new Promise (<anonymous>)
    at D:\Book_Store_App\Book-Store\node_modules\@babel\runtime\helpers\asyncToGenerator.js:21:12
    at forgetPassword (D:\Book_Store_App\Book-Store\src\controllers\/user.controller.js:39:28) 
    url - /api/v1/users/forgetpassword 
    method - POST 
    IP - ::1
   {"timestamp":"2022-01-25T09:53:50.427Z"}
error: 
    status - 500 
    message - Error: Mail id does not exsist
    at _callee3$ (D:\Book_Store_App\Book-Store\src\services\/user.service.js:81:11)
    at tryCatch (D:\Book_Store_App\Book-Store\node_modules\regenerator-runtime\runtime.js:63:40)
    at Generator.invoke [as _invoke] (D:\Book_Store_App\Book-Store\node_modules\regenerator-runtime\runtime.js:294:22)
    at Generator.next (D:\Book_Store_App\Book-Store\node_modules\regenerator-runtime\runtime.js:119:21)
    at asyncGeneratorStep (D:\Book_Store_App\Book-Store\node_modules\@babel\runtime\helpers\asyncToGenerator.js:3:24)
    at _next (D:\Book_Store_App\Book-Store\node_modules\@babel\runtime\helpers\asyncToGenerator.js:25:9)
    at processTicksAndRejections (internal/process/task_queues.js:95:5) 
    url - /api/v1/users/forgetpassword 
    method - POST 
    IP - ::1
   {"timestamp":"2022-01-25T09:55:09.127Z"}
error: 
    status - 500 
    message - ReferenceError: req is not defined
    at _callee4$ (D:\Book_Store_App\Book-Store\src\services\/user.service.js:90:9)
    at tryCatch (D:\Book_Store_App\Book-Store\node_modules\regenerator-runtime\runtime.js:63:40)
    at Generator.invoke [as _invoke] (D:\Book_Store_App\Book-Store\node_modules\regenerator-runtime\runtime.js:294:22)
    at Generator.next (D:\Book_Store_App\Book-Store\node_modules\regenerator-runtime\runtime.js:119:21)
    at asyncGeneratorStep (D:\Book_Store_App\Book-Store\node_modules\@babel\runtime\helpers\asyncToGenerator.js:3:24)
    at _next (D:\Book_Store_App\Book-Store\node_modules\@babel\runtime\helpers\asyncToGenerator.js:25:9)
    at D:\Book_Store_App\Book-Store\node_modules\@babel\runtime\helpers\asyncToGenerator.js:32:7
    at new Promise (<anonymous>)
    at Object.<anonymous> (D:\Book_Store_App\Book-Store\node_modules\@babel\runtime\helpers\asyncToGenerator.js:21:12)
    at Object.resetPassword (D:\Book_Store_App\Book-Store\src\services\/user.service.js:89:27) 
    url - /api/v1/users/resetpassword 
    method - POST 
    IP - ::1
   {"timestamp":"2022-01-25T12:00:34.654Z"}
error: 
    status - 500 
    message - ReferenceError: decodedToken is not defined
    at _callee4$ (D:\Book_Store_App\Book-Store\src\services\/user.service.js:94:17)
    at tryCatch (D:\Book_Store_App\Book-Store\node_modules\regenerator-runtime\runtime.js:63:40)
    at Generator.invoke [as _invoke] (D:\Book_Store_App\Book-Store\node_modules\regenerator-runtime\runtime.js:294:22)
    at Generator.next (D:\Book_Store_App\Book-Store\node_modules\regenerator-runtime\runtime.js:119:21)
    at asyncGeneratorStep (D:\Book_Store_App\Book-Store\node_modules\@babel\runtime\helpers\asyncToGenerator.js:3:24)
    at _next (D:\Book_Store_App\Book-Store\node_modules\@babel\runtime\helpers\asyncToGenerator.js:25:9)
    at D:\Book_Store_App\Book-Store\node_modules\@babel\runtime\helpers\asyncToGenerator.js:32:7
    at new Promise (<anonymous>)
    at Object.<anonymous> (D:\Book_Store_App\Book-Store\node_modules\@babel\runtime\helpers\asyncToGenerator.js:21:12)
    at Object.resetPassword (D:\Book_Store_App\Book-Store\src\services\/user.service.js:89:27) 
    url - /api/v1/users/resetpassword 
    method - POST 
    IP - ::1
   {"timestamp":"2022-01-25T12:03:36.234Z"}
error: 
    status - 500 
    message - JsonWebTokenError: invalid token
    at Object.verify (D:\Book_Store_App\Book-Store\node_modules\jsonwebtoken\verify.js:75:17)
    at _callee4$ (D:\Book_Store_App\Book-Store\src\services\/user.service.js:91:27)
    at tryCatch (D:\Book_Store_App\Book-Store\node_modules\regenerator-runtime\runtime.js:63:40)
    at Generator.invoke [as _invoke] (D:\Book_Store_App\Book-Store\node_modules\regenerator-runtime\runtime.js:294:22)
    at Generator.next (D:\Book_Store_App\Book-Store\node_modules\regenerator-runtime\runtime.js:119:21)
    at asyncGeneratorStep (D:\Book_Store_App\Book-Store\node_modules\@babel\runtime\helpers\asyncToGenerator.js:3:24)
    at _next (D:\Book_Store_App\Book-Store\node_modules\@babel\runtime\helpers\asyncToGenerator.js:25:9)
    at D:\Book_Store_App\Book-Store\node_modules\@babel\runtime\helpers\asyncToGenerator.js:32:7
    at new Promise (<anonymous>)
    at Object.<anonymous> (D:\Book_Store_App\Book-Store\node_modules\@babel\runtime\helpers\asyncToGenerator.js:21:12) 
    url - /api/v1/users/resetpassword 
    method - POST 
    IP - ::1
   {"timestamp":"2022-01-25T12:16:20.189Z"}
error: 
    status - 500 
    message - Error: data and salt arguments required
    at Object.hash (D:\Book_Store_App\Book-Store\node_modules\bcrypt\bcrypt.js:137:17)
    at D:\Book_Store_App\Book-Store\node_modules\bcrypt\promises.js:29:12
    at new Promise (<anonymous>)
    at Object.module.exports.promise (D:\Book_Store_App\Book-Store\node_modules\bcrypt\promises.js:20:12)
    at Object.hash (D:\Book_Store_App\Book-Store\node_modules\bcrypt\bcrypt.js:133:25)
    at _callee4$ (D:\Book_Store_App\Book-Store\src\services\/user.service.js:99:44)
    at tryCatch (D:\Book_Store_App\Book-Store\node_modules\regenerator-runtime\runtime.js:63:40)
    at Generator.invoke [as _invoke] (D:\Book_Store_App\Book-Store\node_modules\regenerator-runtime\runtime.js:294:22) 
    url - /api/v1/users/resetpassword 
    method - POST 
    IP - ::1
   {"timestamp":"2022-01-25T12:22:09.644Z"}
error: 
    status - 500 
    message - TypeError: Cannot read property 'split' of undefined
    at _callee4$ (D:\Book_Store_App\Book-Store\src\services\/user.service.js:90:22)
    at tryCatch (D:\Book_Store_App\Book-Store\node_modules\regenerator-runtime\runtime.js:63:40)
    at Generator.invoke [as _invoke] (D:\Book_Store_App\Book-Store\node_modules\regenerator-runtime\runtime.js:294:22)
    at Generator.next (D:\Book_Store_App\Book-Store\node_modules\regenerator-runtime\runtime.js:119:21)
    at asyncGeneratorStep (D:\Book_Store_App\Book-Store\node_modules\@babel\runtime\helpers\asyncToGenerator.js:3:24)
    at _next (D:\Book_Store_App\Book-Store\node_modules\@babel\runtime\helpers\asyncToGenerator.js:25:9)
    at D:\Book_Store_App\Book-Store\node_modules\@babel\runtime\helpers\asyncToGenerator.js:32:7
    at new Promise (<anonymous>)
    at Object.<anonymous> (D:\Book_Store_App\Book-Store\node_modules\@babel\runtime\helpers\asyncToGenerator.js:21:12)
    at Object.resetPassword (D:\Book_Store_App\Book-Store\src\services\/user.service.js:89:27) 
    url - /api/v1/users/resetpassword 
    method - POST 
    IP - ::1
   {"timestamp":"2022-01-25T12:23:17.262Z"}
error: 
    status - 500 
    message - TypeError: Cannot read property 'split' of undefined
    at _callee4$ (D:\Book_Store_App\Book-Store\src\services\/user.service.js:90:22)
    at tryCatch (D:\Book_Store_App\Book-Store\node_modules\regenerator-runtime\runtime.js:63:40)
    at Generator.invoke [as _invoke] (D:\Book_Store_App\Book-Store\node_modules\regenerator-runtime\runtime.js:294:22)
    at Generator.next (D:\Book_Store_App\Book-Store\node_modules\regenerator-runtime\runtime.js:119:21)
    at asyncGeneratorStep (D:\Book_Store_App\Book-Store\node_modules\@babel\runtime\helpers\asyncToGenerator.js:3:24)
    at _next (D:\Book_Store_App\Book-Store\node_modules\@babel\runtime\helpers\asyncToGenerator.js:25:9)
    at D:\Book_Store_App\Book-Store\node_modules\@babel\runtime\helpers\asyncToGenerator.js:32:7
    at new Promise (<anonymous>)
    at Object.<anonymous> (D:\Book_Store_App\Book-Store\node_modules\@babel\runtime\helpers\asyncToGenerator.js:21:12)
    at Object.resetPassword (D:\Book_Store_App\Book-Store\src\services\/user.service.js:89:27) 
    url - /api/v1/users/resetpassword 
    method - POST 
    IP - ::1
   {"timestamp":"2022-01-25T12:23:35.767Z"}
error: 
    status - 500 
    message - TypeError: Cannot read property 'split' of undefined
    at _callee4$ (D:\Book_Store_App\Book-Store\src\services\/user.service.js:90:22)
    at tryCatch (D:\Book_Store_App\Book-Store\node_modules\regenerator-runtime\runtime.js:63:40)
    at Generator.invoke [as _invoke] (D:\Book_Store_App\Book-Store\node_modules\regenerator-runtime\runtime.js:294:22)
    at Generator.next (D:\Book_Store_App\Book-Store\node_modules\regenerator-runtime\runtime.js:119:21)
    at asyncGeneratorStep (D:\Book_Store_App\Book-Store\node_modules\@babel\runtime\helpers\asyncToGenerator.js:3:24)
    at _next (D:\Book_Store_App\Book-Store\node_modules\@babel\runtime\helpers\asyncToGenerator.js:25:9)
    at D:\Book_Store_App\Book-Store\node_modules\@babel\runtime\helpers\asyncToGenerator.js:32:7
    at new Promise (<anonymous>)
    at Object.<anonymous> (D:\Book_Store_App\Book-Store\node_modules\@babel\runtime\helpers\asyncToGenerator.js:21:12)
    at Object.resetPassword (D:\Book_Store_App\Book-Store\src\services\/user.service.js:89:27) 
    url - /api/v1/users/resetpassword 
    method - POST 
    IP - ::1
   {"timestamp":"2022-01-25T12:26:38.102Z"}
error: 
    status - 500 
    message - TypeError: Cannot read property 'split' of undefined
    at _callee4$ (D:\Book_Store_App\Book-Store\src\services\/user.service.js:95:22)
    at tryCatch (D:\Book_Store_App\Book-Store\node_modules\regenerator-runtime\runtime.js:63:40)
    at Generator.invoke [as _invoke] (D:\Book_Store_App\Book-Store\node_modules\regenerator-runtime\runtime.js:294:22)
    at Generator.next (D:\Book_Store_App\Book-Store\node_modules\regenerator-runtime\runtime.js:119:21)
    at asyncGeneratorStep (D:\Book_Store_App\Book-Store\node_modules\@babel\runtime\helpers\asyncToGenerator.js:3:24)
    at _next (D:\Book_Store_App\Book-Store\node_modules\@babel\runtime\helpers\asyncToGenerator.js:25:9)
    at D:\Book_Store_App\Book-Store\node_modules\@babel\runtime\helpers\asyncToGenerator.js:32:7
    at new Promise (<anonymous>)
    at Object.<anonymous> (D:\Book_Store_App\Book-Store\node_modules\@babel\runtime\helpers\asyncToGenerator.js:21:12)
    at Object.resetPassword (D:\Book_Store_App\Book-Store\src\services\/user.service.js:89:27) 
    url - /api/v1/users/resetpassword 
    method - POST 
    IP - ::1
   {"timestamp":"2022-01-25T12:30:08.867Z"}
error: 
    status - 500 
    message - TypeError: Cannot read property 'split' of undefined
    at _callee4$ (D:\Book_Store_App\Book-Store\src\services\/user.service.js:91:22)
    at tryCatch (D:\Book_Store_App\Book-Store\node_modules\regenerator-runtime\runtime.js:63:40)
    at Generator.invoke [as _invoke] (D:\Book_Store_App\Book-Store\node_modules\regenerator-runtime\runtime.js:294:22)
    at Generator.next (D:\Book_Store_App\Book-Store\node_modules\regenerator-runtime\runtime.js:119:21)
    at asyncGeneratorStep (D:\Book_Store_App\Book-Store\node_modules\@babel\runtime\helpers\asyncToGenerator.js:3:24)
    at _next (D:\Book_Store_App\Book-Store\node_modules\@babel\runtime\helpers\asyncToGenerator.js:25:9)
    at D:\Book_Store_App\Book-Store\node_modules\@babel\runtime\helpers\asyncToGenerator.js:32:7
    at new Promise (<anonymous>)
    at Object.<anonymous> (D:\Book_Store_App\Book-Store\node_modules\@babel\runtime\helpers\asyncToGenerator.js:21:12)
    at Object.resetPassword (D:\Book_Store_App\Book-Store\src\services\/user.service.js:89:27) 
    url - /api/v1/users/resetpassword 
    method - POST 
    IP - ::1
   {"timestamp":"2022-01-25T12:30:59.288Z"}
error: 
    status - 500 
    message - TypeError: Cannot read property 'split' of undefined
    at _callee4$ (D:\Book_Store_App\Book-Store\src\services\/user.service.js:92:22)
    at tryCatch (D:\Book_Store_App\Book-Store\node_modules\regenerator-runtime\runtime.js:63:40)
    at Generator.invoke [as _invoke] (D:\Book_Store_App\Book-Store\node_modules\regenerator-runtime\runtime.js:294:22)
    at Generator.next (D:\Book_Store_App\Book-Store\node_modules\regenerator-runtime\runtime.js:119:21)
    at asyncGeneratorStep (D:\Book_Store_App\Book-Store\node_modules\@babel\runtime\helpers\asyncToGenerator.js:3:24)
    at _next (D:\Book_Store_App\Book-Store\node_modules\@babel\runtime\helpers\asyncToGenerator.js:25:9)
    at D:\Book_Store_App\Book-Store\node_modules\@babel\runtime\helpers\asyncToGenerator.js:32:7
    at new Promise (<anonymous>)
    at Object.<anonymous> (D:\Book_Store_App\Book-Store\node_modules\@babel\runtime\helpers\asyncToGenerator.js:21:12)
    at Object.resetPassword (D:\Book_Store_App\Book-Store\src\services\/user.service.js:89:27) 
    url - /api/v1/users/resetpassword 
    method - POST 
    IP - ::1
   {"timestamp":"2022-01-25T12:31:41.358Z"}
error: 
    status - 500 
    message - TypeError: Cannot read property 'split' of undefined
    at _callee4$ (D:\Book_Store_App\Book-Store\src\services\/user.service.js:91:22)
    at tryCatch (D:\Book_Store_App\Book-Store\node_modules\regenerator-runtime\runtime.js:63:40)
    at Generator.invoke [as _invoke] (D:\Book_Store_App\Book-Store\node_modules\regenerator-runtime\runtime.js:294:22)
    at Generator.next (D:\Book_Store_App\Book-Store\node_modules\regenerator-runtime\runtime.js:119:21)
    at asyncGeneratorStep (D:\Book_Store_App\Book-Store\node_modules\@babel\runtime\helpers\asyncToGenerator.js:3:24)
    at _next (D:\Book_Store_App\Book-Store\node_modules\@babel\runtime\helpers\asyncToGenerator.js:25:9)
    at D:\Book_Store_App\Book-Store\node_modules\@babel\runtime\helpers\asyncToGenerator.js:32:7
    at new Promise (<anonymous>)
    at Object.<anonymous> (D:\Book_Store_App\Book-Store\node_modules\@babel\runtime\helpers\asyncToGenerator.js:21:12)
    at Object.resetPassword (D:\Book_Store_App\Book-Store\src\services\/user.service.js:89:27) 
    url - /api/v1/users/resetpassword 
    method - POST 
    IP - ::1
   {"timestamp":"2022-01-25T12:33:06.751Z"}
error: 
    status - 500 
    message - TypeError: Cannot read property 'split' of undefined
    at _callee4$ (D:\Book_Store_App\Book-Store\src\services\/user.service.js:91:22)
    at tryCatch (D:\Book_Store_App\Book-Store\node_modules\regenerator-runtime\runtime.js:63:40)
    at Generator.invoke [as _invoke] (D:\Book_Store_App\Book-Store\node_modules\regenerator-runtime\runtime.js:294:22)
    at Generator.next (D:\Book_Store_App\Book-Store\node_modules\regenerator-runtime\runtime.js:119:21)
    at asyncGeneratorStep (D:\Book_Store_App\Book-Store\node_modules\@babel\runtime\helpers\asyncToGenerator.js:3:24)
    at _next (D:\Book_Store_App\Book-Store\node_modules\@babel\runtime\helpers\asyncToGenerator.js:25:9)
    at D:\Book_Store_App\Book-Store\node_modules\@babel\runtime\helpers\asyncToGenerator.js:32:7
    at new Promise (<anonymous>)
    at Object.<anonymous> (D:\Book_Store_App\Book-Store\node_modules\@babel\runtime\helpers\asyncToGenerator.js:21:12)
    at Object.resetPassword (D:\Book_Store_App\Book-Store\src\services\/user.service.js:89:27) 
    url - /api/v1/users/resetpassword 
    method - POST 
    IP - ::1
   {"timestamp":"2022-01-25T12:34:31.245Z"}
error: 
    status - 500 
    message - TypeError: Cannot read property 'split' of undefined
    at _callee4$ (D:\Book_Store_App\Book-Store\src\services\/user.service.js:91:22)
    at tryCatch (D:\Book_Store_App\Book-Store\node_modules\regenerator-runtime\runtime.js:63:40)
    at Generator.invoke [as _invoke] (D:\Book_Store_App\Book-Store\node_modules\regenerator-runtime\runtime.js:294:22)
    at Generator.next (D:\Book_Store_App\Book-Store\node_modules\regenerator-runtime\runtime.js:119:21)
    at asyncGeneratorStep (D:\Book_Store_App\Book-Store\node_modules\@babel\runtime\helpers\asyncToGenerator.js:3:24)
    at _next (D:\Book_Store_App\Book-Store\node_modules\@babel\runtime\helpers\asyncToGenerator.js:25:9)
    at D:\Book_Store_App\Book-Store\node_modules\@babel\runtime\helpers\asyncToGenerator.js:32:7
    at new Promise (<anonymous>)
    at Object.<anonymous> (D:\Book_Store_App\Book-Store\node_modules\@babel\runtime\helpers\asyncToGenerator.js:21:12)
    at Object.resetPassword (D:\Book_Store_App\Book-Store\src\services\/user.service.js:89:27) 
    url - /api/v1/users/resetpassword 
    method - POST 
    IP - ::1
   {"timestamp":"2022-01-25T12:34:32.063Z"}
error: uncaughtException: expected 404 to equal 200
AssertionError: expected 404 to equal 200
    at Test.<anonymous> (D:\Book_Store_App\Book-Store\tests\integration\/user.test.js:34:40)
    at Test.assert (D:\Book_Store_App\Book-Store\node_modules\supertest\lib\test.js:181:6)
    at Server.localAssert (D:\Book_Store_App\Book-Store\node_modules\supertest\lib\test.js:131:12)
    at Object.onceWrapper (events.js:481:28)
    at Server.emit (events.js:375:28)
    at emitCloseNT (net.js:1661:8)
    at processTicksAndRejections (internal/process/task_queues.js:81:21) {"date":"Tue Jan 25 2022 21:41:15 GMT+0530 (India Standard Time)","error":{"actual":404,"expected":200,"message":"expected 404 to equal 200","name":"AssertionError","operator":"strictEqual","showDiff":true,"stack":"AssertionError: expected 404 to equal 200\n    at Test.<anonymous> (D:\\Book_Store_App\\Book-Store\\tests\\integration\\/user.test.js:34:40)\n    at Test.assert (D:\\Book_Store_App\\Book-Store\\node_modules\\supertest\\lib\\test.js:181:6)\n    at Server.localAssert (D:\\Book_Store_App\\Book-Store\\node_modules\\supertest\\lib\\test.js:131:12)\n    at Object.onceWrapper (events.js:481:28)\n    at Server.emit (events.js:375:28)\n    at emitCloseNT (net.js:1661:8)\n    at processTicksAndRejections (internal/process/task_queues.js:81:21)"},"exception":true,"os":{"loadavg":[0,0,0],"uptime":731622},"process":{"argv":["C:\\Program Files\\nodejs\\node.exe","D:\\Book_Store_App\\Book-Store\\node_modules\\mocha\\bin\\mocha","--exit","--recursive","--require","@babel/register","--timeout=5000","tests/**/*.js"],"cwd":"D:\\Book_Store_App\\Book-Store","execPath":"C:\\Program Files\\nodejs\\node.exe","gid":null,"memoryUsage":{"arrayBuffers":18337174,"external":20020942,"heapTotal":83628032,"heapUsed":51757648,"rss":113971200},"pid":13320,"uid":null,"version":"v14.17.3"},"stack":"AssertionError: expected 404 to equal 200\n    at Test.<anonymous> (D:\\Book_Store_App\\Book-Store\\tests\\integration\\/user.test.js:34:40)\n    at Test.assert (D:\\Book_Store_App\\Book-Store\\node_modules\\supertest\\lib\\test.js:181:6)\n    at Server.localAssert (D:\\Book_Store_App\\Book-Store\\node_modules\\supertest\\lib\\test.js:131:12)\n    at Object.onceWrapper (events.js:481:28)\n    at Server.emit (events.js:375:28)\n    at emitCloseNT (net.js:1661:8)\n    at processTicksAndRejections (internal/process/task_queues.js:81:21)","timestamp":"2022-01-25T16:11:15.883Z","trace":[{"column":40,"file":"D:\\Book_Store_App\\Book-Store\\tests\\integration\\/user.test.js","function":null,"line":34,"method":null,"native":false},{"column":6,"file":"D:\\Book_Store_App\\Book-Store\\node_modules\\supertest\\lib\\test.js","function":"Test.assert","line":181,"method":"assert","native":false},{"column":12,"file":"D:\\Book_Store_App\\Book-Store\\node_modules\\supertest\\lib\\test.js","function":"Server.localAssert","line":131,"method":"localAssert","native":false},{"column":28,"file":"events.js","function":"Object.onceWrapper","line":481,"method":"onceWrapper","native":false},{"column":28,"file":"events.js","function":"Server.emit","line":375,"method":"emit","native":false},{"column":8,"file":"net.js","function":"emitCloseNT","line":1661,"method":null,"native":false},{"column":21,"file":"internal/process/task_queues.js","function":"processTicksAndRejections","line":81,"method":null,"native":false}]}
error: uncaughtException: expected '"Welcome to Book Store"' to equal 'Welcome to Book Store'
AssertionError: expected '"Welcome to Book Store"' to equal 'Welcome to Book Store'
    at Test.<anonymous> (D:\Book_Store_App\Book-Store\tests\integration\/user.test.js:35:34)
    at Test.assert (D:\Book_Store_App\Book-Store\node_modules\supertest\lib\test.js:181:6)
    at Server.localAssert (D:\Book_Store_App\Book-Store\node_modules\supertest\lib\test.js:131:12)
    at Object.onceWrapper (events.js:481:28)
    at Server.emit (events.js:375:28)
    at emitCloseNT (net.js:1661:8)
    at processTicksAndRejections (internal/process/task_queues.js:81:21) {"date":"Tue Jan 25 2022 21:49:58 GMT+0530 (India Standard Time)","error":{"actual":"\"Welcome to Book Store\"","expected":"Welcome to Book Store","message":"expected '\"Welcome to Book Store\"' to equal 'Welcome to Book Store'","name":"AssertionError","operator":"strictEqual","showDiff":true,"stack":"AssertionError: expected '\"Welcome to Book Store\"' to equal 'Welcome to Book Store'\n    at Test.<anonymous> (D:\\Book_Store_App\\Book-Store\\tests\\integration\\/user.test.js:35:34)\n    at Test.assert (D:\\Book_Store_App\\Book-Store\\node_modules\\supertest\\lib\\test.js:181:6)\n    at Server.localAssert (D:\\Book_Store_App\\Book-Store\\node_modules\\supertest\\lib\\test.js:131:12)\n    at Object.onceWrapper (events.js:481:28)\n    at Server.emit (events.js:375:28)\n    at emitCloseNT (net.js:1661:8)\n    at processTicksAndRejections (internal/process/task_queues.js:81:21)"},"exception":true,"os":{"loadavg":[0,0,0],"uptime":732144},"process":{"argv":["C:\\Program Files\\nodejs\\node.exe","D:\\Book_Store_App\\Book-Store\\node_modules\\mocha\\bin\\mocha","--exit","--recursive","--require","@babel/register","--timeout=5000","tests/**/*.js"],"cwd":"D:\\Book_Store_App\\Book-Store","execPath":"C:\\Program Files\\nodejs\\node.exe","gid":null,"memoryUsage":{"arrayBuffers":18299179,"external":19982947,"heapTotal":85598208,"heapUsed":57025168,"rss":116269056},"pid":27432,"uid":null,"version":"v14.17.3"},"stack":"AssertionError: expected '\"Welcome to Book Store\"' to equal 'Welcome to Book Store'\n    at Test.<anonymous> (D:\\Book_Store_App\\Book-Store\\tests\\integration\\/user.test.js:35:34)\n    at Test.assert (D:\\Book_Store_App\\Book-Store\\node_modules\\supertest\\lib\\test.js:181:6)\n    at Server.localAssert (D:\\Book_Store_App\\Book-Store\\node_modules\\supertest\\lib\\test.js:131:12)\n    at Object.onceWrapper (events.js:481:28)\n    at Server.emit (events.js:375:28)\n    at emitCloseNT (net.js:1661:8)\n    at processTicksAndRejections (internal/process/task_queues.js:81:21)","timestamp":"2022-01-25T16:19:58.150Z","trace":[{"column":34,"file":"D:\\Book_Store_App\\Book-Store\\tests\\integration\\/user.test.js","function":null,"line":35,"method":null,"native":false},{"column":6,"file":"D:\\Book_Store_App\\Book-Store\\node_modules\\supertest\\lib\\test.js","function":"Test.assert","line":181,"method":"assert","native":false},{"column":12,"file":"D:\\Book_Store_App\\Book-Store\\node_modules\\supertest\\lib\\test.js","function":"Server.localAssert","line":131,"method":"localAssert","native":false},{"column":28,"file":"events.js","function":"Object.onceWrapper","line":481,"method":"onceWrapper","native":false},{"column":28,"file":"events.js","function":"Server.emit","line":375,"method":"emit","native":false},{"column":8,"file":"net.js","function":"emitCloseNT","line":1661,"method":null,"native":false},{"column":21,"file":"internal/process/task_queues.js","function":"processTicksAndRejections","line":81,"method":null,"native":false}]}
error: uncaughtException: expected '"Welcome to Book Store"' to equal 'Welcome to Book Store'
AssertionError: expected '"Welcome to Book Store"' to equal 'Welcome to Book Store'
    at Test.<anonymous> (D:\Book_Store_App\Book-Store\tests\integration\/user.test.js:35:34)
    at Test.assert (D:\Book_Store_App\Book-Store\node_modules\supertest\lib\test.js:181:6)
    at Server.localAssert (D:\Book_Store_App\Book-Store\node_modules\supertest\lib\test.js:131:12)
    at Object.onceWrapper (events.js:481:28)
    at Server.emit (events.js:375:28)
    at emitCloseNT (net.js:1661:8)
    at processTicksAndRejections (internal/process/task_queues.js:81:21) {"date":"Tue Jan 25 2022 21:50:31 GMT+0530 (India Standard Time)","error":{"actual":"\"Welcome to Book Store\"","expected":"Welcome to Book Store","message":"expected '\"Welcome to Book Store\"' to equal 'Welcome to Book Store'","name":"AssertionError","operator":"strictEqual","showDiff":true,"stack":"AssertionError: expected '\"Welcome to Book Store\"' to equal 'Welcome to Book Store'\n    at Test.<anonymous> (D:\\Book_Store_App\\Book-Store\\tests\\integration\\/user.test.js:35:34)\n    at Test.assert (D:\\Book_Store_App\\Book-Store\\node_modules\\supertest\\lib\\test.js:181:6)\n    at Server.localAssert (D:\\Book_Store_App\\Book-Store\\node_modules\\supertest\\lib\\test.js:131:12)\n    at Object.onceWrapper (events.js:481:28)\n    at Server.emit (events.js:375:28)\n    at emitCloseNT (net.js:1661:8)\n    at processTicksAndRejections (internal/process/task_queues.js:81:21)"},"exception":true,"os":{"loadavg":[0,0,0],"uptime":732177},"process":{"argv":["C:\\Program Files\\nodejs\\node.exe","D:\\Book_Store_App\\Book-Store\\node_modules\\mocha\\bin\\mocha","--exit","--recursive","--require","@babel/register","--timeout=5000","tests/**/*.js"],"cwd":"D:\\Book_Store_App\\Book-Store","execPath":"C:\\Program Files\\nodejs\\node.exe","gid":null,"memoryUsage":{"arrayBuffers":18299179,"external":19982947,"heapTotal":87830528,"heapUsed":57546608,"rss":118464512},"pid":10420,"uid":null,"version":"v14.17.3"},"stack":"AssertionError: expected '\"Welcome to Book Store\"' to equal 'Welcome to Book Store'\n    at Test.<anonymous> (D:\\Book_Store_App\\Book-Store\\tests\\integration\\/user.test.js:35:34)\n    at Test.assert (D:\\Book_Store_App\\Book-Store\\node_modules\\supertest\\lib\\test.js:181:6)\n    at Server.localAssert (D:\\Book_Store_App\\Book-Store\\node_modules\\supertest\\lib\\test.js:131:12)\n    at Object.onceWrapper (events.js:481:28)\n    at Server.emit (events.js:375:28)\n    at emitCloseNT (net.js:1661:8)\n    at processTicksAndRejections (internal/process/task_queues.js:81:21)","timestamp":"2022-01-25T16:20:31.175Z","trace":[{"column":34,"file":"D:\\Book_Store_App\\Book-Store\\tests\\integration\\/user.test.js","function":null,"line":35,"method":null,"native":false},{"column":6,"file":"D:\\Book_Store_App\\Book-Store\\node_modules\\supertest\\lib\\test.js","function":"Test.assert","line":181,"method":"assert","native":false},{"column":12,"file":"D:\\Book_Store_App\\Book-Store\\node_modules\\supertest\\lib\\test.js","function":"Server.localAssert","line":131,"method":"localAssert","native":false},{"column":28,"file":"events.js","function":"Object.onceWrapper","line":481,"method":"onceWrapper","native":false},{"column":28,"file":"events.js","function":"Server.emit","line":375,"method":"emit","native":false},{"column":8,"file":"net.js","function":"emitCloseNT","line":1661,"method":null,"native":false},{"column":21,"file":"internal/process/task_queues.js","function":"processTicksAndRejections","line":81,"method":null,"native":false}]}
error: uncaughtException: expected '"Welcome to Book Store"' to equal 'Welcome to Book Store'
AssertionError: expected '"Welcome to Book Store"' to equal 'Welcome to Book Store'
    at Test.<anonymous> (D:\Book_Store_App\Book-Store\tests\integration\/user.test.js:35:34)
    at Test.assert (D:\Book_Store_App\Book-Store\node_modules\supertest\lib\test.js:181:6)
    at Server.localAssert (D:\Book_Store_App\Book-Store\node_modules\supertest\lib\test.js:131:12)
    at Object.onceWrapper (events.js:481:28)
    at Server.emit (events.js:375:28)
    at emitCloseNT (net.js:1661:8)
    at processTicksAndRejections (internal/process/task_queues.js:81:21) {"date":"Tue Jan 25 2022 21:51:05 GMT+0530 (India Standard Time)","error":{"actual":"\"Welcome to Book Store\"","expected":"Welcome to Book Store","message":"expected '\"Welcome to Book Store\"' to equal 'Welcome to Book Store'","name":"AssertionError","operator":"strictEqual","showDiff":true,"stack":"AssertionError: expected '\"Welcome to Book Store\"' to equal 'Welcome to Book Store'\n    at Test.<anonymous> (D:\\Book_Store_App\\Book-Store\\tests\\integration\\/user.test.js:35:34)\n    at Test.assert (D:\\Book_Store_App\\Book-Store\\node_modules\\supertest\\lib\\test.js:181:6)\n    at Server.localAssert (D:\\Book_Store_App\\Book-Store\\node_modules\\supertest\\lib\\test.js:131:12)\n    at Object.onceWrapper (events.js:481:28)\n    at Server.emit (events.js:375:28)\n    at emitCloseNT (net.js:1661:8)\n    at processTicksAndRejections (internal/process/task_queues.js:81:21)"},"exception":true,"os":{"loadavg":[0,0,0],"uptime":732212},"process":{"argv":["C:\\Program Files\\nodejs\\node.exe","D:\\Book_Store_App\\Book-Store\\node_modules\\mocha\\bin\\mocha","--exit","--recursive","--require","@babel/register","--timeout=5000","tests/**/*.js"],"cwd":"D:\\Book_Store_App\\Book-Store","execPath":"C:\\Program Files\\nodejs\\node.exe","gid":null,"memoryUsage":{"arrayBuffers":18299179,"external":19982947,"heapTotal":85860352,"heapUsed":57048256,"rss":116453376},"pid":14904,"uid":null,"version":"v14.17.3"},"stack":"AssertionError: expected '\"Welcome to Book Store\"' to equal 'Welcome to Book Store'\n    at Test.<anonymous> (D:\\Book_Store_App\\Book-Store\\tests\\integration\\/user.test.js:35:34)\n    at Test.assert (D:\\Book_Store_App\\Book-Store\\node_modules\\supertest\\lib\\test.js:181:6)\n    at Server.localAssert (D:\\Book_Store_App\\Book-Store\\node_modules\\supertest\\lib\\test.js:131:12)\n    at Object.onceWrapper (events.js:481:28)\n    at Server.emit (events.js:375:28)\n    at emitCloseNT (net.js:1661:8)\n    at processTicksAndRejections (internal/process/task_queues.js:81:21)","timestamp":"2022-01-25T16:21:05.727Z","trace":[{"column":34,"file":"D:\\Book_Store_App\\Book-Store\\tests\\integration\\/user.test.js","function":null,"line":35,"method":null,"native":false},{"column":6,"file":"D:\\Book_Store_App\\Book-Store\\node_modules\\supertest\\lib\\test.js","function":"Test.assert","line":181,"method":"assert","native":false},{"column":12,"file":"D:\\Book_Store_App\\Book-Store\\node_modules\\supertest\\lib\\test.js","function":"Server.localAssert","line":131,"method":"localAssert","native":false},{"column":28,"file":"events.js","function":"Object.onceWrapper","line":481,"method":"onceWrapper","native":false},{"column":28,"file":"events.js","function":"Server.emit","line":375,"method":"emit","native":false},{"column":8,"file":"net.js","function":"emitCloseNT","line":1661,"method":null,"native":false},{"column":21,"file":"internal/process/task_queues.js","function":"processTicksAndRejections","line":81,"method":null,"native":false}]}
error: uncaughtException: expected '"Welcome to Book Store"' to equal 'Welcome to Book Store'
AssertionError: expected '"Welcome to Book Store"' to equal 'Welcome to Book Store'
    at Test.<anonymous> (D:\Book_Store_App\Book-Store\tests\integration\/user.test.js:35:34)
    at Test.assert (D:\Book_Store_App\Book-Store\node_modules\supertest\lib\test.js:181:6)
    at Server.localAssert (D:\Book_Store_App\Book-Store\node_modules\supertest\lib\test.js:131:12)
    at Object.onceWrapper (events.js:481:28)
    at Server.emit (events.js:375:28)
    at emitCloseNT (net.js:1661:8)
    at processTicksAndRejections (internal/process/task_queues.js:81:21) {"date":"Tue Jan 25 2022 21:53:18 GMT+0530 (India Standard Time)","error":{"actual":"\"Welcome to Book Store\"","expected":"Welcome to Book Store","message":"expected '\"Welcome to Book Store\"' to equal 'Welcome to Book Store'","name":"AssertionError","operator":"strictEqual","showDiff":true,"stack":"AssertionError: expected '\"Welcome to Book Store\"' to equal 'Welcome to Book Store'\n    at Test.<anonymous> (D:\\Book_Store_App\\Book-Store\\tests\\integration\\/user.test.js:35:34)\n    at Test.assert (D:\\Book_Store_App\\Book-Store\\node_modules\\supertest\\lib\\test.js:181:6)\n    at Server.localAssert (D:\\Book_Store_App\\Book-Store\\node_modules\\supertest\\lib\\test.js:131:12)\n    at Object.onceWrapper (events.js:481:28)\n    at Server.emit (events.js:375:28)\n    at emitCloseNT (net.js:1661:8)\n    at processTicksAndRejections (internal/process/task_queues.js:81:21)"},"exception":true,"os":{"loadavg":[0,0,0],"uptime":732344},"process":{"argv":["C:\\Program Files\\nodejs\\node.exe","D:\\Book_Store_App\\Book-Store\\node_modules\\mocha\\bin\\mocha","--exit","--recursive","--require","@babel/register","--timeout=5000","tests/**/*.js"],"cwd":"D:\\Book_Store_App\\Book-Store","execPath":"C:\\Program Files\\nodejs\\node.exe","gid":null,"memoryUsage":{"arrayBuffers":18290987,"external":19974755,"heapTotal":88354816,"heapUsed":56463848,"rss":119263232},"pid":10472,"uid":null,"version":"v14.17.3"},"stack":"AssertionError: expected '\"Welcome to Book Store\"' to equal 'Welcome to Book Store'\n    at Test.<anonymous> (D:\\Book_Store_App\\Book-Store\\tests\\integration\\/user.test.js:35:34)\n    at Test.assert (D:\\Book_Store_App\\Book-Store\\node_modules\\supertest\\lib\\test.js:181:6)\n    at Server.localAssert (D:\\Book_Store_App\\Book-Store\\node_modules\\supertest\\lib\\test.js:131:12)\n    at Object.onceWrapper (events.js:481:28)\n    at Server.emit (events.js:375:28)\n    at emitCloseNT (net.js:1661:8)\n    at processTicksAndRejections (internal/process/task_queues.js:81:21)","timestamp":"2022-01-25T16:23:18.087Z","trace":[{"column":34,"file":"D:\\Book_Store_App\\Book-Store\\tests\\integration\\/user.test.js","function":null,"line":35,"method":null,"native":false},{"column":6,"file":"D:\\Book_Store_App\\Book-Store\\node_modules\\supertest\\lib\\test.js","function":"Test.assert","line":181,"method":"assert","native":false},{"column":12,"file":"D:\\Book_Store_App\\Book-Store\\node_modules\\supertest\\lib\\test.js","function":"Server.localAssert","line":131,"method":"localAssert","native":false},{"column":28,"file":"events.js","function":"Object.onceWrapper","line":481,"method":"onceWrapper","native":false},{"column":28,"file":"events.js","function":"Server.emit","line":375,"method":"emit","native":false},{"column":8,"file":"net.js","function":"emitCloseNT","line":1661,"method":null,"native":false},{"column":21,"file":"internal/process/task_queues.js","function":"processTicksAndRejections","line":81,"method":null,"native":false}]}
error: uncaughtException: expected '"Welcome to Book Store"' to equal 'Welcome to Book Store'
AssertionError: expected '"Welcome to Book Store"' to equal 'Welcome to Book Store'
    at Test.<anonymous> (D:\Book_Store_App\Book-Store\tests\integration\/user.test.js:35:34)
    at Test.assert (D:\Book_Store_App\Book-Store\node_modules\supertest\lib\test.js:181:6)
    at Server.localAssert (D:\Book_Store_App\Book-Store\node_modules\supertest\lib\test.js:131:12)
    at Object.onceWrapper (events.js:481:28)
    at Server.emit (events.js:375:28)
    at emitCloseNT (net.js:1661:8)
    at processTicksAndRejections (internal/process/task_queues.js:81:21) {"date":"Tue Jan 25 2022 21:53:54 GMT+0530 (India Standard Time)","error":{"actual":"\"Welcome to Book Store\"","expected":"Welcome to Book Store","message":"expected '\"Welcome to Book Store\"' to equal 'Welcome to Book Store'","name":"AssertionError","operator":"strictEqual","showDiff":true,"stack":"AssertionError: expected '\"Welcome to Book Store\"' to equal 'Welcome to Book Store'\n    at Test.<anonymous> (D:\\Book_Store_App\\Book-Store\\tests\\integration\\/user.test.js:35:34)\n    at Test.assert (D:\\Book_Store_App\\Book-Store\\node_modules\\supertest\\lib\\test.js:181:6)\n    at Server.localAssert (D:\\Book_Store_App\\Book-Store\\node_modules\\supertest\\lib\\test.js:131:12)\n    at Object.onceWrapper (events.js:481:28)\n    at Server.emit (events.js:375:28)\n    at emitCloseNT (net.js:1661:8)\n    at processTicksAndRejections (internal/process/task_queues.js:81:21)"},"exception":true,"os":{"loadavg":[0,0,0],"uptime":732381},"process":{"argv":["C:\\Program Files\\nodejs\\node.exe","D:\\Book_Store_App\\Book-Store\\node_modules\\mocha\\bin\\mocha","--exit","--recursive","--require","@babel/register","--timeout=5000","tests/**/*.js"],"cwd":"D:\\Book_Store_App\\Book-Store","execPath":"C:\\Program Files\\nodejs\\node.exe","gid":null,"memoryUsage":{"arrayBuffers":18299179,"external":19982947,"heapTotal":88092672,"heapUsed":57744864,"rss":119025664},"pid":24240,"uid":null,"version":"v14.17.3"},"stack":"AssertionError: expected '\"Welcome to Book Store\"' to equal 'Welcome to Book Store'\n    at Test.<anonymous> (D:\\Book_Store_App\\Book-Store\\tests\\integration\\/user.test.js:35:34)\n    at Test.assert (D:\\Book_Store_App\\Book-Store\\node_modules\\supertest\\lib\\test.js:181:6)\n    at Server.localAssert (D:\\Book_Store_App\\Book-Store\\node_modules\\supertest\\lib\\test.js:131:12)\n    at Object.onceWrapper (events.js:481:28)\n    at Server.emit (events.js:375:28)\n    at emitCloseNT (net.js:1661:8)\n    at processTicksAndRejections (internal/process/task_queues.js:81:21)","timestamp":"2022-01-25T16:23:54.409Z","trace":[{"column":34,"file":"D:\\Book_Store_App\\Book-Store\\tests\\integration\\/user.test.js","function":null,"line":35,"method":null,"native":false},{"column":6,"file":"D:\\Book_Store_App\\Book-Store\\node_modules\\supertest\\lib\\test.js","function":"Test.assert","line":181,"method":"assert","native":false},{"column":12,"file":"D:\\Book_Store_App\\Book-Store\\node_modules\\supertest\\lib\\test.js","function":"Server.localAssert","line":131,"method":"localAssert","native":false},{"column":28,"file":"events.js","function":"Object.onceWrapper","line":481,"method":"onceWrapper","native":false},{"column":28,"file":"events.js","function":"Server.emit","line":375,"method":"emit","native":false},{"column":8,"file":"net.js","function":"emitCloseNT","line":1661,"method":null,"native":false},{"column":21,"file":"internal/process/task_queues.js","function":"processTicksAndRejections","line":81,"method":null,"native":false}]}
error: 
    status - 500 
    message - ValidationError: "FirstName" is required 
    url - /api/v1/users/user_registration 
    method - POST 
    IP - ::ffff:127.0.0.1
   {"timestamp":"2022-01-25T16:31:38.061Z"}
error: uncaughtException: expected 500 to equal 200
AssertionError: expected 500 to equal 200
    at Test.<anonymous> (D:\Book_Store_App\Book-Store\tests\integration\/user.test.js:46:37)
    at Test.assert (D:\Book_Store_App\Book-Store\node_modules\supertest\lib\test.js:181:6)
    at Server.localAssert (D:\Book_Store_App\Book-Store\node_modules\supertest\lib\test.js:131:12)
    at Object.onceWrapper (events.js:481:28)
    at Server.emit (events.js:375:28)
    at emitCloseNT (net.js:1661:8)
    at processTicksAndRejections (internal/process/task_queues.js:81:21) {"date":"Tue Jan 25 2022 22:01:38 GMT+0530 (India Standard Time)","error":{"actual":500,"expected":200,"message":"expected 500 to equal 200","name":"AssertionError","operator":"strictEqual","showDiff":true,"stack":"AssertionError: expected 500 to equal 200\n    at Test.<anonymous> (D:\\Book_Store_App\\Book-Store\\tests\\integration\\/user.test.js:46:37)\n    at Test.assert (D:\\Book_Store_App\\Book-Store\\node_modules\\supertest\\lib\\test.js:181:6)\n    at Server.localAssert (D:\\Book_Store_App\\Book-Store\\node_modules\\supertest\\lib\\test.js:131:12)\n    at Object.onceWrapper (events.js:481:28)\n    at Server.emit (events.js:375:28)\n    at emitCloseNT (net.js:1661:8)\n    at processTicksAndRejections (internal/process/task_queues.js:81:21)"},"exception":true,"os":{"loadavg":[0,0,0],"uptime":732844},"process":{"argv":["C:\\Program Files\\nodejs\\node.exe","D:\\Book_Store_App\\Book-Store\\node_modules\\mocha\\bin\\mocha","--exit","--recursive","--require","@babel/register","--timeout=5000","tests/**/*.js"],"cwd":"D:\\Book_Store_App\\Book-Store","execPath":"C:\\Program Files\\nodejs\\node.exe","gid":null,"memoryUsage":{"arrayBuffers":18300052,"external":19983820,"heapTotal":85860352,"heapUsed":56998000,"rss":116367360},"pid":15616,"uid":null,"version":"v14.17.3"},"stack":"AssertionError: expected 500 to equal 200\n    at Test.<anonymous> (D:\\Book_Store_App\\Book-Store\\tests\\integration\\/user.test.js:46:37)\n    at Test.assert (D:\\Book_Store_App\\Book-Store\\node_modules\\supertest\\lib\\test.js:181:6)\n    at Server.localAssert (D:\\Book_Store_App\\Book-Store\\node_modules\\supertest\\lib\\test.js:131:12)\n    at Object.onceWrapper (events.js:481:28)\n    at Server.emit (events.js:375:28)\n    at emitCloseNT (net.js:1661:8)\n    at processTicksAndRejections (internal/process/task_queues.js:81:21)","timestamp":"2022-01-25T16:31:38.092Z","trace":[{"column":37,"file":"D:\\Book_Store_App\\Book-Store\\tests\\integration\\/user.test.js","function":null,"line":46,"method":null,"native":false},{"column":6,"file":"D:\\Book_Store_App\\Book-Store\\node_modules\\supertest\\lib\\test.js","function":"Test.assert","line":181,"method":"assert","native":false},{"column":12,"file":"D:\\Book_Store_App\\Book-Store\\node_modules\\supertest\\lib\\test.js","function":"Server.localAssert","line":131,"method":"localAssert","native":false},{"column":28,"file":"events.js","function":"Object.onceWrapper","line":481,"method":"onceWrapper","native":false},{"column":28,"file":"events.js","function":"Server.emit","line":375,"method":"emit","native":false},{"column":8,"file":"net.js","function":"emitCloseNT","line":1661,"method":null,"native":false},{"column":21,"file":"internal/process/task_queues.js","function":"processTicksAndRejections","line":81,"method":null,"native":false}]}
error: 
    status - 500 
    message - ValidationError: "FirstName" is required 
    url - /api/v1/users/user_registration 
    method - POST 
    IP - ::ffff:127.0.0.1
   {"timestamp":"2022-01-25T16:33:15.361Z"}
error: uncaughtException: expected 500 to equal 201
AssertionError: expected 500 to equal 201
    at Test.<anonymous> (D:\Book_Store_App\Book-Store\tests\integration\/user.test.js:46:37)
    at Test.assert (D:\Book_Store_App\Book-Store\node_modules\supertest\lib\test.js:181:6)
    at Server.localAssert (D:\Book_Store_App\Book-Store\node_modules\supertest\lib\test.js:131:12)
    at Object.onceWrapper (events.js:481:28)
    at Server.emit (events.js:375:28)
    at emitCloseNT (net.js:1661:8)
    at processTicksAndRejections (internal/process/task_queues.js:81:21) {"date":"Tue Jan 25 2022 22:03:15 GMT+0530 (India Standard Time)","error":{"actual":500,"expected":201,"message":"expected 500 to equal 201","name":"AssertionError","operator":"strictEqual","showDiff":true,"stack":"AssertionError: expected 500 to equal 201\n    at Test.<anonymous> (D:\\Book_Store_App\\Book-Store\\tests\\integration\\/user.test.js:46:37)\n    at Test.assert (D:\\Book_Store_App\\Book-Store\\node_modules\\supertest\\lib\\test.js:181:6)\n    at Server.localAssert (D:\\Book_Store_App\\Book-Store\\node_modules\\supertest\\lib\\test.js:131:12)\n    at Object.onceWrapper (events.js:481:28)\n    at Server.emit (events.js:375:28)\n    at emitCloseNT (net.js:1661:8)\n    at processTicksAndRejections (internal/process/task_queues.js:81:21)"},"exception":true,"os":{"loadavg":[0,0,0],"uptime":732942},"process":{"argv":["C:\\Program Files\\nodejs\\node.exe","D:\\Book_Store_App\\Book-Store\\node_modules\\mocha\\bin\\mocha","--exit","--recursive","--require","@babel/register","--timeout=5000","tests/**/*.js"],"cwd":"D:\\Book_Store_App\\Book-Store","execPath":"C:\\Program Files\\nodejs\\node.exe","gid":null,"memoryUsage":{"arrayBuffers":18300052,"external":19983820,"heapTotal":87830528,"heapUsed":57688232,"rss":118812672},"pid":13420,"uid":null,"version":"v14.17.3"},"stack":"AssertionError: expected 500 to equal 201\n    at Test.<anonymous> (D:\\Book_Store_App\\Book-Store\\tests\\integration\\/user.test.js:46:37)\n    at Test.assert (D:\\Book_Store_App\\Book-Store\\node_modules\\supertest\\lib\\test.js:181:6)\n    at Server.localAssert (D:\\Book_Store_App\\Book-Store\\node_modules\\supertest\\lib\\test.js:131:12)\n    at Object.onceWrapper (events.js:481:28)\n    at Server.emit (events.js:375:28)\n    at emitCloseNT (net.js:1661:8)\n    at processTicksAndRejections (internal/process/task_queues.js:81:21)","timestamp":"2022-01-25T16:33:15.391Z","trace":[{"column":37,"file":"D:\\Book_Store_App\\Book-Store\\tests\\integration\\/user.test.js","function":null,"line":46,"method":null,"native":false},{"column":6,"file":"D:\\Book_Store_App\\Book-Store\\node_modules\\supertest\\lib\\test.js","function":"Test.assert","line":181,"method":"assert","native":false},{"column":12,"file":"D:\\Book_Store_App\\Book-Store\\node_modules\\supertest\\lib\\test.js","function":"Server.localAssert","line":131,"method":"localAssert","native":false},{"column":28,"file":"events.js","function":"Object.onceWrapper","line":481,"method":"onceWrapper","native":false},{"column":28,"file":"events.js","function":"Server.emit","line":375,"method":"emit","native":false},{"column":8,"file":"net.js","function":"emitCloseNT","line":1661,"method":null,"native":false},{"column":21,"file":"internal/process/task_queues.js","function":"processTicksAndRejections","line":81,"method":null,"native":false}]}
error: 
    status - 500 
    message - Error: User Already Exsist
    at _callee$ (D:\Book_Store_App\Book-Store\src\services\/user.service.js:21:11)
    at tryCatch (D:\Book_Store_App\Book-Store\node_modules\regenerator-runtime\runtime.js:63:40)
    at Generator.invoke [as _invoke] (D:\Book_Store_App\Book-Store\node_modules\regenerator-runtime\runtime.js:294:22)
    at Generator.next (D:\Book_Store_App\Book-Store\node_modules\regenerator-runtime\runtime.js:119:21)
    at asyncGeneratorStep (D:\Book_Store_App\Book-Store\node_modules\@babel\runtime\helpers\asyncToGenerator.js:3:24)
    at _next (D:\Book_Store_App\Book-Store\node_modules\@babel\runtime\helpers\asyncToGenerator.js:25:9)
    at processTicksAndRejections (internal/process/task_queues.js:95:5) 
    url - /api/v1/users/admin_registration 
    method - POST 
    IP - ::ffff:127.0.0.1
   {"timestamp":"2022-01-25T16:59:54.318Z"}
error: uncaughtException: expected 500 to equal 201
AssertionError: expected 500 to equal 201
    at Test.<anonymous> (D:\Book_Store_App\Book-Store\tests\integration\/user.test.js:60:36)
    at Test.assert (D:\Book_Store_App\Book-Store\node_modules\supertest\lib\test.js:181:6)
    at Server.localAssert (D:\Book_Store_App\Book-Store\node_modules\supertest\lib\test.js:131:12)
    at Object.onceWrapper (events.js:481:28)
    at Server.emit (events.js:375:28)
    at emitCloseNT (net.js:1661:8)
    at processTicksAndRejections (internal/process/task_queues.js:81:21) {"date":"Tue Jan 25 2022 22:29:54 GMT+0530 (India Standard Time)","error":{"actual":500,"expected":201,"message":"expected 500 to equal 201","name":"AssertionError","operator":"strictEqual","showDiff":true,"stack":"AssertionError: expected 500 to equal 201\n    at Test.<anonymous> (D:\\Book_Store_App\\Book-Store\\tests\\integration\\/user.test.js:60:36)\n    at Test.assert (D:\\Book_Store_App\\Book-Store\\node_modules\\supertest\\lib\\test.js:181:6)\n    at Server.localAssert (D:\\Book_Store_App\\Book-Store\\node_modules\\supertest\\lib\\test.js:131:12)\n    at Object.onceWrapper (events.js:481:28)\n    at Server.emit (events.js:375:28)\n    at emitCloseNT (net.js:1661:8)\n    at processTicksAndRejections (internal/process/task_queues.js:81:21)"},"exception":true,"os":{"loadavg":[0,0,0],"uptime":734541},"process":{"argv":["C:\\Program Files\\nodejs\\node.exe","D:\\Book_Store_App\\Book-Store\\node_modules\\mocha\\bin\\mocha","--exit","--recursive","--require","@babel/register","--timeout=15000","tests/**/*.js"],"cwd":"D:\\Book_Store_App\\Book-Store","execPath":"C:\\Program Files\\nodejs\\node.exe","gid":null,"memoryUsage":{"arrayBuffers":18414705,"external":20098473,"heapTotal":88354816,"heapUsed":61188960,"rss":119263232},"pid":26312,"uid":null,"version":"v14.17.3"},"stack":"AssertionError: expected 500 to equal 201\n    at Test.<anonymous> (D:\\Book_Store_App\\Book-Store\\tests\\integration\\/user.test.js:60:36)\n    at Test.assert (D:\\Book_Store_App\\Book-Store\\node_modules\\supertest\\lib\\test.js:181:6)\n    at Server.localAssert (D:\\Book_Store_App\\Book-Store\\node_modules\\supertest\\lib\\test.js:131:12)\n    at Object.onceWrapper (events.js:481:28)\n    at Server.emit (events.js:375:28)\n    at emitCloseNT (net.js:1661:8)\n    at processTicksAndRejections (internal/process/task_queues.js:81:21)","timestamp":"2022-01-25T16:59:54.352Z","trace":[{"column":36,"file":"D:\\Book_Store_App\\Book-Store\\tests\\integration\\/user.test.js","function":null,"line":60,"method":null,"native":false},{"column":6,"file":"D:\\Book_Store_App\\Book-Store\\node_modules\\supertest\\lib\\test.js","function":"Test.assert","line":181,"method":"assert","native":false},{"column":12,"file":"D:\\Book_Store_App\\Book-Store\\node_modules\\supertest\\lib\\test.js","function":"Server.localAssert","line":131,"method":"localAssert","native":false},{"column":28,"file":"events.js","function":"Object.onceWrapper","line":481,"method":"onceWrapper","native":false},{"column":28,"file":"events.js","function":"Server.emit","line":375,"method":"emit","native":false},{"column":8,"file":"net.js","function":"emitCloseNT","line":1661,"method":null,"native":false},{"column":21,"file":"internal/process/task_queues.js","function":"processTicksAndRejections","line":81,"method":null,"native":false}]}
error: 
    status - 500 
    message - Error: User does not exist
    at _callee2$ (D:\Book_Store_App\Book-Store\src\middlewares\/checkuser.middleware.js:38:14)
    at tryCatch (D:\Book_Store_App\Book-Store\node_modules\regenerator-runtime\runtime.js:63:40)
    at Generator.invoke [as _invoke] (D:\Book_Store_App\Book-Store\node_modules\regenerator-runtime\runtime.js:294:22)
    at Generator.next (D:\Book_Store_App\Book-Store\node_modules\regenerator-runtime\runtime.js:119:21)
    at asyncGeneratorStep (D:\Book_Store_App\Book-Store\node_modules\@babel\runtime\helpers\asyncToGenerator.js:3:24)
    at _next (D:\Book_Store_App\Book-Store\node_modules\@babel\runtime\helpers\asyncToGenerator.js:25:9)
    at processTicksAndRejections (internal/process/task_queues.js:95:5) 
    url - /api/v1/users/admin_login 
    method - POST 
    IP - ::ffff:127.0.0.1
   {"timestamp":"2022-01-25T17:18:36.223Z"}
error: uncaughtException: expected 500 to equal 200
AssertionError: expected 500 to equal 200
    at Test.<anonymous> (D:\Book_Store_App\Book-Store\tests\integration\/user.test.js:81:36)
    at Test.assert (D:\Book_Store_App\Book-Store\node_modules\supertest\lib\test.js:181:6)
    at Server.localAssert (D:\Book_Store_App\Book-Store\node_modules\supertest\lib\test.js:131:12)
    at Object.onceWrapper (events.js:481:28)
    at Server.emit (events.js:375:28)
    at emitCloseNT (net.js:1661:8)
    at processTicksAndRejections (internal/process/task_queues.js:81:21) {"date":"Tue Jan 25 2022 22:48:36 GMT+0530 (India Standard Time)","error":{"actual":500,"expected":200,"message":"expected 500 to equal 200","name":"AssertionError","operator":"strictEqual","showDiff":true,"stack":"AssertionError: expected 500 to equal 200\n    at Test.<anonymous> (D:\\Book_Store_App\\Book-Store\\tests\\integration\\/user.test.js:81:36)\n    at Test.assert (D:\\Book_Store_App\\Book-Store\\node_modules\\supertest\\lib\\test.js:181:6)\n    at Server.localAssert (D:\\Book_Store_App\\Book-Store\\node_modules\\supertest\\lib\\test.js:131:12)\n    at Object.onceWrapper (events.js:481:28)\n    at Server.emit (events.js:375:28)\n    at emitCloseNT (net.js:1661:8)\n    at processTicksAndRejections (internal/process/task_queues.js:81:21)"},"exception":true,"os":{"loadavg":[0,0,0],"uptime":735663},"process":{"argv":["C:\\Program Files\\nodejs\\node.exe","D:\\Book_Store_App\\Book-Store\\node_modules\\mocha\\bin\\mocha","--exit","--recursive","--require","@babel/register","--timeout=15000","tests/**/*.js"],"cwd":"D:\\Book_Store_App\\Book-Store","execPath":"C:\\Program Files\\nodejs\\node.exe","gid":null,"memoryUsage":{"arrayBuffers":18465478,"external":20149246,"heapTotal":86781952,"heapUsed":64078040,"rss":117985280},"pid":25772,"uid":null,"version":"v14.17.3"},"stack":"AssertionError: expected 500 to equal 200\n    at Test.<anonymous> (D:\\Book_Store_App\\Book-Store\\tests\\integration\\/user.test.js:81:36)\n    at Test.assert (D:\\Book_Store_App\\Book-Store\\node_modules\\supertest\\lib\\test.js:181:6)\n    at Server.localAssert (D:\\Book_Store_App\\Book-Store\\node_modules\\supertest\\lib\\test.js:131:12)\n    at Object.onceWrapper (events.js:481:28)\n    at Server.emit (events.js:375:28)\n    at emitCloseNT (net.js:1661:8)\n    at processTicksAndRejections (internal/process/task_queues.js:81:21)","timestamp":"2022-01-25T17:18:36.257Z","trace":[{"column":36,"file":"D:\\Book_Store_App\\Book-Store\\tests\\integration\\/user.test.js","function":null,"line":81,"method":null,"native":false},{"column":6,"file":"D:\\Book_Store_App\\Book-Store\\node_modules\\supertest\\lib\\test.js","function":"Test.assert","line":181,"method":"assert","native":false},{"column":12,"file":"D:\\Book_Store_App\\Book-Store\\node_modules\\supertest\\lib\\test.js","function":"Server.localAssert","line":131,"method":"localAssert","native":false},{"column":28,"file":"events.js","function":"Object.onceWrapper","line":481,"method":"onceWrapper","native":false},{"column":28,"file":"events.js","function":"Server.emit","line":375,"method":"emit","native":false},{"column":8,"file":"net.js","function":"emitCloseNT","line":1661,"method":null,"native":false},{"column":21,"file":"internal/process/task_queues.js","function":"processTicksAndRejections","line":81,"method":null,"native":false}]}
error: 
    status - 500 
    message - TypeError: Cannot read property 'split' of undefined
    at _callee4$ (D:\Book_Store_App\Book-Store\src\services\/user.service.js:91:22)
    at tryCatch (D:\Book_Store_App\Book-Store\node_modules\regenerator-runtime\runtime.js:63:40)
    at Generator.invoke [as _invoke] (D:\Book_Store_App\Book-Store\node_modules\regenerator-runtime\runtime.js:294:22)
    at Generator.next (D:\Book_Store_App\Book-Store\node_modules\regenerator-runtime\runtime.js:119:21)
    at asyncGeneratorStep (D:\Book_Store_App\Book-Store\node_modules\@babel\runtime\helpers\asyncToGenerator.js:3:24)
    at _next (D:\Book_Store_App\Book-Store\node_modules\@babel\runtime\helpers\asyncToGenerator.js:25:9)
    at D:\Book_Store_App\Book-Store\node_modules\@babel\runtime\helpers\asyncToGenerator.js:32:7
    at new Promise (<anonymous>)
    at Object.<anonymous> (D:\Book_Store_App\Book-Store\node_modules\@babel\runtime\helpers\asyncToGenerator.js:21:12)
    at Object.resetPassword (D:\Book_Store_App\Book-Store\src\services\/user.service.js:89:27)
    at _callee4$ (D:\Book_Store_App\Book-Store\src\controllers\/user.controller.js:55:36)
    at tryCatch (D:\Book_Store_App\Book-Store\node_modules\regenerator-runtime\runtime.js:63:40)
    at Generator.invoke [as _invoke] (D:\Book_Store_App\Book-Store\node_modules\regenerator-runtime\runtime.js:294:22)
    at Generator.next (D:\Book_Store_App\Book-Store\node_modules\regenerator-runtime\runtime.js:119:21)
    at asyncGeneratorStep (D:\Book_Store_App\Book-Store\node_modules\@babel\runtime\helpers\asyncToGenerator.js:3:24)
    at _next (D:\Book_Store_App\Book-Store\node_modules\@babel\runtime\helpers\asyncToGenerator.js:25:9)
    at D:\Book_Store_App\Book-Store\node_modules\@babel\runtime\helpers\asyncToGenerator.js:32:7
    at new Promise (<anonymous>)
    at D:\Book_Store_App\Book-Store\node_modules\@babel\runtime\helpers\asyncToGenerator.js:21:12
    at resetPassword (D:\Book_Store_App\Book-Store\src\controllers\/user.controller.js:53:27)
    at Layer.handle [as handle_request] (D:\Book_Store_App\Book-Store\node_modules\express\lib\router\layer.js:95:5)
    at next (D:\Book_Store_App\Book-Store\node_modules\express\lib\router\route.js:137:13)
    at Route.dispatch (D:\Book_Store_App\Book-Store\node_modules\express\lib\router\route.js:112:3)
    at Layer.handle [as handle_request] (D:\Book_Store_App\Book-Store\node_modules\express\lib\router\layer.js:95:5)
    at D:\Book_Store_App\Book-Store\node_modules\express\lib\router\index.js:281:22
    at Function.process_params (D:\Book_Store_App\Book-Store\node_modules\express\lib\router\index.js:341:12)
    at next (D:\Book_Store_App\Book-Store\node_modules\express\lib\router\index.js:275:10)
    at Function.handle (D:\Book_Store_App\Book-Store\node_modules\express\lib\router\index.js:174:3)
    at router (D:\Book_Store_App\Book-Store\node_modules\express\lib\router\index.js:47:12)
    at Layer.handle [as handle_request] (D:\Book_Store_App\Book-Store\node_modules\express\lib\router\layer.js:95:5)
    at trim_prefix (D:\Book_Store_App\Book-Store\node_modules\express\lib\router\index.js:323:13)
    at D:\Book_Store_App\Book-Store\node_modules\express\lib\router\index.js:284:7
    at Function.process_params (D:\Book_Store_App\Book-Store\node_modules\express\lib\router\index.js:341:12)
    at next (D:\Book_Store_App\Book-Store\node_modules\express\lib\router\index.js:275:10)
    at Function.handle (D:\Book_Store_App\Book-Store\node_modules\express\lib\router\index.js:174:3)
    at router (D:\Book_Store_App\Book-Store\node_modules\express\lib\router\index.js:47:12)
    at Layer.handle [as handle_request] (D:\Book_Store_App\Book-Store\node_modules\express\lib\router\layer.js:95:5)
    at trim_prefix (D:\Book_Store_App\Book-Store\node_modules\express\lib\router\index.js:323:13)
    at D:\Book_Store_App\Book-Store\node_modules\express\lib\router\index.js:284:7
    at Function.process_params (D:\Book_Store_App\Book-Store\node_modules\express\lib\router\index.js:341:12)
    at next (D:\Book_Store_App\Book-Store\node_modules\express\lib\router\index.js:275:10)
    at logger (D:\Book_Store_App\Book-Store\node_modules\morgan\index.js:144:5)
    at Layer.handle [as handle_request] (D:\Book_Store_App\Book-Store\node_modules\express\lib\router\layer.js:95:5)
    at trim_prefix (D:\Book_Store_App\Book-Store\node_modules\express\lib\router\index.js:323:13)
    at D:\Book_Store_App\Book-Store\node_modules\express\lib\router\index.js:284:7
    at Function.process_params (D:\Book_Store_App\Book-Store\node_modules\express\lib\router\index.js:341:12)
    at next (D:\Book_Store_App\Book-Store\node_modules\express\lib\router\index.js:275:10)
    at D:\Book_Store_App\Book-Store\node_modules\body-parser\lib\read.js:130:5
    at invokeCallback (D:\Book_Store_App\Book-Store\node_modules\raw-body\index.js:224:16)
    at done (D:\Book_Store_App\Book-Store\node_modules\raw-body\index.js:213:7)
    at IncomingMessage.onEnd (D:\Book_Store_App\Book-Store\node_modules\raw-body\index.js:273:7)
    at IncomingMessage.emit (events.js:387:35)
    at endReadableNT (internal/streams/readable.js:1317:12)
    at processTicksAndRejections (internal/process/task_queues.js:82:21) 
    url - /api/v1/users/resetpassword 
    method - POST 
    IP - ::ffff:127.0.0.1
   {"timestamp":"2022-01-25T17:28:15.619Z"}
error: uncaughtException: expected 500 to equal 200
AssertionError: expected 500 to equal 200
    at Test.<anonymous> (D:\Book_Store_App\Book-Store\tests\integration\/user.test.js:101:36)
    at Test.assert (D:\Book_Store_App\Book-Store\node_modules\supertest\lib\test.js:181:6)
    at Server.localAssert (D:\Book_Store_App\Book-Store\node_modules\supertest\lib\test.js:131:12)
    at Object.onceWrapper (events.js:481:28)
    at Server.emit (events.js:375:28)
    at emitCloseNT (net.js:1661:8)
    at processTicksAndRejections (internal/process/task_queues.js:81:21) {"date":"Tue Jan 25 2022 22:58:15 GMT+0530 (India Standard Time)","error":{"actual":500,"expected":200,"message":"expected 500 to equal 200","name":"AssertionError","operator":"strictEqual","showDiff":true,"stack":"AssertionError: expected 500 to equal 200\n    at Test.<anonymous> (D:\\Book_Store_App\\Book-Store\\tests\\integration\\/user.test.js:101:36)\n    at Test.assert (D:\\Book_Store_App\\Book-Store\\node_modules\\supertest\\lib\\test.js:181:6)\n    at Server.localAssert (D:\\Book_Store_App\\Book-Store\\node_modules\\supertest\\lib\\test.js:131:12)\n    at Object.onceWrapper (events.js:481:28)\n    at Server.emit (events.js:375:28)\n    at emitCloseNT (net.js:1661:8)\n    at processTicksAndRejections (internal/process/task_queues.js:81:21)"},"exception":true,"os":{"loadavg":[0,0,0],"uptime":736242},"process":{"argv":["C:\\Program Files\\nodejs\\node.exe","D:\\Book_Store_App\\Book-Store\\node_modules\\mocha\\bin\\mocha","--exit","--recursive","--require","@babel/register","--timeout=15000","tests/**/*.js"],"cwd":"D:\\Book_Store_App\\Book-Store","execPath":"C:\\Program Files\\nodejs\\node.exe","gid":null,"memoryUsage":{"arrayBuffers":18304766,"external":19988534,"heapTotal":90189824,"heapUsed":56973320,"rss":121368576},"pid":25216,"uid":null,"version":"v14.17.3"},"stack":"AssertionError: expected 500 to equal 200\n    at Test.<anonymous> (D:\\Book_Store_App\\Book-Store\\tests\\integration\\/user.test.js:101:36)\n    at Test.assert (D:\\Book_Store_App\\Book-Store\\node_modules\\supertest\\lib\\test.js:181:6)\n    at Server.localAssert (D:\\Book_Store_App\\Book-Store\\node_modules\\supertest\\lib\\test.js:131:12)\n    at Object.onceWrapper (events.js:481:28)\n    at Server.emit (events.js:375:28)\n    at emitCloseNT (net.js:1661:8)\n    at processTicksAndRejections (internal/process/task_queues.js:81:21)","timestamp":"2022-01-25T17:28:15.674Z","trace":[{"column":36,"file":"D:\\Book_Store_App\\Book-Store\\tests\\integration\\/user.test.js","function":null,"line":101,"method":null,"native":false},{"column":6,"file":"D:\\Book_Store_App\\Book-Store\\node_modules\\supertest\\lib\\test.js","function":"Test.assert","line":181,"method":"assert","native":false},{"column":12,"file":"D:\\Book_Store_App\\Book-Store\\node_modules\\supertest\\lib\\test.js","function":"Server.localAssert","line":131,"method":"localAssert","native":false},{"column":28,"file":"events.js","function":"Object.onceWrapper","line":481,"method":"onceWrapper","native":false},{"column":28,"file":"events.js","function":"Server.emit","line":375,"method":"emit","native":false},{"column":8,"file":"net.js","function":"emitCloseNT","line":1661,"method":null,"native":false},{"column":21,"file":"internal/process/task_queues.js","function":"processTicksAndRejections","line":81,"method":null,"native":false}]}
error: 
    status - 500 
    message - JsonWebTokenError: jwt must be provided
    at Object.verify (D:\Book_Store_App\Book-Store\node_modules\jsonwebtoken\verify.js:53:17)
    at _callee4$ (D:\Book_Store_App\Book-Store\src\services\/user.service.js:92:27)
    at tryCatch (D:\Book_Store_App\Book-Store\node_modules\regenerator-runtime\runtime.js:63:40)
    at Generator.invoke [as _invoke] (D:\Book_Store_App\Book-Store\node_modules\regenerator-runtime\runtime.js:294:22)
    at Generator.next (D:\Book_Store_App\Book-Store\node_modules\regenerator-runtime\runtime.js:119:21)
    at asyncGeneratorStep (D:\Book_Store_App\Book-Store\node_modules\@babel\runtime\helpers\asyncToGenerator.js:3:24)
    at _next (D:\Book_Store_App\Book-Store\node_modules\@babel\runtime\helpers\asyncToGenerator.js:25:9)
    at D:\Book_Store_App\Book-Store\node_modules\@babel\runtime\helpers\asyncToGenerator.js:32:7
    at new Promise (<anonymous>)
    at Object.<anonymous> (D:\Book_Store_App\Book-Store\node_modules\@babel\runtime\helpers\asyncToGenerator.js:21:12)
    at Object.resetPassword (D:\Book_Store_App\Book-Store\src\services\/user.service.js:89:27)
    at _callee4$ (D:\Book_Store_App\Book-Store\src\controllers\/user.controller.js:55:36)
    at tryCatch (D:\Book_Store_App\Book-Store\node_modules\regenerator-runtime\runtime.js:63:40)
    at Generator.invoke [as _invoke] (D:\Book_Store_App\Book-Store\node_modules\regenerator-runtime\runtime.js:294:22)
    at Generator.next (D:\Book_Store_App\Book-Store\node_modules\regenerator-runtime\runtime.js:119:21)
    at asyncGeneratorStep (D:\Book_Store_App\Book-Store\node_modules\@babel\runtime\helpers\asyncToGenerator.js:3:24)
    at _next (D:\Book_Store_App\Book-Store\node_modules\@babel\runtime\helpers\asyncToGenerator.js:25:9)
    at D:\Book_Store_App\Book-Store\node_modules\@babel\runtime\helpers\asyncToGenerator.js:32:7
    at new Promise (<anonymous>)
    at D:\Book_Store_App\Book-Store\node_modules\@babel\runtime\helpers\asyncToGenerator.js:21:12
    at resetPassword (D:\Book_Store_App\Book-Store\src\controllers\/user.controller.js:53:27)
    at Layer.handle [as handle_request] (D:\Book_Store_App\Book-Store\node_modules\express\lib\router\layer.js:95:5)
    at next (D:\Book_Store_App\Book-Store\node_modules\express\lib\router\route.js:137:13)
    at Route.dispatch (D:\Book_Store_App\Book-Store\node_modules\express\lib\router\route.js:112:3)
    at Layer.handle [as handle_request] (D:\Book_Store_App\Book-Store\node_modules\express\lib\router\layer.js:95:5)
    at D:\Book_Store_App\Book-Store\node_modules\express\lib\router\index.js:281:22
    at Function.process_params (D:\Book_Store_App\Book-Store\node_modules\express\lib\router\index.js:341:12)
    at next (D:\Book_Store_App\Book-Store\node_modules\express\lib\router\index.js:275:10)
    at Function.handle (D:\Book_Store_App\Book-Store\node_modules\express\lib\router\index.js:174:3)
    at router (D:\Book_Store_App\Book-Store\node_modules\express\lib\router\index.js:47:12)
    at Layer.handle [as handle_request] (D:\Book_Store_App\Book-Store\node_modules\express\lib\router\layer.js:95:5)
    at trim_prefix (D:\Book_Store_App\Book-Store\node_modules\express\lib\router\index.js:323:13)
    at D:\Book_Store_App\Book-Store\node_modules\express\lib\router\index.js:284:7
    at Function.process_params (D:\Book_Store_App\Book-Store\node_modules\express\lib\router\index.js:341:12)
    at next (D:\Book_Store_App\Book-Store\node_modules\express\lib\router\index.js:275:10)
    at Function.handle (D:\Book_Store_App\Book-Store\node_modules\express\lib\router\index.js:174:3)
    at router (D:\Book_Store_App\Book-Store\node_modules\express\lib\router\index.js:47:12)
    at Layer.handle [as handle_request] (D:\Book_Store_App\Book-Store\node_modules\express\lib\router\layer.js:95:5)
    at trim_prefix (D:\Book_Store_App\Book-Store\node_modules\express\lib\router\index.js:323:13)
    at D:\Book_Store_App\Book-Store\node_modules\express\lib\router\index.js:284:7
    at Function.process_params (D:\Book_Store_App\Book-Store\node_modules\express\lib\router\index.js:341:12)
    at next (D:\Book_Store_App\Book-Store\node_modules\express\lib\router\index.js:275:10)
    at logger (D:\Book_Store_App\Book-Store\node_modules\morgan\index.js:144:5)
    at Layer.handle [as handle_request] (D:\Book_Store_App\Book-Store\node_modules\express\lib\router\layer.js:95:5)
    at trim_prefix (D:\Book_Store_App\Book-Store\node_modules\express\lib\router\index.js:323:13)
    at D:\Book_Store_App\Book-Store\node_modules\express\lib\router\index.js:284:7
    at Function.process_params (D:\Book_Store_App\Book-Store\node_modules\express\lib\router\index.js:341:12)
    at next (D:\Book_Store_App\Book-Store\node_modules\express\lib\router\index.js:275:10)
    at D:\Book_Store_App\Book-Store\node_modules\body-parser\lib\read.js:130:5
    at invokeCallback (D:\Book_Store_App\Book-Store\node_modules\raw-body\index.js:224:16)
    at done (D:\Book_Store_App\Book-Store\node_modules\raw-body\index.js:213:7)
    at IncomingMessage.onEnd (D:\Book_Store_App\Book-Store\node_modules\raw-body\index.js:273:7)
    at IncomingMessage.emit (events.js:387:35)
    at endReadableNT (internal/streams/readable.js:1317:12)
    at processTicksAndRejections (internal/process/task_queues.js:82:21) 
    url - /api/v1/users/resetpassword 
    method - POST 
    IP - ::ffff:127.0.0.1
   {"timestamp":"2022-01-25T17:42:16.569Z"}
error: uncaughtException: expected 500 to equal 200
AssertionError: expected 500 to equal 200
    at Test.<anonymous> (D:\Book_Store_App\Book-Store\tests\integration\/user.test.js:107:36)
    at Test.assert (D:\Book_Store_App\Book-Store\node_modules\supertest\lib\test.js:181:6)
    at Server.localAssert (D:\Book_Store_App\Book-Store\node_modules\supertest\lib\test.js:131:12)
    at Object.onceWrapper (events.js:481:28)
    at Server.emit (events.js:375:28)
    at emitCloseNT (net.js:1661:8)
    at processTicksAndRejections (internal/process/task_queues.js:81:21) {"date":"Tue Jan 25 2022 23:12:16 GMT+0530 (India Standard Time)","error":{"actual":500,"expected":200,"message":"expected 500 to equal 200","name":"AssertionError","operator":"strictEqual","showDiff":true,"stack":"AssertionError: expected 500 to equal 200\n    at Test.<anonymous> (D:\\Book_Store_App\\Book-Store\\tests\\integration\\/user.test.js:107:36)\n    at Test.assert (D:\\Book_Store_App\\Book-Store\\node_modules\\supertest\\lib\\test.js:181:6)\n    at Server.localAssert (D:\\Book_Store_App\\Book-Store\\node_modules\\supertest\\lib\\test.js:131:12)\n    at Object.onceWrapper (events.js:481:28)\n    at Server.emit (events.js:375:28)\n    at emitCloseNT (net.js:1661:8)\n    at processTicksAndRejections (internal/process/task_queues.js:81:21)"},"exception":true,"os":{"loadavg":[0,0,0],"uptime":737083},"process":{"argv":["C:\\Program Files\\nodejs\\node.exe","D:\\Book_Store_App\\Book-Store\\node_modules\\mocha\\bin\\mocha","--exit","--recursive","--require","@babel/register","--timeout=15000","tests/**/*.js"],"cwd":"D:\\Book_Store_App\\Book-Store","execPath":"C:\\Program Files\\nodejs\\node.exe","gid":null,"memoryUsage":{"arrayBuffers":18408256,"external":20092024,"heapTotal":88879104,"heapUsed":59215256,"rss":120057856},"pid":1264,"uid":null,"version":"v14.17.3"},"stack":"AssertionError: expected 500 to equal 200\n    at Test.<anonymous> (D:\\Book_Store_App\\Book-Store\\tests\\integration\\/user.test.js:107:36)\n    at Test.assert (D:\\Book_Store_App\\Book-Store\\node_modules\\supertest\\lib\\test.js:181:6)\n    at Server.localAssert (D:\\Book_Store_App\\Book-Store\\node_modules\\supertest\\lib\\test.js:131:12)\n    at Object.onceWrapper (events.js:481:28)\n    at Server.emit (events.js:375:28)\n    at emitCloseNT (net.js:1661:8)\n    at processTicksAndRejections (internal/process/task_queues.js:81:21)","timestamp":"2022-01-25T17:42:16.607Z","trace":[{"column":36,"file":"D:\\Book_Store_App\\Book-Store\\tests\\integration\\/user.test.js","function":null,"line":107,"method":null,"native":false},{"column":6,"file":"D:\\Book_Store_App\\Book-Store\\node_modules\\supertest\\lib\\test.js","function":"Test.assert","line":181,"method":"assert","native":false},{"column":12,"file":"D:\\Book_Store_App\\Book-Store\\node_modules\\supertest\\lib\\test.js","function":"Server.localAssert","line":131,"method":"localAssert","native":false},{"column":28,"file":"events.js","function":"Object.onceWrapper","line":481,"method":"onceWrapper","native":false},{"column":28,"file":"events.js","function":"Server.emit","line":375,"method":"emit","native":false},{"column":8,"file":"net.js","function":"emitCloseNT","line":1661,"method":null,"native":false},{"column":21,"file":"internal/process/task_queues.js","function":"processTicksAndRejections","line":81,"method":null,"native":false}]}
error: 
    status - 500 
    message - JsonWebTokenError: jwt must be provided
    at Object.verify (D:\Book_Store_App\Book-Store\node_modules\jsonwebtoken\verify.js:53:17)
    at _callee4$ (D:\Book_Store_App\Book-Store\src\services\/user.service.js:92:27)
    at tryCatch (D:\Book_Store_App\Book-Store\node_modules\regenerator-runtime\runtime.js:63:40)
    at Generator.invoke [as _invoke] (D:\Book_Store_App\Book-Store\node_modules\regenerator-runtime\runtime.js:294:22)
    at Generator.next (D:\Book_Store_App\Book-Store\node_modules\regenerator-runtime\runtime.js:119:21)
    at asyncGeneratorStep (D:\Book_Store_App\Book-Store\node_modules\@babel\runtime\helpers\asyncToGenerator.js:3:24)
    at _next (D:\Book_Store_App\Book-Store\node_modules\@babel\runtime\helpers\asyncToGenerator.js:25:9)
    at D:\Book_Store_App\Book-Store\node_modules\@babel\runtime\helpers\asyncToGenerator.js:32:7
    at new Promise (<anonymous>)
    at Object.<anonymous> (D:\Book_Store_App\Book-Store\node_modules\@babel\runtime\helpers\asyncToGenerator.js:21:12)
    at Object.resetPassword (D:\Book_Store_App\Book-Store\src\services\/user.service.js:89:27)
    at _callee4$ (D:\Book_Store_App\Book-Store\src\controllers\/user.controller.js:55:36)
    at tryCatch (D:\Book_Store_App\Book-Store\node_modules\regenerator-runtime\runtime.js:63:40)
    at Generator.invoke [as _invoke] (D:\Book_Store_App\Book-Store\node_modules\regenerator-runtime\runtime.js:294:22)
    at Generator.next (D:\Book_Store_App\Book-Store\node_modules\regenerator-runtime\runtime.js:119:21)
    at asyncGeneratorStep (D:\Book_Store_App\Book-Store\node_modules\@babel\runtime\helpers\asyncToGenerator.js:3:24)
    at _next (D:\Book_Store_App\Book-Store\node_modules\@babel\runtime\helpers\asyncToGenerator.js:25:9)
    at D:\Book_Store_App\Book-Store\node_modules\@babel\runtime\helpers\asyncToGenerator.js:32:7
    at new Promise (<anonymous>)
    at D:\Book_Store_App\Book-Store\node_modules\@babel\runtime\helpers\asyncToGenerator.js:21:12
    at resetPassword (D:\Book_Store_App\Book-Store\src\controllers\/user.controller.js:53:27)
    at Layer.handle [as handle_request] (D:\Book_Store_App\Book-Store\node_modules\express\lib\router\layer.js:95:5)
    at next (D:\Book_Store_App\Book-Store\node_modules\express\lib\router\route.js:137:13)
    at Route.dispatch (D:\Book_Store_App\Book-Store\node_modules\express\lib\router\route.js:112:3)
    at Layer.handle [as handle_request] (D:\Book_Store_App\Book-Store\node_modules\express\lib\router\layer.js:95:5)
    at D:\Book_Store_App\Book-Store\node_modules\express\lib\router\index.js:281:22
    at Function.process_params (D:\Book_Store_App\Book-Store\node_modules\express\lib\router\index.js:341:12)
    at next (D:\Book_Store_App\Book-Store\node_modules\express\lib\router\index.js:275:10)
    at Function.handle (D:\Book_Store_App\Book-Store\node_modules\express\lib\router\index.js:174:3)
    at router (D:\Book_Store_App\Book-Store\node_modules\express\lib\router\index.js:47:12)
    at Layer.handle [as handle_request] (D:\Book_Store_App\Book-Store\node_modules\express\lib\router\layer.js:95:5)
    at trim_prefix (D:\Book_Store_App\Book-Store\node_modules\express\lib\router\index.js:323:13)
    at D:\Book_Store_App\Book-Store\node_modules\express\lib\router\index.js:284:7
    at Function.process_params (D:\Book_Store_App\Book-Store\node_modules\express\lib\router\index.js:341:12)
    at next (D:\Book_Store_App\Book-Store\node_modules\express\lib\router\index.js:275:10)
    at Function.handle (D:\Book_Store_App\Book-Store\node_modules\express\lib\router\index.js:174:3)
    at router (D:\Book_Store_App\Book-Store\node_modules\express\lib\router\index.js:47:12)
    at Layer.handle [as handle_request] (D:\Book_Store_App\Book-Store\node_modules\express\lib\router\layer.js:95:5)
    at trim_prefix (D:\Book_Store_App\Book-Store\node_modules\express\lib\router\index.js:323:13)
    at D:\Book_Store_App\Book-Store\node_modules\express\lib\router\index.js:284:7
    at Function.process_params (D:\Book_Store_App\Book-Store\node_modules\express\lib\router\index.js:341:12)
    at next (D:\Book_Store_App\Book-Store\node_modules\express\lib\router\index.js:275:10)
    at logger (D:\Book_Store_App\Book-Store\node_modules\morgan\index.js:144:5)
    at Layer.handle [as handle_request] (D:\Book_Store_App\Book-Store\node_modules\express\lib\router\layer.js:95:5)
    at trim_prefix (D:\Book_Store_App\Book-Store\node_modules\express\lib\router\index.js:323:13)
    at D:\Book_Store_App\Book-Store\node_modules\express\lib\router\index.js:284:7
    at Function.process_params (D:\Book_Store_App\Book-Store\node_modules\express\lib\router\index.js:341:12)
    at next (D:\Book_Store_App\Book-Store\node_modules\express\lib\router\index.js:275:10)
    at D:\Book_Store_App\Book-Store\node_modules\body-parser\lib\read.js:130:5
    at invokeCallback (D:\Book_Store_App\Book-Store\node_modules\raw-body\index.js:224:16)
    at done (D:\Book_Store_App\Book-Store\node_modules\raw-body\index.js:213:7)
    at IncomingMessage.onEnd (D:\Book_Store_App\Book-Store\node_modules\raw-body\index.js:273:7)
    at IncomingMessage.emit (events.js:387:35)
    at endReadableNT (internal/streams/readable.js:1317:12)
    at processTicksAndRejections (internal/process/task_queues.js:82:21) 
    url - /api/v1/users/resetpassword 
    method - POST 
    IP - ::ffff:127.0.0.1
   {"timestamp":"2022-01-25T17:44:02.361Z"}
error: uncaughtException: expected 500 to equal 200
AssertionError: expected 500 to equal 200
    at Test.<anonymous> (D:\Book_Store_App\Book-Store\tests\integration\/user.test.js:107:36)
    at Test.assert (D:\Book_Store_App\Book-Store\node_modules\supertest\lib\test.js:181:6)
    at Server.localAssert (D:\Book_Store_App\Book-Store\node_modules\supertest\lib\test.js:131:12)
    at Object.onceWrapper (events.js:481:28)
    at Server.emit (events.js:375:28)
    at emitCloseNT (net.js:1661:8)
    at processTicksAndRejections (internal/process/task_queues.js:81:21) {"date":"Tue Jan 25 2022 23:14:02 GMT+0530 (India Standard Time)","error":{"actual":500,"expected":200,"message":"expected 500 to equal 200","name":"AssertionError","operator":"strictEqual","showDiff":true,"stack":"AssertionError: expected 500 to equal 200\n    at Test.<anonymous> (D:\\Book_Store_App\\Book-Store\\tests\\integration\\/user.test.js:107:36)\n    at Test.assert (D:\\Book_Store_App\\Book-Store\\node_modules\\supertest\\lib\\test.js:181:6)\n    at Server.localAssert (D:\\Book_Store_App\\Book-Store\\node_modules\\supertest\\lib\\test.js:131:12)\n    at Object.onceWrapper (events.js:481:28)\n    at Server.emit (events.js:375:28)\n    at emitCloseNT (net.js:1661:8)\n    at processTicksAndRejections (internal/process/task_queues.js:81:21)"},"exception":true,"os":{"loadavg":[0,0,0],"uptime":737189},"process":{"argv":["C:\\Program Files\\nodejs\\node.exe","D:\\Book_Store_App\\Book-Store\\node_modules\\mocha\\bin\\mocha","--exit","--recursive","--require","@babel/register","--timeout=15000","tests/**/*.js"],"cwd":"D:\\Book_Store_App\\Book-Store","execPath":"C:\\Program Files\\nodejs\\node.exe","gid":null,"memoryUsage":{"arrayBuffers":18398536,"external":20082304,"heapTotal":88879104,"heapUsed":59133184,"rss":121376768},"pid":16668,"uid":null,"version":"v14.17.3"},"stack":"AssertionError: expected 500 to equal 200\n    at Test.<anonymous> (D:\\Book_Store_App\\Book-Store\\tests\\integration\\/user.test.js:107:36)\n    at Test.assert (D:\\Book_Store_App\\Book-Store\\node_modules\\supertest\\lib\\test.js:181:6)\n    at Server.localAssert (D:\\Book_Store_App\\Book-Store\\node_modules\\supertest\\lib\\test.js:131:12)\n    at Object.onceWrapper (events.js:481:28)\n    at Server.emit (events.js:375:28)\n    at emitCloseNT (net.js:1661:8)\n    at processTicksAndRejections (internal/process/task_queues.js:81:21)","timestamp":"2022-01-25T17:44:02.401Z","trace":[{"column":36,"file":"D:\\Book_Store_App\\Book-Store\\tests\\integration\\/user.test.js","function":null,"line":107,"method":null,"native":false},{"column":6,"file":"D:\\Book_Store_App\\Book-Store\\node_modules\\supertest\\lib\\test.js","function":"Test.assert","line":181,"method":"assert","native":false},{"column":12,"file":"D:\\Book_Store_App\\Book-Store\\node_modules\\supertest\\lib\\test.js","function":"Server.localAssert","line":131,"method":"localAssert","native":false},{"column":28,"file":"events.js","function":"Object.onceWrapper","line":481,"method":"onceWrapper","native":false},{"column":28,"file":"events.js","function":"Server.emit","line":375,"method":"emit","native":false},{"column":8,"file":"net.js","function":"emitCloseNT","line":1661,"method":null,"native":false},{"column":21,"file":"internal/process/task_queues.js","function":"processTicksAndRejections","line":81,"method":null,"native":false}]}
error: 
    status - 500 
    message - JsonWebTokenError: jwt must be provided
    at Object.verify (D:\Book_Store_App\Book-Store\node_modules\jsonwebtoken\verify.js:53:17)
    at _callee4$ (D:\Book_Store_App\Book-Store\src\services\/user.service.js:92:27)
    at tryCatch (D:\Book_Store_App\Book-Store\node_modules\regenerator-runtime\runtime.js:63:40)
    at Generator.invoke [as _invoke] (D:\Book_Store_App\Book-Store\node_modules\regenerator-runtime\runtime.js:294:22)
    at Generator.next (D:\Book_Store_App\Book-Store\node_modules\regenerator-runtime\runtime.js:119:21)
    at asyncGeneratorStep (D:\Book_Store_App\Book-Store\node_modules\@babel\runtime\helpers\asyncToGenerator.js:3:24)
    at _next (D:\Book_Store_App\Book-Store\node_modules\@babel\runtime\helpers\asyncToGenerator.js:25:9)
    at D:\Book_Store_App\Book-Store\node_modules\@babel\runtime\helpers\asyncToGenerator.js:32:7
    at new Promise (<anonymous>)
    at Object.<anonymous> (D:\Book_Store_App\Book-Store\node_modules\@babel\runtime\helpers\asyncToGenerator.js:21:12)
    at Object.resetPassword (D:\Book_Store_App\Book-Store\src\services\/user.service.js:89:27)
    at _callee4$ (D:\Book_Store_App\Book-Store\src\controllers\/user.controller.js:55:36)
    at tryCatch (D:\Book_Store_App\Book-Store\node_modules\regenerator-runtime\runtime.js:63:40)
    at Generator.invoke [as _invoke] (D:\Book_Store_App\Book-Store\node_modules\regenerator-runtime\runtime.js:294:22)
    at Generator.next (D:\Book_Store_App\Book-Store\node_modules\regenerator-runtime\runtime.js:119:21)
    at asyncGeneratorStep (D:\Book_Store_App\Book-Store\node_modules\@babel\runtime\helpers\asyncToGenerator.js:3:24)
    at _next (D:\Book_Store_App\Book-Store\node_modules\@babel\runtime\helpers\asyncToGenerator.js:25:9)
    at D:\Book_Store_App\Book-Store\node_modules\@babel\runtime\helpers\asyncToGenerator.js:32:7
    at new Promise (<anonymous>)
    at D:\Book_Store_App\Book-Store\node_modules\@babel\runtime\helpers\asyncToGenerator.js:21:12
    at resetPassword (D:\Book_Store_App\Book-Store\src\controllers\/user.controller.js:53:27)
    at Layer.handle [as handle_request] (D:\Book_Store_App\Book-Store\node_modules\express\lib\router\layer.js:95:5)
    at next (D:\Book_Store_App\Book-Store\node_modules\express\lib\router\route.js:137:13)
    at Route.dispatch (D:\Book_Store_App\Book-Store\node_modules\express\lib\router\route.js:112:3)
    at Layer.handle [as handle_request] (D:\Book_Store_App\Book-Store\node_modules\express\lib\router\layer.js:95:5)
    at D:\Book_Store_App\Book-Store\node_modules\express\lib\router\index.js:281:22
    at Function.process_params (D:\Book_Store_App\Book-Store\node_modules\express\lib\router\index.js:341:12)
    at next (D:\Book_Store_App\Book-Store\node_modules\express\lib\router\index.js:275:10)
    at Function.handle (D:\Book_Store_App\Book-Store\node_modules\express\lib\router\index.js:174:3)
    at router (D:\Book_Store_App\Book-Store\node_modules\express\lib\router\index.js:47:12)
    at Layer.handle [as handle_request] (D:\Book_Store_App\Book-Store\node_modules\express\lib\router\layer.js:95:5)
    at trim_prefix (D:\Book_Store_App\Book-Store\node_modules\express\lib\router\index.js:323:13)
    at D:\Book_Store_App\Book-Store\node_modules\express\lib\router\index.js:284:7
    at Function.process_params (D:\Book_Store_App\Book-Store\node_modules\express\lib\router\index.js:341:12)
    at next (D:\Book_Store_App\Book-Store\node_modules\express\lib\router\index.js:275:10)
    at Function.handle (D:\Book_Store_App\Book-Store\node_modules\express\lib\router\index.js:174:3)
    at router (D:\Book_Store_App\Book-Store\node_modules\express\lib\router\index.js:47:12)
    at Layer.handle [as handle_request] (D:\Book_Store_App\Book-Store\node_modules\express\lib\router\layer.js:95:5)
    at trim_prefix (D:\Book_Store_App\Book-Store\node_modules\express\lib\router\index.js:323:13)
    at D:\Book_Store_App\Book-Store\node_modules\express\lib\router\index.js:284:7
    at Function.process_params (D:\Book_Store_App\Book-Store\node_modules\express\lib\router\index.js:341:12)
    at next (D:\Book_Store_App\Book-Store\node_modules\express\lib\router\index.js:275:10)
    at logger (D:\Book_Store_App\Book-Store\node_modules\morgan\index.js:144:5)
    at Layer.handle [as handle_request] (D:\Book_Store_App\Book-Store\node_modules\express\lib\router\layer.js:95:5)
    at trim_prefix (D:\Book_Store_App\Book-Store\node_modules\express\lib\router\index.js:323:13)
    at D:\Book_Store_App\Book-Store\node_modules\express\lib\router\index.js:284:7
    at Function.process_params (D:\Book_Store_App\Book-Store\node_modules\express\lib\router\index.js:341:12)
    at next (D:\Book_Store_App\Book-Store\node_modules\express\lib\router\index.js:275:10)
    at D:\Book_Store_App\Book-Store\node_modules\body-parser\lib\read.js:130:5
    at invokeCallback (D:\Book_Store_App\Book-Store\node_modules\raw-body\index.js:224:16)
    at done (D:\Book_Store_App\Book-Store\node_modules\raw-body\index.js:213:7)
    at IncomingMessage.onEnd (D:\Book_Store_App\Book-Store\node_modules\raw-body\index.js:273:7)
    at IncomingMessage.emit (events.js:387:35)
    at endReadableNT (internal/streams/readable.js:1317:12)
    at processTicksAndRejections (internal/process/task_queues.js:82:21) 
    url - /api/v1/users/resetpassword 
    method - POST 
    IP - ::ffff:127.0.0.1
   {"timestamp":"2022-01-25T17:44:52.097Z"}
error: uncaughtException: expected 500 to equal 200
AssertionError: expected 500 to equal 200
    at Test.<anonymous> (D:\Book_Store_App\Book-Store\tests\integration\/user.test.js:107:36)
    at Test.assert (D:\Book_Store_App\Book-Store\node_modules\supertest\lib\test.js:181:6)
    at Server.localAssert (D:\Book_Store_App\Book-Store\node_modules\supertest\lib\test.js:131:12)
    at Object.onceWrapper (events.js:481:28)
    at Server.emit (events.js:375:28)
    at emitCloseNT (net.js:1661:8)
    at processTicksAndRejections (internal/process/task_queues.js:81:21) {"date":"Tue Jan 25 2022 23:14:52 GMT+0530 (India Standard Time)","error":{"actual":500,"expected":200,"message":"expected 500 to equal 200","name":"AssertionError","operator":"strictEqual","showDiff":true,"stack":"AssertionError: expected 500 to equal 200\n    at Test.<anonymous> (D:\\Book_Store_App\\Book-Store\\tests\\integration\\/user.test.js:107:36)\n    at Test.assert (D:\\Book_Store_App\\Book-Store\\node_modules\\supertest\\lib\\test.js:181:6)\n    at Server.localAssert (D:\\Book_Store_App\\Book-Store\\node_modules\\supertest\\lib\\test.js:131:12)\n    at Object.onceWrapper (events.js:481:28)\n    at Server.emit (events.js:375:28)\n    at emitCloseNT (net.js:1661:8)\n    at processTicksAndRejections (internal/process/task_queues.js:81:21)"},"exception":true,"os":{"loadavg":[0,0,0],"uptime":737238},"process":{"argv":["C:\\Program Files\\nodejs\\node.exe","D:\\Book_Store_App\\Book-Store\\node_modules\\mocha\\bin\\mocha","--exit","--recursive","--require","@babel/register","--timeout=15000","tests/**/*.js"],"cwd":"D:\\Book_Store_App\\Book-Store","execPath":"C:\\Program Files\\nodejs\\node.exe","gid":null,"memoryUsage":{"arrayBuffers":18393992,"external":20077760,"heapTotal":89665536,"heapUsed":58443000,"rss":121212928},"pid":27436,"uid":null,"version":"v14.17.3"},"stack":"AssertionError: expected 500 to equal 200\n    at Test.<anonymous> (D:\\Book_Store_App\\Book-Store\\tests\\integration\\/user.test.js:107:36)\n    at Test.assert (D:\\Book_Store_App\\Book-Store\\node_modules\\supertest\\lib\\test.js:181:6)\n    at Server.localAssert (D:\\Book_Store_App\\Book-Store\\node_modules\\supertest\\lib\\test.js:131:12)\n    at Object.onceWrapper (events.js:481:28)\n    at Server.emit (events.js:375:28)\n    at emitCloseNT (net.js:1661:8)\n    at processTicksAndRejections (internal/process/task_queues.js:81:21)","timestamp":"2022-01-25T17:44:52.140Z","trace":[{"column":36,"file":"D:\\Book_Store_App\\Book-Store\\tests\\integration\\/user.test.js","function":null,"line":107,"method":null,"native":false},{"column":6,"file":"D:\\Book_Store_App\\Book-Store\\node_modules\\supertest\\lib\\test.js","function":"Test.assert","line":181,"method":"assert","native":false},{"column":12,"file":"D:\\Book_Store_App\\Book-Store\\node_modules\\supertest\\lib\\test.js","function":"Server.localAssert","line":131,"method":"localAssert","native":false},{"column":28,"file":"events.js","function":"Object.onceWrapper","line":481,"method":"onceWrapper","native":false},{"column":28,"file":"events.js","function":"Server.emit","line":375,"method":"emit","native":false},{"column":8,"file":"net.js","function":"emitCloseNT","line":1661,"method":null,"native":false},{"column":21,"file":"internal/process/task_queues.js","function":"processTicksAndRejections","line":81,"method":null,"native":false}]}
error: 
    status - 500 
    message - Error: User Already Exsist
    at _callee$ (D:\Book_Store_App\Book-Store\src\services\/user.service.js:21:11)
    at tryCatch (D:\Book_Store_App\Book-Store\node_modules\regenerator-runtime\runtime.js:63:40)
    at Generator.invoke [as _invoke] (D:\Book_Store_App\Book-Store\node_modules\regenerator-runtime\runtime.js:294:22)
    at Generator.next (D:\Book_Store_App\Book-Store\node_modules\regenerator-runtime\runtime.js:119:21)
    at asyncGeneratorStep (D:\Book_Store_App\Book-Store\node_modules\@babel\runtime\helpers\asyncToGenerator.js:3:24)
    at _next (D:\Book_Store_App\Book-Store\node_modules\@babel\runtime\helpers\asyncToGenerator.js:25:9)
    at processTicksAndRejections (internal/process/task_queues.js:95:5) 
    url - /api/v1/users/admin_registration 
    method - POST 
    IP - ::1
   {"timestamp":"2022-01-25T17:50:44.413Z"}
error: 
    status - 500 
    message - Error: User does not exist
    at _callee2$ (D:\Book_Store_App\Book-Store\src\middlewares\/checkuser.middleware.js:38:14)
    at tryCatch (D:\Book_Store_App\Book-Store\node_modules\regenerator-runtime\runtime.js:63:40)
    at Generator.invoke [as _invoke] (D:\Book_Store_App\Book-Store\node_modules\regenerator-runtime\runtime.js:294:22)
    at Generator.next (D:\Book_Store_App\Book-Store\node_modules\regenerator-runtime\runtime.js:119:21)
    at asyncGeneratorStep (D:\Book_Store_App\Book-Store\node_modules\@babel\runtime\helpers\asyncToGenerator.js:3:24)
    at _next (D:\Book_Store_App\Book-Store\node_modules\@babel\runtime\helpers\asyncToGenerator.js:25:9)
    at processTicksAndRejections (internal/process/task_queues.js:95:5) 
    url - /api/v1/users/admin_login 
    method - POST 
    IP - ::1
   {"timestamp":"2022-01-25T17:51:02.771Z"}
error: 
    status - 500 
    message - Error: Mail id does not exsist
    at _callee3$ (D:\Book_Store_App\Book-Store\src\services\/user.service.js:83:11)
    at tryCatch (D:\Book_Store_App\Book-Store\node_modules\regenerator-runtime\runtime.js:63:40)
    at Generator.invoke [as _invoke] (D:\Book_Store_App\Book-Store\node_modules\regenerator-runtime\runtime.js:294:22)
    at Generator.next (D:\Book_Store_App\Book-Store\node_modules\regenerator-runtime\runtime.js:119:21)
    at asyncGeneratorStep (D:\Book_Store_App\Book-Store\node_modules\@babel\runtime\helpers\asyncToGenerator.js:3:24)
    at _next (D:\Book_Store_App\Book-Store\node_modules\@babel\runtime\helpers\asyncToGenerator.js:25:9)
    at processTicksAndRejections (internal/process/task_queues.js:95:5) 
    url - /api/v1/users/forgetpassword 
    method - POST 
    IP - ::1
   {"timestamp":"2022-01-25T17:52:22.043Z"}
error: 
    status - 500 
    message - Error: User does not exist
    at _callee$ (D:\Book_Store_App\Book-Store\src\middlewares\/checkuser.middleware.js:20:14)
    at tryCatch (D:\Book_Store_App\Book-Store\node_modules\regenerator-runtime\runtime.js:63:40)
    at Generator.invoke [as _invoke] (D:\Book_Store_App\Book-Store\node_modules\regenerator-runtime\runtime.js:294:22)
    at Generator.next (D:\Book_Store_App\Book-Store\node_modules\regenerator-runtime\runtime.js:119:21)
    at asyncGeneratorStep (D:\Book_Store_App\Book-Store\node_modules\@babel\runtime\helpers\asyncToGenerator.js:3:24)
    at _next (D:\Book_Store_App\Book-Store\node_modules\@babel\runtime\helpers\asyncToGenerator.js:25:9)
    at processTicksAndRejections (internal/process/task_queues.js:95:5) 
    url - /api/v1/users/user_login 
    method - POST 
    IP - ::1
   {"timestamp":"2022-01-25T17:54:52.507Z"}
error: uncaughtException: swaggerUi is not defined
ReferenceError: swaggerUi is not defined
    at Object.<anonymous> (D:\Book_Store_App\Book-Store\src\/index.js:27:25)
    at Module._compile (internal/modules/cjs/loader.js:1085:14)
    at Module._compile (D:\Book_Store_App\Book-Store\node_modules\pirates\lib\index.js:136:24)
    at Module._extensions..js (internal/modules/cjs/loader.js:1114:10)
    at Object.newLoader [as .js] (D:\Book_Store_App\Book-Store\node_modules\pirates\lib\index.js:141:7)
    at Module.load (internal/modules/cjs/loader.js:950:32)
    at Function.Module._load (internal/modules/cjs/loader.js:790:14)
    at Function.executeUserEntryPoint [as runMain] (internal/modules/run_main.js:76:12)
    at Object.<anonymous> (D:\Book_Store_App\Book-Store\node_modules\@babel\node\lib\_babel-node.js:176:21)
    at Module._compile (internal/modules/cjs/loader.js:1085:14) {"date":"Tue Jan 25 2022 23:57:01 GMT+0530 (India Standard Time)","error":{},"exception":true,"os":{"loadavg":[0,0,0],"uptime":739768},"process":{"argv":["node","D:\\Book_Store_App\\Book-Store\\src\\index.js"],"cwd":"D:\\Book_Store_App\\Book-Store","execPath":"C:\\Program Files\\nodejs\\node.exe","gid":null,"memoryUsage":{"arrayBuffers":19977373,"external":22223285,"heapTotal":80809984,"heapUsed":60888840,"rss":115093504},"pid":13912,"uid":null,"version":"v14.17.3"},"stack":"ReferenceError: swaggerUi is not defined\n    at Object.<anonymous> (D:\\Book_Store_App\\Book-Store\\src\\/index.js:27:25)\n    at Module._compile (internal/modules/cjs/loader.js:1085:14)\n    at Module._compile (D:\\Book_Store_App\\Book-Store\\node_modules\\pirates\\lib\\index.js:136:24)\n    at Module._extensions..js (internal/modules/cjs/loader.js:1114:10)\n    at Object.newLoader [as .js] (D:\\Book_Store_App\\Book-Store\\node_modules\\pirates\\lib\\index.js:141:7)\n    at Module.load (internal/modules/cjs/loader.js:950:32)\n    at Function.Module._load (internal/modules/cjs/loader.js:790:14)\n    at Function.executeUserEntryPoint [as runMain] (internal/modules/run_main.js:76:12)\n    at Object.<anonymous> (D:\\Book_Store_App\\Book-Store\\node_modules\\@babel\\node\\lib\\_babel-node.js:176:21)\n    at Module._compile (internal/modules/cjs/loader.js:1085:14)","timestamp":"2022-01-25T18:27:01.956Z","trace":[{"column":25,"file":"D:\\Book_Store_App\\Book-Store\\src\\/index.js","function":null,"line":27,"method":null,"native":false},{"column":14,"file":"internal/modules/cjs/loader.js","function":"Module._compile","line":1085,"method":"_compile","native":false},{"column":24,"file":"D:\\Book_Store_App\\Book-Store\\node_modules\\pirates\\lib\\index.js","function":"Module._compile","line":136,"method":"_compile","native":false},{"column":10,"file":"internal/modules/cjs/loader.js","function":"Module._extensions..js","line":1114,"method":".js","native":false},{"column":7,"file":"D:\\Book_Store_App\\Book-Store\\node_modules\\pirates\\lib\\index.js","function":"Object.newLoader [as .js]","line":141,"method":"js]","native":false},{"column":32,"file":"internal/modules/cjs/loader.js","function":"Module.load","line":950,"method":"load","native":false},{"column":14,"file":"internal/modules/cjs/loader.js","function":"Module._load","line":790,"method":"_load","native":false},{"column":12,"file":"internal/modules/run_main.js","function":"Function.executeUserEntryPoint [as runMain]","line":76,"method":"executeUserEntryPoint [as runMain]","native":false},{"column":21,"file":"D:\\Book_Store_App\\Book-Store\\node_modules\\@babel\\node\\lib\\_babel-node.js","function":null,"line":176,"method":null,"native":false},{"column":14,"file":"internal/modules/cjs/loader.js","function":"Module._compile","line":1085,"method":"_compile","native":false}]}
error: uncaughtException: The argument 'id' must be a non-empty string. Received ''
TypeError [ERR_INVALID_ARG_VALUE]: The argument 'id' must be a non-empty string. Received ''
    at Module.require (internal/modules/cjs/loader.js:969:11)
    at require (internal/modules/cjs/helpers.js:92:18)
    at Object.<anonymous> (D:\Book_Store_App\Book-Store\src\/index.js:19:1)
    at Module._compile (internal/modules/cjs/loader.js:1085:14)
    at Module._compile (D:\Book_Store_App\Book-Store\node_modules\pirates\lib\index.js:136:24)
    at Module._extensions..js (internal/modules/cjs/loader.js:1114:10)
    at Object.newLoader [as .js] (D:\Book_Store_App\Book-Store\node_modules\pirates\lib\index.js:141:7)
    at Module.load (internal/modules/cjs/loader.js:950:32)
    at Function.Module._load (internal/modules/cjs/loader.js:790:14)
    at Function.executeUserEntryPoint [as runMain] (internal/modules/run_main.js:76:12) {"date":"Tue Jan 25 2022 23:57:41 GMT+0530 (India Standard Time)","error":{"code":"ERR_INVALID_ARG_VALUE"},"exception":true,"os":{"loadavg":[0,0,0],"uptime":739808},"process":{"argv":["node","D:\\Book_Store_App\\Book-Store\\src\\index.js"],"cwd":"D:\\Book_Store_App\\Book-Store","execPath":"C:\\Program Files\\nodejs\\node.exe","gid":null,"memoryUsage":{"arrayBuffers":19909658,"external":22155570,"heapTotal":81072128,"heapUsed":60439064,"rss":114991104},"pid":14576,"uid":null,"version":"v14.17.3"},"stack":"TypeError [ERR_INVALID_ARG_VALUE]: The argument 'id' must be a non-empty string. Received ''\n    at Module.require (internal/modules/cjs/loader.js:969:11)\n    at require (internal/modules/cjs/helpers.js:92:18)\n    at Object.<anonymous> (D:\\Book_Store_App\\Book-Store\\src\\/index.js:19:1)\n    at Module._compile (internal/modules/cjs/loader.js:1085:14)\n    at Module._compile (D:\\Book_Store_App\\Book-Store\\node_modules\\pirates\\lib\\index.js:136:24)\n    at Module._extensions..js (internal/modules/cjs/loader.js:1114:10)\n    at Object.newLoader [as .js] (D:\\Book_Store_App\\Book-Store\\node_modules\\pirates\\lib\\index.js:141:7)\n    at Module.load (internal/modules/cjs/loader.js:950:32)\n    at Function.Module._load (internal/modules/cjs/loader.js:790:14)\n    at Function.executeUserEntryPoint [as runMain] (internal/modules/run_main.js:76:12)","timestamp":"2022-01-25T18:27:41.493Z","trace":[{"column":11,"file":"internal/modules/cjs/loader.js","function":"Module.require","line":969,"method":"require","native":false},{"column":18,"file":"internal/modules/cjs/helpers.js","function":"require","line":92,"method":null,"native":false},{"column":1,"file":"D:\\Book_Store_App\\Book-Store\\src\\/index.js","function":null,"line":19,"method":null,"native":false},{"column":14,"file":"internal/modules/cjs/loader.js","function":"Module._compile","line":1085,"method":"_compile","native":false},{"column":24,"file":"D:\\Book_Store_App\\Book-Store\\node_modules\\pirates\\lib\\index.js","function":"Module._compile","line":136,"method":"_compile","native":false},{"column":10,"file":"internal/modules/cjs/loader.js","function":"Module._extensions..js","line":1114,"method":".js","native":false},{"column":7,"file":"D:\\Book_Store_App\\Book-Store\\node_modules\\pirates\\lib\\index.js","function":"Object.newLoader [as .js]","line":141,"method":"js]","native":false},{"column":32,"file":"internal/modules/cjs/loader.js","function":"Module.load","line":950,"method":"load","native":false},{"column":14,"file":"internal/modules/cjs/loader.js","function":"Module._load","line":790,"method":"_load","native":false},{"column":12,"file":"internal/modules/run_main.js","function":"Function.executeUserEntryPoint [as runMain]","line":76,"method":"executeUserEntryPoint [as runMain]","native":false}]}
error: uncaughtException: Cannot find module 'srcswaggerswagger.json'
Require stack:
- D:\Book_Store_App\Book-Store\src\index.js
Error: Cannot find module 'srcswaggerswagger.json'
Require stack:
- D:\Book_Store_App\Book-Store\src\index.js
    at Function.Module._resolveFilename (internal/modules/cjs/loader.js:902:15)
    at Function.Module._load (internal/modules/cjs/loader.js:746:27)
    at Module.require (internal/modules/cjs/loader.js:974:19)
    at require (internal/modules/cjs/helpers.js:92:18)
    at Object.<anonymous> (D:\Book_Store_App\Book-Store\src\/index.js:19:1)
    at Module._compile (internal/modules/cjs/loader.js:1085:14)
    at Module._compile (D:\Book_Store_App\Book-Store\node_modules\pirates\lib\index.js:136:24)
    at Module._extensions..js (internal/modules/cjs/loader.js:1114:10)
    at Object.newLoader [as .js] (D:\Book_Store_App\Book-Store\node_modules\pirates\lib\index.js:141:7)
    at Module.load (internal/modules/cjs/loader.js:950:32) {"date":"Tue Jan 25 2022 23:58:10 GMT+0530 (India Standard Time)","error":{"code":"MODULE_NOT_FOUND","requireStack":["D:\\Book_Store_App\\Book-Store\\src\\index.js"]},"exception":true,"os":{"loadavg":[0,0,0],"uptime":739836},"process":{"argv":["node","D:\\Book_Store_App\\Book-Store\\src\\index.js"],"cwd":"D:\\Book_Store_App\\Book-Store","execPath":"C:\\Program Files\\nodejs\\node.exe","gid":null,"memoryUsage":{"arrayBuffers":19901948,"external":22147860,"heapTotal":81072128,"heapUsed":60362112,"rss":115286016},"pid":12668,"uid":null,"version":"v14.17.3"},"stack":"Error: Cannot find module 'srcswaggerswagger.json'\nRequire stack:\n- D:\\Book_Store_App\\Book-Store\\src\\index.js\n    at Function.Module._resolveFilename (internal/modules/cjs/loader.js:902:15)\n    at Function.Module._load (internal/modules/cjs/loader.js:746:27)\n    at Module.require (internal/modules/cjs/loader.js:974:19)\n    at require (internal/modules/cjs/helpers.js:92:18)\n    at Object.<anonymous> (D:\\Book_Store_App\\Book-Store\\src\\/index.js:19:1)\n    at Module._compile (internal/modules/cjs/loader.js:1085:14)\n    at Module._compile (D:\\Book_Store_App\\Book-Store\\node_modules\\pirates\\lib\\index.js:136:24)\n    at Module._extensions..js (internal/modules/cjs/loader.js:1114:10)\n    at Object.newLoader [as .js] (D:\\Book_Store_App\\Book-Store\\node_modules\\pirates\\lib\\index.js:141:7)\n    at Module.load (internal/modules/cjs/loader.js:950:32)","timestamp":"2022-01-25T18:28:10.230Z","trace":[{"column":15,"file":"internal/modules/cjs/loader.js","function":"Module._resolveFilename","line":902,"method":"_resolveFilename","native":false},{"column":27,"file":"internal/modules/cjs/loader.js","function":"Module._load","line":746,"method":"_load","native":false},{"column":19,"file":"internal/modules/cjs/loader.js","function":"Module.require","line":974,"method":"require","native":false},{"column":18,"file":"internal/modules/cjs/helpers.js","function":"require","line":92,"method":null,"native":false},{"column":1,"file":"D:\\Book_Store_App\\Book-Store\\src\\/index.js","function":null,"line":19,"method":null,"native":false},{"column":14,"file":"internal/modules/cjs/loader.js","function":"Module._compile","line":1085,"method":"_compile","native":false},{"column":24,"file":"D:\\Book_Store_App\\Book-Store\\node_modules\\pirates\\lib\\index.js","function":"Module._compile","line":136,"method":"_compile","native":false},{"column":10,"file":"internal/modules/cjs/loader.js","function":"Module._extensions..js","line":1114,"method":".js","native":false},{"column":7,"file":"D:\\Book_Store_App\\Book-Store\\node_modules\\pirates\\lib\\index.js","function":"Object.newLoader [as .js]","line":141,"method":"js]","native":false},{"column":32,"file":"internal/modules/cjs/loader.js","function":"Module.load","line":950,"method":"load","native":false}]}
error: uncaughtException: Cannot find module 'src/swagger/swagger.json'
Require stack:
- D:\Book_Store_App\Book-Store\src\index.js
Error: Cannot find module 'src/swagger/swagger.json'
Require stack:
- D:\Book_Store_App\Book-Store\src\index.js
    at Function.Module._resolveFilename (internal/modules/cjs/loader.js:902:15)
    at Function.Module._load (internal/modules/cjs/loader.js:746:27)
    at Module.require (internal/modules/cjs/loader.js:974:19)
    at require (internal/modules/cjs/helpers.js:92:18)
    at Object.<anonymous> (D:\Book_Store_App\Book-Store\src\/index.js:19:1)
    at Module._compile (internal/modules/cjs/loader.js:1085:14)
    at Module._compile (D:\Book_Store_App\Book-Store\node_modules\pirates\lib\index.js:136:24)
    at Module._extensions..js (internal/modules/cjs/loader.js:1114:10)
    at Object.newLoader [as .js] (D:\Book_Store_App\Book-Store\node_modules\pirates\lib\index.js:141:7)
    at Module.load (internal/modules/cjs/loader.js:950:32) {"date":"Tue Jan 25 2022 23:58:21 GMT+0530 (India Standard Time)","error":{"code":"MODULE_NOT_FOUND","requireStack":["D:\\Book_Store_App\\Book-Store\\src\\index.js"]},"exception":true,"os":{"loadavg":[0,0,0],"uptime":739847},"process":{"argv":["node","D:\\Book_Store_App\\Book-Store\\src\\index.js"],"cwd":"D:\\Book_Store_App\\Book-Store","execPath":"C:\\Program Files\\nodejs\\node.exe","gid":null,"memoryUsage":{"arrayBuffers":19939427,"external":22185339,"heapTotal":80809984,"heapUsed":60763056,"rss":114724864},"pid":19620,"uid":null,"version":"v14.17.3"},"stack":"Error: Cannot find module 'src/swagger/swagger.json'\nRequire stack:\n- D:\\Book_Store_App\\Book-Store\\src\\index.js\n    at Function.Module._resolveFilename (internal/modules/cjs/loader.js:902:15)\n    at Function.Module._load (internal/modules/cjs/loader.js:746:27)\n    at Module.require (internal/modules/cjs/loader.js:974:19)\n    at require (internal/modules/cjs/helpers.js:92:18)\n    at Object.<anonymous> (D:\\Book_Store_App\\Book-Store\\src\\/index.js:19:1)\n    at Module._compile (internal/modules/cjs/loader.js:1085:14)\n    at Module._compile (D:\\Book_Store_App\\Book-Store\\node_modules\\pirates\\lib\\index.js:136:24)\n    at Module._extensions..js (internal/modules/cjs/loader.js:1114:10)\n    at Object.newLoader [as .js] (D:\\Book_Store_App\\Book-Store\\node_modules\\pirates\\lib\\index.js:141:7)\n    at Module.load (internal/modules/cjs/loader.js:950:32)","timestamp":"2022-01-25T18:28:21.218Z","trace":[{"column":15,"file":"internal/modules/cjs/loader.js","function":"Module._resolveFilename","line":902,"method":"_resolveFilename","native":false},{"column":27,"file":"internal/modules/cjs/loader.js","function":"Module._load","line":746,"method":"_load","native":false},{"column":19,"file":"internal/modules/cjs/loader.js","function":"Module.require","line":974,"method":"require","native":false},{"column":18,"file":"internal/modules/cjs/helpers.js","function":"require","line":92,"method":null,"native":false},{"column":1,"file":"D:\\Book_Store_App\\Book-Store\\src\\/index.js","function":null,"line":19,"method":null,"native":false},{"column":14,"file":"internal/modules/cjs/loader.js","function":"Module._compile","line":1085,"method":"_compile","native":false},{"column":24,"file":"D:\\Book_Store_App\\Book-Store\\node_modules\\pirates\\lib\\index.js","function":"Module._compile","line":136,"method":"_compile","native":false},{"column":10,"file":"internal/modules/cjs/loader.js","function":"Module._extensions..js","line":1114,"method":".js","native":false},{"column":7,"file":"D:\\Book_Store_App\\Book-Store\\node_modules\\pirates\\lib\\index.js","function":"Object.newLoader [as .js]","line":141,"method":"js]","native":false},{"column":32,"file":"internal/modules/cjs/loader.js","function":"Module.load","line":950,"method":"load","native":false}]}
error: uncaughtException: Cannot find module 'src/swagger/swagger.json'
Require stack:
- D:\Book_Store_App\Book-Store\src\index.js
Error: Cannot find module 'src/swagger/swagger.json'
Require stack:
- D:\Book_Store_App\Book-Store\src\index.js
    at Function.Module._resolveFilename (internal/modules/cjs/loader.js:902:15)
    at Function.Module._load (internal/modules/cjs/loader.js:746:27)
    at Module.require (internal/modules/cjs/loader.js:974:19)
    at require (internal/modules/cjs/helpers.js:92:18)
    at Object.<anonymous> (D:\Book_Store_App\Book-Store\src\/index.js:19:1)
    at Module._compile (internal/modules/cjs/loader.js:1085:14)
    at Module._compile (D:\Book_Store_App\Book-Store\node_modules\pirates\lib\index.js:136:24)
    at Module._extensions..js (internal/modules/cjs/loader.js:1114:10)
    at Object.newLoader [as .js] (D:\Book_Store_App\Book-Store\node_modules\pirates\lib\index.js:141:7)
    at Module.load (internal/modules/cjs/loader.js:950:32) {"date":"Tue Jan 25 2022 23:58:50 GMT+0530 (India Standard Time)","error":{"code":"MODULE_NOT_FOUND","requireStack":["D:\\Book_Store_App\\Book-Store\\src\\index.js"]},"exception":true,"os":{"loadavg":[0,0,0],"uptime":739877},"process":{"argv":["node","D:\\Book_Store_App\\Book-Store\\src\\index.js"],"cwd":"D:\\Book_Store_App\\Book-Store","execPath":"C:\\Program Files\\nodejs\\node.exe","gid":null,"memoryUsage":{"arrayBuffers":19876963,"external":22122875,"heapTotal":80809984,"heapUsed":60993488,"rss":115281920},"pid":7604,"uid":null,"version":"v14.17.3"},"stack":"Error: Cannot find module 'src/swagger/swagger.json'\nRequire stack:\n- D:\\Book_Store_App\\Book-Store\\src\\index.js\n    at Function.Module._resolveFilename (internal/modules/cjs/loader.js:902:15)\n    at Function.Module._load (internal/modules/cjs/loader.js:746:27)\n    at Module.require (internal/modules/cjs/loader.js:974:19)\n    at require (internal/modules/cjs/helpers.js:92:18)\n    at Object.<anonymous> (D:\\Book_Store_App\\Book-Store\\src\\/index.js:19:1)\n    at Module._compile (internal/modules/cjs/loader.js:1085:14)\n    at Module._compile (D:\\Book_Store_App\\Book-Store\\node_modules\\pirates\\lib\\index.js:136:24)\n    at Module._extensions..js (internal/modules/cjs/loader.js:1114:10)\n    at Object.newLoader [as .js] (D:\\Book_Store_App\\Book-Store\\node_modules\\pirates\\lib\\index.js:141:7)\n    at Module.load (internal/modules/cjs/loader.js:950:32)","timestamp":"2022-01-25T18:28:50.983Z","trace":[{"column":15,"file":"internal/modules/cjs/loader.js","function":"Module._resolveFilename","line":902,"method":"_resolveFilename","native":false},{"column":27,"file":"internal/modules/cjs/loader.js","function":"Module._load","line":746,"method":"_load","native":false},{"column":19,"file":"internal/modules/cjs/loader.js","function":"Module.require","line":974,"method":"require","native":false},{"column":18,"file":"internal/modules/cjs/helpers.js","function":"require","line":92,"method":null,"native":false},{"column":1,"file":"D:\\Book_Store_App\\Book-Store\\src\\/index.js","function":null,"line":19,"method":null,"native":false},{"column":14,"file":"internal/modules/cjs/loader.js","function":"Module._compile","line":1085,"method":"_compile","native":false},{"column":24,"file":"D:\\Book_Store_App\\Book-Store\\node_modules\\pirates\\lib\\index.js","function":"Module._compile","line":136,"method":"_compile","native":false},{"column":10,"file":"internal/modules/cjs/loader.js","function":"Module._extensions..js","line":1114,"method":".js","native":false},{"column":7,"file":"D:\\Book_Store_App\\Book-Store\\node_modules\\pirates\\lib\\index.js","function":"Object.newLoader [as .js]","line":141,"method":"js]","native":false},{"column":32,"file":"internal/modules/cjs/loader.js","function":"Module.load","line":950,"method":"load","native":false}]}
error: uncaughtException: Cannot find module '../swagger/swagger.json'
Require stack:
- D:\Book_Store_App\Book-Store\src\index.js
Error: Cannot find module '../swagger/swagger.json'
Require stack:
- D:\Book_Store_App\Book-Store\src\index.js
    at Function.Module._resolveFilename (internal/modules/cjs/loader.js:902:15)
    at Function.Module._load (internal/modules/cjs/loader.js:746:27)
    at Module.require (internal/modules/cjs/loader.js:974:19)
    at require (internal/modules/cjs/helpers.js:92:18)
    at Object.<anonymous> (D:\Book_Store_App\Book-Store\src\/index.js:19:1)
    at Module._compile (internal/modules/cjs/loader.js:1085:14)
    at Module._compile (D:\Book_Store_App\Book-Store\node_modules\pirates\lib\index.js:136:24)
    at Module._extensions..js (internal/modules/cjs/loader.js:1114:10)
    at Object.newLoader [as .js] (D:\Book_Store_App\Book-Store\node_modules\pirates\lib\index.js:141:7)
    at Module.load (internal/modules/cjs/loader.js:950:32) {"date":"Tue Jan 25 2022 23:59:31 GMT+0530 (India Standard Time)","error":{"code":"MODULE_NOT_FOUND","requireStack":["D:\\Book_Store_App\\Book-Store\\src\\index.js"]},"exception":true,"os":{"loadavg":[0,0,0],"uptime":739918},"process":{"argv":["node","D:\\Book_Store_App\\Book-Store\\src\\index.js"],"cwd":"D:\\Book_Store_App\\Book-Store","execPath":"C:\\Program Files\\nodejs\\node.exe","gid":null,"memoryUsage":{"arrayBuffers":19929806,"external":22175718,"heapTotal":81072128,"heapUsed":61225024,"rss":115306496},"pid":16968,"uid":null,"version":"v14.17.3"},"stack":"Error: Cannot find module '../swagger/swagger.json'\nRequire stack:\n- D:\\Book_Store_App\\Book-Store\\src\\index.js\n    at Function.Module._resolveFilename (internal/modules/cjs/loader.js:902:15)\n    at Function.Module._load (internal/modules/cjs/loader.js:746:27)\n    at Module.require (internal/modules/cjs/loader.js:974:19)\n    at require (internal/modules/cjs/helpers.js:92:18)\n    at Object.<anonymous> (D:\\Book_Store_App\\Book-Store\\src\\/index.js:19:1)\n    at Module._compile (internal/modules/cjs/loader.js:1085:14)\n    at Module._compile (D:\\Book_Store_App\\Book-Store\\node_modules\\pirates\\lib\\index.js:136:24)\n    at Module._extensions..js (internal/modules/cjs/loader.js:1114:10)\n    at Object.newLoader [as .js] (D:\\Book_Store_App\\Book-Store\\node_modules\\pirates\\lib\\index.js:141:7)\n    at Module.load (internal/modules/cjs/loader.js:950:32)","timestamp":"2022-01-25T18:29:31.637Z","trace":[{"column":15,"file":"internal/modules/cjs/loader.js","function":"Module._resolveFilename","line":902,"method":"_resolveFilename","native":false},{"column":27,"file":"internal/modules/cjs/loader.js","function":"Module._load","line":746,"method":"_load","native":false},{"column":19,"file":"internal/modules/cjs/loader.js","function":"Module.require","line":974,"method":"require","native":false},{"column":18,"file":"internal/modules/cjs/helpers.js","function":"require","line":92,"method":null,"native":false},{"column":1,"file":"D:\\Book_Store_App\\Book-Store\\src\\/index.js","function":null,"line":19,"method":null,"native":false},{"column":14,"file":"internal/modules/cjs/loader.js","function":"Module._compile","line":1085,"method":"_compile","native":false},{"column":24,"file":"D:\\Book_Store_App\\Book-Store\\node_modules\\pirates\\lib\\index.js","function":"Module._compile","line":136,"method":"_compile","native":false},{"column":10,"file":"internal/modules/cjs/loader.js","function":"Module._extensions..js","line":1114,"method":".js","native":false},{"column":7,"file":"D:\\Book_Store_App\\Book-Store\\node_modules\\pirates\\lib\\index.js","function":"Object.newLoader [as .js]","line":141,"method":"js]","native":false},{"column":32,"file":"internal/modules/cjs/loader.js","function":"Module.load","line":950,"method":"load","native":false}]}
error: uncaughtException: Cannot find module '../swagger/swagger.json'
Require stack:
- D:\Book_Store_App\Book-Store\src\index.js
Error: Cannot find module '../swagger/swagger.json'
Require stack:
- D:\Book_Store_App\Book-Store\src\index.js
    at Function.Module._resolveFilename (internal/modules/cjs/loader.js:902:15)
    at Function.Module._load (internal/modules/cjs/loader.js:746:27)
    at Module.require (internal/modules/cjs/loader.js:974:19)
    at require (internal/modules/cjs/helpers.js:92:18)
    at Object.<anonymous> (D:\Book_Store_App\Book-Store\src\/index.js:19:1)
    at Module._compile (internal/modules/cjs/loader.js:1085:14)
    at Module._compile (D:\Book_Store_App\Book-Store\node_modules\pirates\lib\index.js:136:24)
    at Module._extensions..js (internal/modules/cjs/loader.js:1114:10)
    at Object.newLoader [as .js] (D:\Book_Store_App\Book-Store\node_modules\pirates\lib\index.js:141:7)
    at Module.load (internal/modules/cjs/loader.js:950:32) {"date":"Tue Jan 25 2022 23:59:31 GMT+0530 (India Standard Time)","error":{"code":"MODULE_NOT_FOUND","requireStack":["D:\\Book_Store_App\\Book-Store\\src\\index.js"]},"exception":true,"os":{"loadavg":[0,0,0],"uptime":739918},"process":{"argv":["node","D:\\Book_Store_App\\Book-Store\\src\\index.js"],"cwd":"D:\\Book_Store_App\\Book-Store","execPath":"C:\\Program Files\\nodejs\\node.exe","gid":null,"memoryUsage":{"arrayBuffers":19849469,"external":22095381,"heapTotal":81334272,"heapUsed":60265504,"rss":114843648},"pid":13904,"uid":null,"version":"v14.17.3"},"stack":"Error: Cannot find module '../swagger/swagger.json'\nRequire stack:\n- D:\\Book_Store_App\\Book-Store\\src\\index.js\n    at Function.Module._resolveFilename (internal/modules/cjs/loader.js:902:15)\n    at Function.Module._load (internal/modules/cjs/loader.js:746:27)\n    at Module.require (internal/modules/cjs/loader.js:974:19)\n    at require (internal/modules/cjs/helpers.js:92:18)\n    at Object.<anonymous> (D:\\Book_Store_App\\Book-Store\\src\\/index.js:19:1)\n    at Module._compile (internal/modules/cjs/loader.js:1085:14)\n    at Module._compile (D:\\Book_Store_App\\Book-Store\\node_modules\\pirates\\lib\\index.js:136:24)\n    at Module._extensions..js (internal/modules/cjs/loader.js:1114:10)\n    at Object.newLoader [as .js] (D:\\Book_Store_App\\Book-Store\\node_modules\\pirates\\lib\\index.js:141:7)\n    at Module.load (internal/modules/cjs/loader.js:950:32)","timestamp":"2022-01-25T18:29:31.637Z","trace":[{"column":15,"file":"internal/modules/cjs/loader.js","function":"Module._resolveFilename","line":902,"method":"_resolveFilename","native":false},{"column":27,"file":"internal/modules/cjs/loader.js","function":"Module._load","line":746,"method":"_load","native":false},{"column":19,"file":"internal/modules/cjs/loader.js","function":"Module.require","line":974,"method":"require","native":false},{"column":18,"file":"internal/modules/cjs/helpers.js","function":"require","line":92,"method":null,"native":false},{"column":1,"file":"D:\\Book_Store_App\\Book-Store\\src\\/index.js","function":null,"line":19,"method":null,"native":false},{"column":14,"file":"internal/modules/cjs/loader.js","function":"Module._compile","line":1085,"method":"_compile","native":false},{"column":24,"file":"D:\\Book_Store_App\\Book-Store\\node_modules\\pirates\\lib\\index.js","function":"Module._compile","line":136,"method":"_compile","native":false},{"column":10,"file":"internal/modules/cjs/loader.js","function":"Module._extensions..js","line":1114,"method":".js","native":false},{"column":7,"file":"D:\\Book_Store_App\\Book-Store\\node_modules\\pirates\\lib\\index.js","function":"Object.newLoader [as .js]","line":141,"method":"js]","native":false},{"column":32,"file":"internal/modules/cjs/loader.js","function":"Module.load","line":950,"method":"load","native":false}]}
error: uncaughtException: swaggerUi is not defined
ReferenceError: swaggerUi is not defined
    at Object.<anonymous> (D:\Book_Store_App\Book-Store\src\/index.js:27:25)
    at Module._compile (internal/modules/cjs/loader.js:1085:14)
    at Module._compile (D:\Book_Store_App\Book-Store\node_modules\pirates\lib\index.js:136:24)
    at Module._extensions..js (internal/modules/cjs/loader.js:1114:10)
    at Object.newLoader [as .js] (D:\Book_Store_App\Book-Store\node_modules\pirates\lib\index.js:141:7)
    at Module.load (internal/modules/cjs/loader.js:950:32)
    at Function.Module._load (internal/modules/cjs/loader.js:790:14)
    at Function.executeUserEntryPoint [as runMain] (internal/modules/run_main.js:76:12)
    at Object.<anonymous> (D:\Book_Store_App\Book-Store\node_modules\@babel\node\lib\_babel-node.js:176:21)
    at Module._compile (internal/modules/cjs/loader.js:1085:14) {"date":"Tue Jan 25 2022 23:59:59 GMT+0530 (India Standard Time)","error":{},"exception":true,"os":{"loadavg":[0,0,0],"uptime":739946},"process":{"argv":["node","D:\\Book_Store_App\\Book-Store\\src\\index.js"],"cwd":"D:\\Book_Store_App\\Book-Store","execPath":"C:\\Program Files\\nodejs\\node.exe","gid":null,"memoryUsage":{"arrayBuffers":19970352,"external":22216264,"heapTotal":80809984,"heapUsed":60724432,"rss":114565120},"pid":15032,"uid":null,"version":"v14.17.3"},"stack":"ReferenceError: swaggerUi is not defined\n    at Object.<anonymous> (D:\\Book_Store_App\\Book-Store\\src\\/index.js:27:25)\n    at Module._compile (internal/modules/cjs/loader.js:1085:14)\n    at Module._compile (D:\\Book_Store_App\\Book-Store\\node_modules\\pirates\\lib\\index.js:136:24)\n    at Module._extensions..js (internal/modules/cjs/loader.js:1114:10)\n    at Object.newLoader [as .js] (D:\\Book_Store_App\\Book-Store\\node_modules\\pirates\\lib\\index.js:141:7)\n    at Module.load (internal/modules/cjs/loader.js:950:32)\n    at Function.Module._load (internal/modules/cjs/loader.js:790:14)\n    at Function.executeUserEntryPoint [as runMain] (internal/modules/run_main.js:76:12)\n    at Object.<anonymous> (D:\\Book_Store_App\\Book-Store\\node_modules\\@babel\\node\\lib\\_babel-node.js:176:21)\n    at Module._compile (internal/modules/cjs/loader.js:1085:14)","timestamp":"2022-01-25T18:29:59.535Z","trace":[{"column":25,"file":"D:\\Book_Store_App\\Book-Store\\src\\/index.js","function":null,"line":27,"method":null,"native":false},{"column":14,"file":"internal/modules/cjs/loader.js","function":"Module._compile","line":1085,"method":"_compile","native":false},{"column":24,"file":"D:\\Book_Store_App\\Book-Store\\node_modules\\pirates\\lib\\index.js","function":"Module._compile","line":136,"method":"_compile","native":false},{"column":10,"file":"internal/modules/cjs/loader.js","function":"Module._extensions..js","line":1114,"method":".js","native":false},{"column":7,"file":"D:\\Book_Store_App\\Book-Store\\node_modules\\pirates\\lib\\index.js","function":"Object.newLoader [as .js]","line":141,"method":"js]","native":false},{"column":32,"file":"internal/modules/cjs/loader.js","function":"Module.load","line":950,"method":"load","native":false},{"column":14,"file":"internal/modules/cjs/loader.js","function":"Module._load","line":790,"method":"_load","native":false},{"column":12,"file":"internal/modules/run_main.js","function":"Function.executeUserEntryPoint [as runMain]","line":76,"method":"executeUserEntryPoint [as runMain]","native":false},{"column":21,"file":"D:\\Book_Store_App\\Book-Store\\node_modules\\@babel\\node\\lib\\_babel-node.js","function":null,"line":176,"method":null,"native":false},{"column":14,"file":"internal/modules/cjs/loader.js","function":"Module._compile","line":1085,"method":"_compile","native":false}]}
error: uncaughtException: swaggerUi is not defined
ReferenceError: swaggerUi is not defined
    at Object.<anonymous> (D:\Book_Store_App\Book-Store\src\/index.js:27:25)
    at Module._compile (internal/modules/cjs/loader.js:1085:14)
    at Module._compile (D:\Book_Store_App\Book-Store\node_modules\pirates\lib\index.js:136:24)
    at Module._extensions..js (internal/modules/cjs/loader.js:1114:10)
    at Object.newLoader [as .js] (D:\Book_Store_App\Book-Store\node_modules\pirates\lib\index.js:141:7)
    at Module.load (internal/modules/cjs/loader.js:950:32)
    at Function.Module._load (internal/modules/cjs/loader.js:790:14)
    at Function.executeUserEntryPoint [as runMain] (internal/modules/run_main.js:76:12)
    at Object.<anonymous> (D:\Book_Store_App\Book-Store\node_modules\@babel\node\lib\_babel-node.js:176:21)
    at Module._compile (internal/modules/cjs/loader.js:1085:14) {"date":"Tue Jan 25 2022 23:59:59 GMT+0530 (India Standard Time)","error":{},"exception":true,"os":{"loadavg":[0,0,0],"uptime":739946},"process":{"argv":["node","D:\\Book_Store_App\\Book-Store\\src\\index.js"],"cwd":"D:\\Book_Store_App\\Book-Store","execPath":"C:\\Program Files\\nodejs\\node.exe","gid":null,"memoryUsage":{"arrayBuffers":19884838,"external":22130750,"heapTotal":81334272,"heapUsed":60810184,"rss":114798592},"pid":22944,"uid":null,"version":"v14.17.3"},"stack":"ReferenceError: swaggerUi is not defined\n    at Object.<anonymous> (D:\\Book_Store_App\\Book-Store\\src\\/index.js:27:25)\n    at Module._compile (internal/modules/cjs/loader.js:1085:14)\n    at Module._compile (D:\\Book_Store_App\\Book-Store\\node_modules\\pirates\\lib\\index.js:136:24)\n    at Module._extensions..js (internal/modules/cjs/loader.js:1114:10)\n    at Object.newLoader [as .js] (D:\\Book_Store_App\\Book-Store\\node_modules\\pirates\\lib\\index.js:141:7)\n    at Module.load (internal/modules/cjs/loader.js:950:32)\n    at Function.Module._load (internal/modules/cjs/loader.js:790:14)\n    at Function.executeUserEntryPoint [as runMain] (internal/modules/run_main.js:76:12)\n    at Object.<anonymous> (D:\\Book_Store_App\\Book-Store\\node_modules\\@babel\\node\\lib\\_babel-node.js:176:21)\n    at Module._compile (internal/modules/cjs/loader.js:1085:14)","timestamp":"2022-01-25T18:29:59.562Z","trace":[{"column":25,"file":"D:\\Book_Store_App\\Book-Store\\src\\/index.js","function":null,"line":27,"method":null,"native":false},{"column":14,"file":"internal/modules/cjs/loader.js","function":"Module._compile","line":1085,"method":"_compile","native":false},{"column":24,"file":"D:\\Book_Store_App\\Book-Store\\node_modules\\pirates\\lib\\index.js","function":"Module._compile","line":136,"method":"_compile","native":false},{"column":10,"file":"internal/modules/cjs/loader.js","function":"Module._extensions..js","line":1114,"method":".js","native":false},{"column":7,"file":"D:\\Book_Store_App\\Book-Store\\node_modules\\pirates\\lib\\index.js","function":"Object.newLoader [as .js]","line":141,"method":"js]","native":false},{"column":32,"file":"internal/modules/cjs/loader.js","function":"Module.load","line":950,"method":"load","native":false},{"column":14,"file":"internal/modules/cjs/loader.js","function":"Module._load","line":790,"method":"_load","native":false},{"column":12,"file":"internal/modules/run_main.js","function":"Function.executeUserEntryPoint [as runMain]","line":76,"method":"executeUserEntryPoint [as runMain]","native":false},{"column":21,"file":"D:\\Book_Store_App\\Book-Store\\node_modules\\@babel\\node\\lib\\_babel-node.js","function":null,"line":176,"method":null,"native":false},{"column":14,"file":"internal/modules/cjs/loader.js","function":"Module._compile","line":1085,"method":"_compile","native":false}]}
error: uncaughtException: Cannot find module 'swagger-jsdoc'
Require stack:
- D:\Book_Store_App\Book-Store\src\index.js
Error: Cannot find module 'swagger-jsdoc'
Require stack:
- D:\Book_Store_App\Book-Store\src\index.js
    at Function.Module._resolveFilename (internal/modules/cjs/loader.js:902:15)
    at Function.Module._load (internal/modules/cjs/loader.js:746:27)
    at Module.require (internal/modules/cjs/loader.js:974:19)
    at require (internal/modules/cjs/helpers.js:92:18)
    at Object.<anonymous> (D:\Book_Store_App\Book-Store\src\/index.js:18:1)
    at Module._compile (internal/modules/cjs/loader.js:1085:14)
    at Module._compile (D:\Book_Store_App\Book-Store\node_modules\pirates\lib\index.js:136:24)
    at Module._extensions..js (internal/modules/cjs/loader.js:1114:10)
    at Object.newLoader [as .js] (D:\Book_Store_App\Book-Store\node_modules\pirates\lib\index.js:141:7)
    at Module.load (internal/modules/cjs/loader.js:950:32) {"date":"Wed Jan 26 2022 00:02:33 GMT+0530 (India Standard Time)","error":{"code":"MODULE_NOT_FOUND","requireStack":["D:\\Book_Store_App\\Book-Store\\src\\index.js"]},"exception":true,"os":{"loadavg":[0,0,0],"uptime":740100},"process":{"argv":["node","D:\\Book_Store_App\\Book-Store\\src\\index.js"],"cwd":"D:\\Book_Store_App\\Book-Store","execPath":"C:\\Program Files\\nodejs\\node.exe","gid":null,"memoryUsage":{"arrayBuffers":18691351,"external":20937263,"heapTotal":80023552,"heapUsed":49932896,"rss":113983488},"pid":14520,"uid":null,"version":"v14.17.3"},"stack":"Error: Cannot find module 'swagger-jsdoc'\nRequire stack:\n- D:\\Book_Store_App\\Book-Store\\src\\index.js\n    at Function.Module._resolveFilename (internal/modules/cjs/loader.js:902:15)\n    at Function.Module._load (internal/modules/cjs/loader.js:746:27)\n    at Module.require (internal/modules/cjs/loader.js:974:19)\n    at require (internal/modules/cjs/helpers.js:92:18)\n    at Object.<anonymous> (D:\\Book_Store_App\\Book-Store\\src\\/index.js:18:1)\n    at Module._compile (internal/modules/cjs/loader.js:1085:14)\n    at Module._compile (D:\\Book_Store_App\\Book-Store\\node_modules\\pirates\\lib\\index.js:136:24)\n    at Module._extensions..js (internal/modules/cjs/loader.js:1114:10)\n    at Object.newLoader [as .js] (D:\\Book_Store_App\\Book-Store\\node_modules\\pirates\\lib\\index.js:141:7)\n    at Module.load (internal/modules/cjs/loader.js:950:32)","timestamp":"2022-01-25T18:32:33.895Z","trace":[{"column":15,"file":"internal/modules/cjs/loader.js","function":"Module._resolveFilename","line":902,"method":"_resolveFilename","native":false},{"column":27,"file":"internal/modules/cjs/loader.js","function":"Module._load","line":746,"method":"_load","native":false},{"column":19,"file":"internal/modules/cjs/loader.js","function":"Module.require","line":974,"method":"require","native":false},{"column":18,"file":"internal/modules/cjs/helpers.js","function":"require","line":92,"method":null,"native":false},{"column":1,"file":"D:\\Book_Store_App\\Book-Store\\src\\/index.js","function":null,"line":18,"method":null,"native":false},{"column":14,"file":"internal/modules/cjs/loader.js","function":"Module._compile","line":1085,"method":"_compile","native":false},{"column":24,"file":"D:\\Book_Store_App\\Book-Store\\node_modules\\pirates\\lib\\index.js","function":"Module._compile","line":136,"method":"_compile","native":false},{"column":10,"file":"internal/modules/cjs/loader.js","function":"Module._extensions..js","line":1114,"method":".js","native":false},{"column":7,"file":"D:\\Book_Store_App\\Book-Store\\node_modules\\pirates\\lib\\index.js","function":"Object.newLoader [as .js]","line":141,"method":"js]","native":false},{"column":32,"file":"internal/modules/cjs/loader.js","function":"Module.load","line":950,"method":"load","native":false}]}
error: uncaughtException: Cannot find module 'swagger-jsdoc'
Require stack:
- D:\Book_Store_App\Book-Store\src\index.js
Error: Cannot find module 'swagger-jsdoc'
Require stack:
- D:\Book_Store_App\Book-Store\src\index.js
    at Function.Module._resolveFilename (internal/modules/cjs/loader.js:902:15)
    at Function.Module._load (internal/modules/cjs/loader.js:746:27)
    at Module.require (internal/modules/cjs/loader.js:974:19)
    at require (internal/modules/cjs/helpers.js:92:18)
    at Object.<anonymous> (D:\Book_Store_App\Book-Store\src\/index.js:18:1)
    at Module._compile (internal/modules/cjs/loader.js:1085:14)
    at Module._compile (D:\Book_Store_App\Book-Store\node_modules\pirates\lib\index.js:136:24)
    at Module._extensions..js (internal/modules/cjs/loader.js:1114:10)
    at Object.newLoader [as .js] (D:\Book_Store_App\Book-Store\node_modules\pirates\lib\index.js:141:7)
    at Module.load (internal/modules/cjs/loader.js:950:32) {"date":"Wed Jan 26 2022 00:03:10 GMT+0530 (India Standard Time)","error":{"code":"MODULE_NOT_FOUND","requireStack":["D:\\Book_Store_App\\Book-Store\\src\\index.js"]},"exception":true,"os":{"loadavg":[0,0,0],"uptime":740136},"process":{"argv":["node","D:\\Book_Store_App\\Book-Store\\src\\index.js"],"cwd":"D:\\Book_Store_App\\Book-Store","execPath":"C:\\Program Files\\nodejs\\node.exe","gid":null,"memoryUsage":{"arrayBuffers":18714785,"external":20960697,"heapTotal":80285696,"heapUsed":50173904,"rss":114700288},"pid":22008,"uid":null,"version":"v14.17.3"},"stack":"Error: Cannot find module 'swagger-jsdoc'\nRequire stack:\n- D:\\Book_Store_App\\Book-Store\\src\\index.js\n    at Function.Module._resolveFilename (internal/modules/cjs/loader.js:902:15)\n    at Function.Module._load (internal/modules/cjs/loader.js:746:27)\n    at Module.require (internal/modules/cjs/loader.js:974:19)\n    at require (internal/modules/cjs/helpers.js:92:18)\n    at Object.<anonymous> (D:\\Book_Store_App\\Book-Store\\src\\/index.js:18:1)\n    at Module._compile (internal/modules/cjs/loader.js:1085:14)\n    at Module._compile (D:\\Book_Store_App\\Book-Store\\node_modules\\pirates\\lib\\index.js:136:24)\n    at Module._extensions..js (internal/modules/cjs/loader.js:1114:10)\n    at Object.newLoader [as .js] (D:\\Book_Store_App\\Book-Store\\node_modules\\pirates\\lib\\index.js:141:7)\n    at Module.load (internal/modules/cjs/loader.js:950:32)","timestamp":"2022-01-25T18:33:10.197Z","trace":[{"column":15,"file":"internal/modules/cjs/loader.js","function":"Module._resolveFilename","line":902,"method":"_resolveFilename","native":false},{"column":27,"file":"internal/modules/cjs/loader.js","function":"Module._load","line":746,"method":"_load","native":false},{"column":19,"file":"internal/modules/cjs/loader.js","function":"Module.require","line":974,"method":"require","native":false},{"column":18,"file":"internal/modules/cjs/helpers.js","function":"require","line":92,"method":null,"native":false},{"column":1,"file":"D:\\Book_Store_App\\Book-Store\\src\\/index.js","function":null,"line":18,"method":null,"native":false},{"column":14,"file":"internal/modules/cjs/loader.js","function":"Module._compile","line":1085,"method":"_compile","native":false},{"column":24,"file":"D:\\Book_Store_App\\Book-Store\\node_modules\\pirates\\lib\\index.js","function":"Module._compile","line":136,"method":"_compile","native":false},{"column":10,"file":"internal/modules/cjs/loader.js","function":"Module._extensions..js","line":1114,"method":".js","native":false},{"column":7,"file":"D:\\Book_Store_App\\Book-Store\\node_modules\\pirates\\lib\\index.js","function":"Object.newLoader [as .js]","line":141,"method":"js]","native":false},{"column":32,"file":"internal/modules/cjs/loader.js","function":"Module.load","line":950,"method":"load","native":false}]}
error: uncaughtException: D:\Book_Store_App\Book-Store\src\swagger\swagger.json: Unexpected end of JSON input
SyntaxError: D:\Book_Store_App\Book-Store\src\swagger\swagger.json: Unexpected end of JSON input
    at parse (<anonymous>)
    at Object.Module._extensions..json (internal/modules/cjs/loader.js:1128:22)
    at Module.load (internal/modules/cjs/loader.js:950:32)
    at Function.Module._load (internal/modules/cjs/loader.js:790:14)
    at Module.require (internal/modules/cjs/loader.js:974:19)
    at require (internal/modules/cjs/helpers.js:92:18)
    at Object.<anonymous> (D:\Book_Store_App\Book-Store\src\/index.js:20:1)
    at Module._compile (internal/modules/cjs/loader.js:1085:14)
    at Module._compile (D:\Book_Store_App\Book-Store\node_modules\pirates\lib\index.js:136:24)
    at Module._extensions..js (internal/modules/cjs/loader.js:1114:10) {"date":"Wed Jan 26 2022 00:07:10 GMT+0530 (India Standard Time)","error":{},"exception":true,"os":{"loadavg":[0,0,0],"uptime":740376},"process":{"argv":["node","D:\\Book_Store_App\\Book-Store\\src\\index.js"],"cwd":"D:\\Book_Store_App\\Book-Store","execPath":"C:\\Program Files\\nodejs\\node.exe","gid":null,"memoryUsage":{"arrayBuffers":18685016,"external":20930928,"heapTotal":80023552,"heapUsed":49790616,"rss":113336320},"pid":24080,"uid":null,"version":"v14.17.3"},"stack":"SyntaxError: D:\\Book_Store_App\\Book-Store\\src\\swagger\\swagger.json: Unexpected end of JSON input\n    at parse (<anonymous>)\n    at Object.Module._extensions..json (internal/modules/cjs/loader.js:1128:22)\n    at Module.load (internal/modules/cjs/loader.js:950:32)\n    at Function.Module._load (internal/modules/cjs/loader.js:790:14)\n    at Module.require (internal/modules/cjs/loader.js:974:19)\n    at require (internal/modules/cjs/helpers.js:92:18)\n    at Object.<anonymous> (D:\\Book_Store_App\\Book-Store\\src\\/index.js:20:1)\n    at Module._compile (internal/modules/cjs/loader.js:1085:14)\n    at Module._compile (D:\\Book_Store_App\\Book-Store\\node_modules\\pirates\\lib\\index.js:136:24)\n    at Module._extensions..js (internal/modules/cjs/loader.js:1114:10)","timestamp":"2022-01-25T18:37:10.081Z","trace":[{"column":null,"file":null,"function":"parse","line":null,"method":null,"native":false},{"column":22,"file":"internal/modules/cjs/loader.js","function":"Module._extensions..json","line":1128,"method":".json","native":false},{"column":32,"file":"internal/modules/cjs/loader.js","function":"Module.load","line":950,"method":"load","native":false},{"column":14,"file":"internal/modules/cjs/loader.js","function":"Module._load","line":790,"method":"_load","native":false},{"column":19,"file":"internal/modules/cjs/loader.js","function":"Module.require","line":974,"method":"require","native":false},{"column":18,"file":"internal/modules/cjs/helpers.js","function":"require","line":92,"method":null,"native":false},{"column":1,"file":"D:\\Book_Store_App\\Book-Store\\src\\/index.js","function":null,"line":20,"method":null,"native":false},{"column":14,"file":"internal/modules/cjs/loader.js","function":"Module._compile","line":1085,"method":"_compile","native":false},{"column":24,"file":"D:\\Book_Store_App\\Book-Store\\node_modules\\pirates\\lib\\index.js","function":"Module._compile","line":136,"method":"_compile","native":false},{"column":10,"file":"internal/modules/cjs/loader.js","function":"Module._extensions..js","line":1114,"method":".js","native":false}]}
error: uncaughtException: D:\Book_Store_App\Book-Store\src\swagger\swagger.json: Unexpected token } in JSON at position 3281
SyntaxError: D:\Book_Store_App\Book-Store\src\swagger\swagger.json: Unexpected token } in JSON at position 3281
    at parse (<anonymous>)
    at Object.Module._extensions..json (internal/modules/cjs/loader.js:1128:22)
    at Module.load (internal/modules/cjs/loader.js:950:32)
    at Function.Module._load (internal/modules/cjs/loader.js:790:14)
    at Module.require (internal/modules/cjs/loader.js:974:19)
    at require (internal/modules/cjs/helpers.js:92:18)
    at Object.<anonymous> (D:\Book_Store_App\Book-Store\src\/index.js:20:1)
    at Module._compile (internal/modules/cjs/loader.js:1085:14)
    at Module._compile (D:\Book_Store_App\Book-Store\node_modules\pirates\lib\index.js:136:24)
    at Module._extensions..js (internal/modules/cjs/loader.js:1114:10) {"date":"Wed Jan 26 2022 00:07:18 GMT+0530 (India Standard Time)","error":{},"exception":true,"os":{"loadavg":[0,0,0],"uptime":740385},"process":{"argv":["node","D:\\Book_Store_App\\Book-Store\\src\\index.js"],"cwd":"D:\\Book_Store_App\\Book-Store","execPath":"C:\\Program Files\\nodejs\\node.exe","gid":null,"memoryUsage":{"arrayBuffers":18763055,"external":21008967,"heapTotal":79761408,"heapUsed":50220904,"rss":113008640},"pid":14392,"uid":null,"version":"v14.17.3"},"stack":"SyntaxError: D:\\Book_Store_App\\Book-Store\\src\\swagger\\swagger.json: Unexpected token } in JSON at position 3281\n    at parse (<anonymous>)\n    at Object.Module._extensions..json (internal/modules/cjs/loader.js:1128:22)\n    at Module.load (internal/modules/cjs/loader.js:950:32)\n    at Function.Module._load (internal/modules/cjs/loader.js:790:14)\n    at Module.require (internal/modules/cjs/loader.js:974:19)\n    at require (internal/modules/cjs/helpers.js:92:18)\n    at Object.<anonymous> (D:\\Book_Store_App\\Book-Store\\src\\/index.js:20:1)\n    at Module._compile (internal/modules/cjs/loader.js:1085:14)\n    at Module._compile (D:\\Book_Store_App\\Book-Store\\node_modules\\pirates\\lib\\index.js:136:24)\n    at Module._extensions..js (internal/modules/cjs/loader.js:1114:10)","timestamp":"2022-01-25T18:37:18.248Z","trace":[{"column":null,"file":null,"function":"parse","line":null,"method":null,"native":false},{"column":22,"file":"internal/modules/cjs/loader.js","function":"Module._extensions..json","line":1128,"method":".json","native":false},{"column":32,"file":"internal/modules/cjs/loader.js","function":"Module.load","line":950,"method":"load","native":false},{"column":14,"file":"internal/modules/cjs/loader.js","function":"Module._load","line":790,"method":"_load","native":false},{"column":19,"file":"internal/modules/cjs/loader.js","function":"Module.require","line":974,"method":"require","native":false},{"column":18,"file":"internal/modules/cjs/helpers.js","function":"require","line":92,"method":null,"native":false},{"column":1,"file":"D:\\Book_Store_App\\Book-Store\\src\\/index.js","function":null,"line":20,"method":null,"native":false},{"column":14,"file":"internal/modules/cjs/loader.js","function":"Module._compile","line":1085,"method":"_compile","native":false},{"column":24,"file":"D:\\Book_Store_App\\Book-Store\\node_modules\\pirates\\lib\\index.js","function":"Module._compile","line":136,"method":"_compile","native":false},{"column":10,"file":"internal/modules/cjs/loader.js","function":"Module._extensions..js","line":1114,"method":".js","native":false}]}
error: uncaughtException: D:\Book_Store_App\Book-Store\src\swagger\swagger.json: Unexpected end of JSON input
SyntaxError: D:\Book_Store_App\Book-Store\src\swagger\swagger.json: Unexpected end of JSON input
    at parse (<anonymous>)
    at Object.Module._extensions..json (internal/modules/cjs/loader.js:1128:22)
    at Module.load (internal/modules/cjs/loader.js:950:32)
    at Function.Module._load (internal/modules/cjs/loader.js:790:14)
    at Module.require (internal/modules/cjs/loader.js:974:19)
    at require (internal/modules/cjs/helpers.js:92:18)
    at Object.<anonymous> (D:\Book_Store_App\Book-Store\src\/index.js:20:1)
    at Module._compile (internal/modules/cjs/loader.js:1085:14)
    at Module._compile (D:\Book_Store_App\Book-Store\node_modules\pirates\lib\index.js:136:24)
    at Module._extensions..js (internal/modules/cjs/loader.js:1114:10) {"date":"Wed Jan 26 2022 00:07:25 GMT+0530 (India Standard Time)","error":{},"exception":true,"os":{"loadavg":[0,0,0],"uptime":740392},"process":{"argv":["node","D:\\Book_Store_App\\Book-Store\\src\\index.js"],"cwd":"D:\\Book_Store_App\\Book-Store","execPath":"C:\\Program Files\\nodejs\\node.exe","gid":null,"memoryUsage":{"arrayBuffers":18685016,"external":20930928,"heapTotal":79761408,"heapUsed":49807256,"rss":112984064},"pid":1328,"uid":null,"version":"v14.17.3"},"stack":"SyntaxError: D:\\Book_Store_App\\Book-Store\\src\\swagger\\swagger.json: Unexpected end of JSON input\n    at parse (<anonymous>)\n    at Object.Module._extensions..json (internal/modules/cjs/loader.js:1128:22)\n    at Module.load (internal/modules/cjs/loader.js:950:32)\n    at Function.Module._load (internal/modules/cjs/loader.js:790:14)\n    at Module.require (internal/modules/cjs/loader.js:974:19)\n    at require (internal/modules/cjs/helpers.js:92:18)\n    at Object.<anonymous> (D:\\Book_Store_App\\Book-Store\\src\\/index.js:20:1)\n    at Module._compile (internal/modules/cjs/loader.js:1085:14)\n    at Module._compile (D:\\Book_Store_App\\Book-Store\\node_modules\\pirates\\lib\\index.js:136:24)\n    at Module._extensions..js (internal/modules/cjs/loader.js:1114:10)","timestamp":"2022-01-25T18:37:25.745Z","trace":[{"column":null,"file":null,"function":"parse","line":null,"method":null,"native":false},{"column":22,"file":"internal/modules/cjs/loader.js","function":"Module._extensions..json","line":1128,"method":".json","native":false},{"column":32,"file":"internal/modules/cjs/loader.js","function":"Module.load","line":950,"method":"load","native":false},{"column":14,"file":"internal/modules/cjs/loader.js","function":"Module._load","line":790,"method":"_load","native":false},{"column":19,"file":"internal/modules/cjs/loader.js","function":"Module.require","line":974,"method":"require","native":false},{"column":18,"file":"internal/modules/cjs/helpers.js","function":"require","line":92,"method":null,"native":false},{"column":1,"file":"D:\\Book_Store_App\\Book-Store\\src\\/index.js","function":null,"line":20,"method":null,"native":false},{"column":14,"file":"internal/modules/cjs/loader.js","function":"Module._compile","line":1085,"method":"_compile","native":false},{"column":24,"file":"D:\\Book_Store_App\\Book-Store\\node_modules\\pirates\\lib\\index.js","function":"Module._compile","line":136,"method":"_compile","native":false},{"column":10,"file":"internal/modules/cjs/loader.js","function":"Module._extensions..js","line":1114,"method":".js","native":false}]}
error: uncaughtException: D:\Book_Store_App\Book-Store\src\swagger\swagger.json: Unexpected token  in JSON at position 553
SyntaxError: D:\Book_Store_App\Book-Store\src\swagger\swagger.json: Unexpected token  in JSON at position 553
    at parse (<anonymous>)
    at Object.Module._extensions..json (internal/modules/cjs/loader.js:1128:22)
    at Module.load (internal/modules/cjs/loader.js:950:32)
    at Function.Module._load (internal/modules/cjs/loader.js:790:14)
    at Module.require (internal/modules/cjs/loader.js:974:19)
    at require (internal/modules/cjs/helpers.js:92:18)
    at Object.<anonymous> (D:\Book_Store_App\Book-Store\src\/index.js:20:1)
    at Module._compile (internal/modules/cjs/loader.js:1085:14)
    at Module._compile (D:\Book_Store_App\Book-Store\node_modules\pirates\lib\index.js:136:24)
    at Module._extensions..js (internal/modules/cjs/loader.js:1114:10) {"date":"Wed Jan 26 2022 00:11:15 GMT+0530 (India Standard Time)","error":{},"exception":true,"os":{"loadavg":[0,0,0],"uptime":740621},"process":{"argv":["node","D:\\Book_Store_App\\Book-Store\\src\\index.js"],"cwd":"D:\\Book_Store_App\\Book-Store","execPath":"C:\\Program Files\\nodejs\\node.exe","gid":null,"memoryUsage":{"arrayBuffers":18493409,"external":20739321,"heapTotal":80285696,"heapUsed":49576960,"rss":112934912},"pid":25304,"uid":null,"version":"v14.17.3"},"stack":"SyntaxError: D:\\Book_Store_App\\Book-Store\\src\\swagger\\swagger.json: Unexpected token \r in JSON at position 553\n    at parse (<anonymous>)\n    at Object.Module._extensions..json (internal/modules/cjs/loader.js:1128:22)\n    at Module.load (internal/modules/cjs/loader.js:950:32)\n    at Function.Module._load (internal/modules/cjs/loader.js:790:14)\n    at Module.require (internal/modules/cjs/loader.js:974:19)\n    at require (internal/modules/cjs/helpers.js:92:18)\n    at Object.<anonymous> (D:\\Book_Store_App\\Book-Store\\src\\/index.js:20:1)\n    at Module._compile (internal/modules/cjs/loader.js:1085:14)\n    at Module._compile (D:\\Book_Store_App\\Book-Store\\node_modules\\pirates\\lib\\index.js:136:24)\n    at Module._extensions..js (internal/modules/cjs/loader.js:1114:10)","timestamp":"2022-01-25T18:41:15.136Z","trace":[{"column":null,"file":null,"function":"parse","line":null,"method":null,"native":false},{"column":22,"file":"internal/modules/cjs/loader.js","function":"Module._extensions..json","line":1128,"method":".json","native":false},{"column":32,"file":"internal/modules/cjs/loader.js","function":"Module.load","line":950,"method":"load","native":false},{"column":14,"file":"internal/modules/cjs/loader.js","function":"Module._load","line":790,"method":"_load","native":false},{"column":19,"file":"internal/modules/cjs/loader.js","function":"Module.require","line":974,"method":"require","native":false},{"column":18,"file":"internal/modules/cjs/helpers.js","function":"require","line":92,"method":null,"native":false},{"column":1,"file":"D:\\Book_Store_App\\Book-Store\\src\\/index.js","function":null,"line":20,"method":null,"native":false},{"column":14,"file":"internal/modules/cjs/loader.js","function":"Module._compile","line":1085,"method":"_compile","native":false},{"column":24,"file":"D:\\Book_Store_App\\Book-Store\\node_modules\\pirates\\lib\\index.js","function":"Module._compile","line":136,"method":"_compile","native":false},{"column":10,"file":"internal/modules/cjs/loader.js","function":"Module._extensions..js","line":1114,"method":".js","native":false}]}
error: uncaughtException: D:\Book_Store_App\Book-Store\src\swagger\swagger.json: Unexpected token } in JSON at position 374
SyntaxError: D:\Book_Store_App\Book-Store\src\swagger\swagger.json: Unexpected token } in JSON at position 374
    at parse (<anonymous>)
    at Object.Module._extensions..json (internal/modules/cjs/loader.js:1128:22)
    at Module.load (internal/modules/cjs/loader.js:950:32)
    at Function.Module._load (internal/modules/cjs/loader.js:790:14)
    at Module.require (internal/modules/cjs/loader.js:974:19)
    at require (internal/modules/cjs/helpers.js:92:18)
    at Object.<anonymous> (D:\Book_Store_App\Book-Store\src\/index.js:20:1)
    at Module._compile (internal/modules/cjs/loader.js:1085:14)
    at Module._compile (D:\Book_Store_App\Book-Store\node_modules\pirates\lib\index.js:136:24)
    at Module._extensions..js (internal/modules/cjs/loader.js:1114:10) {"date":"Wed Jan 26 2022 00:11:46 GMT+0530 (India Standard Time)","error":{},"exception":true,"os":{"loadavg":[0,0,0],"uptime":740653},"process":{"argv":["node","D:\\Book_Store_App\\Book-Store\\src\\index.js"],"cwd":"D:\\Book_Store_App\\Book-Store","execPath":"C:\\Program Files\\nodejs\\node.exe","gid":null,"memoryUsage":{"arrayBuffers":18731722,"external":20977634,"heapTotal":79761408,"heapUsed":49941112,"rss":113209344},"pid":21844,"uid":null,"version":"v14.17.3"},"stack":"SyntaxError: D:\\Book_Store_App\\Book-Store\\src\\swagger\\swagger.json: Unexpected token } in JSON at position 374\n    at parse (<anonymous>)\n    at Object.Module._extensions..json (internal/modules/cjs/loader.js:1128:22)\n    at Module.load (internal/modules/cjs/loader.js:950:32)\n    at Function.Module._load (internal/modules/cjs/loader.js:790:14)\n    at Module.require (internal/modules/cjs/loader.js:974:19)\n    at require (internal/modules/cjs/helpers.js:92:18)\n    at Object.<anonymous> (D:\\Book_Store_App\\Book-Store\\src\\/index.js:20:1)\n    at Module._compile (internal/modules/cjs/loader.js:1085:14)\n    at Module._compile (D:\\Book_Store_App\\Book-Store\\node_modules\\pirates\\lib\\index.js:136:24)\n    at Module._extensions..js (internal/modules/cjs/loader.js:1114:10)","timestamp":"2022-01-25T18:41:46.586Z","trace":[{"column":null,"file":null,"function":"parse","line":null,"method":null,"native":false},{"column":22,"file":"internal/modules/cjs/loader.js","function":"Module._extensions..json","line":1128,"method":".json","native":false},{"column":32,"file":"internal/modules/cjs/loader.js","function":"Module.load","line":950,"method":"load","native":false},{"column":14,"file":"internal/modules/cjs/loader.js","function":"Module._load","line":790,"method":"_load","native":false},{"column":19,"file":"internal/modules/cjs/loader.js","function":"Module.require","line":974,"method":"require","native":false},{"column":18,"file":"internal/modules/cjs/helpers.js","function":"require","line":92,"method":null,"native":false},{"column":1,"file":"D:\\Book_Store_App\\Book-Store\\src\\/index.js","function":null,"line":20,"method":null,"native":false},{"column":14,"file":"internal/modules/cjs/loader.js","function":"Module._compile","line":1085,"method":"_compile","native":false},{"column":24,"file":"D:\\Book_Store_App\\Book-Store\\node_modules\\pirates\\lib\\index.js","function":"Module._compile","line":136,"method":"_compile","native":false},{"column":10,"file":"internal/modules/cjs/loader.js","function":"Module._extensions..js","line":1114,"method":".js","native":false}]}
error: uncaughtException: D:\Book_Store_App\Book-Store\src\swagger\swagger.json: Unexpected token } in JSON at position 348
SyntaxError: D:\Book_Store_App\Book-Store\src\swagger\swagger.json: Unexpected token } in JSON at position 348
    at parse (<anonymous>)
    at Object.Module._extensions..json (internal/modules/cjs/loader.js:1128:22)
    at Module.load (internal/modules/cjs/loader.js:950:32)
    at Function.Module._load (internal/modules/cjs/loader.js:790:14)
    at Module.require (internal/modules/cjs/loader.js:974:19)
    at require (internal/modules/cjs/helpers.js:92:18)
    at Object.<anonymous> (D:\Book_Store_App\Book-Store\src\/index.js:20:1)
    at Module._compile (internal/modules/cjs/loader.js:1085:14)
    at Module._compile (D:\Book_Store_App\Book-Store\node_modules\pirates\lib\index.js:136:24)
    at Module._extensions..js (internal/modules/cjs/loader.js:1114:10) {"date":"Wed Jan 26 2022 00:11:52 GMT+0530 (India Standard Time)","error":{},"exception":true,"os":{"loadavg":[0,0,0],"uptime":740658},"process":{"argv":["node","D:\\Book_Store_App\\Book-Store\\src\\index.js"],"cwd":"D:\\Book_Store_App\\Book-Store","execPath":"C:\\Program Files\\nodejs\\node.exe","gid":null,"memoryUsage":{"arrayBuffers":18660513,"external":20906425,"heapTotal":80023552,"heapUsed":50654064,"rss":112861184},"pid":23488,"uid":null,"version":"v14.17.3"},"stack":"SyntaxError: D:\\Book_Store_App\\Book-Store\\src\\swagger\\swagger.json: Unexpected token } in JSON at position 348\n    at parse (<anonymous>)\n    at Object.Module._extensions..json (internal/modules/cjs/loader.js:1128:22)\n    at Module.load (internal/modules/cjs/loader.js:950:32)\n    at Function.Module._load (internal/modules/cjs/loader.js:790:14)\n    at Module.require (internal/modules/cjs/loader.js:974:19)\n    at require (internal/modules/cjs/helpers.js:92:18)\n    at Object.<anonymous> (D:\\Book_Store_App\\Book-Store\\src\\/index.js:20:1)\n    at Module._compile (internal/modules/cjs/loader.js:1085:14)\n    at Module._compile (D:\\Book_Store_App\\Book-Store\\node_modules\\pirates\\lib\\index.js:136:24)\n    at Module._extensions..js (internal/modules/cjs/loader.js:1114:10)","timestamp":"2022-01-25T18:41:52.052Z","trace":[{"column":null,"file":null,"function":"parse","line":null,"method":null,"native":false},{"column":22,"file":"internal/modules/cjs/loader.js","function":"Module._extensions..json","line":1128,"method":".json","native":false},{"column":32,"file":"internal/modules/cjs/loader.js","function":"Module.load","line":950,"method":"load","native":false},{"column":14,"file":"internal/modules/cjs/loader.js","function":"Module._load","line":790,"method":"_load","native":false},{"column":19,"file":"internal/modules/cjs/loader.js","function":"Module.require","line":974,"method":"require","native":false},{"column":18,"file":"internal/modules/cjs/helpers.js","function":"require","line":92,"method":null,"native":false},{"column":1,"file":"D:\\Book_Store_App\\Book-Store\\src\\/index.js","function":null,"line":20,"method":null,"native":false},{"column":14,"file":"internal/modules/cjs/loader.js","function":"Module._compile","line":1085,"method":"_compile","native":false},{"column":24,"file":"D:\\Book_Store_App\\Book-Store\\node_modules\\pirates\\lib\\index.js","function":"Module._compile","line":136,"method":"_compile","native":false},{"column":10,"file":"internal/modules/cjs/loader.js","function":"Module._extensions..js","line":1114,"method":".js","native":false}]}
error: uncaughtException: D:\Book_Store_App\Book-Store\src\swagger\swagger.json: Unexpected token } in JSON at position 349
SyntaxError: D:\Book_Store_App\Book-Store\src\swagger\swagger.json: Unexpected token } in JSON at position 349
    at parse (<anonymous>)
    at Object.Module._extensions..json (internal/modules/cjs/loader.js:1128:22)
    at Module.load (internal/modules/cjs/loader.js:950:32)
    at Function.Module._load (internal/modules/cjs/loader.js:790:14)
    at Module.require (internal/modules/cjs/loader.js:974:19)
    at require (internal/modules/cjs/helpers.js:92:18)
    at Object.<anonymous> (D:\Book_Store_App\Book-Store\src\/index.js:20:1)
    at Module._compile (internal/modules/cjs/loader.js:1085:14)
    at Module._compile (D:\Book_Store_App\Book-Store\node_modules\pirates\lib\index.js:136:24)
    at Module._extensions..js (internal/modules/cjs/loader.js:1114:10) {"date":"Wed Jan 26 2022 00:12:08 GMT+0530 (India Standard Time)","error":{},"exception":true,"os":{"loadavg":[0,0,0],"uptime":740675},"process":{"argv":["node","D:\\Book_Store_App\\Book-Store\\src\\index.js"],"cwd":"D:\\Book_Store_App\\Book-Store","execPath":"C:\\Program Files\\nodejs\\node.exe","gid":null,"memoryUsage":{"arrayBuffers":18739914,"external":20985826,"heapTotal":80285696,"heapUsed":50147056,"rss":113553408},"pid":14140,"uid":null,"version":"v14.17.3"},"stack":"SyntaxError: D:\\Book_Store_App\\Book-Store\\src\\swagger\\swagger.json: Unexpected token } in JSON at position 349\n    at parse (<anonymous>)\n    at Object.Module._extensions..json (internal/modules/cjs/loader.js:1128:22)\n    at Module.load (internal/modules/cjs/loader.js:950:32)\n    at Function.Module._load (internal/modules/cjs/loader.js:790:14)\n    at Module.require (internal/modules/cjs/loader.js:974:19)\n    at require (internal/modules/cjs/helpers.js:92:18)\n    at Object.<anonymous> (D:\\Book_Store_App\\Book-Store\\src\\/index.js:20:1)\n    at Module._compile (internal/modules/cjs/loader.js:1085:14)\n    at Module._compile (D:\\Book_Store_App\\Book-Store\\node_modules\\pirates\\lib\\index.js:136:24)\n    at Module._extensions..js (internal/modules/cjs/loader.js:1114:10)","timestamp":"2022-01-25T18:42:08.961Z","trace":[{"column":null,"file":null,"function":"parse","line":null,"method":null,"native":false},{"column":22,"file":"internal/modules/cjs/loader.js","function":"Module._extensions..json","line":1128,"method":".json","native":false},{"column":32,"file":"internal/modules/cjs/loader.js","function":"Module.load","line":950,"method":"load","native":false},{"column":14,"file":"internal/modules/cjs/loader.js","function":"Module._load","line":790,"method":"_load","native":false},{"column":19,"file":"internal/modules/cjs/loader.js","function":"Module.require","line":974,"method":"require","native":false},{"column":18,"file":"internal/modules/cjs/helpers.js","function":"require","line":92,"method":null,"native":false},{"column":1,"file":"D:\\Book_Store_App\\Book-Store\\src\\/index.js","function":null,"line":20,"method":null,"native":false},{"column":14,"file":"internal/modules/cjs/loader.js","function":"Module._compile","line":1085,"method":"_compile","native":false},{"column":24,"file":"D:\\Book_Store_App\\Book-Store\\node_modules\\pirates\\lib\\index.js","function":"Module._compile","line":136,"method":"_compile","native":false},{"column":10,"file":"internal/modules/cjs/loader.js","function":"Module._extensions..js","line":1114,"method":".js","native":false}]}
